[0.650s] Invoking command in '/home/samuelcruz/Laboratorio_Robotica/lab_1/ros2_ws/src/my_turtle_controller': CONDA_PROMPT_MODIFIER=(base) PYTHONPATH=/home/samuelcruz/Laboratorio_Robotica/lab_1/ros2_ws/build/my_turtle_controller/prefix_override:/usr/lib/python3/dist-packages/colcon_core/task/python/colcon_distutils_commands:/home/samuelcruz/Laboratorio_Robotica/lab_1/ros2_ws/install/my_turtle_controller/lib/python3.10/site-packages:${PYTHONPATH} /usr/bin/python3 -W ignore:setup.py install is deprecated -W ignore:easy_install command is deprecated setup.py egg_info --egg-base ../../build/my_turtle_controller build --build-base /home/samuelcruz/Laboratorio_Robotica/lab_1/ros2_ws/build/my_turtle_controller/build install --record /home/samuelcruz/Laboratorio_Robotica/lab_1/ros2_ws/build/my_turtle_controller/install.log --single-version-externally-managed install_data
[0.960s] running egg_info
[0.962s] writing ../../build/my_turtle_controller/my_turtle_controller.egg-info/PKG-INFO
[0.966s] writing dependency_links to ../../build/my_turtle_controller/my_turtle_controller.egg-info/dependency_links.txt
[0.968s] writing entry points to ../../build/my_turtle_controller/my_turtle_controller.egg-info/entry_points.txt
[0.969s] writing requirements to ../../build/my_turtle_controller/my_turtle_controller.egg-info/requires.txt
[0.971s] writing top-level names to ../../build/my_turtle_controller/my_turtle_controller.egg-info/top_level.txt
[0.976s] reading manifest file '../../build/my_turtle_controller/my_turtle_controller.egg-info/SOURCES.txt'
[0.978s] writing manifest file '../../build/my_turtle_controller/my_turtle_controller.egg-info/SOURCES.txt'
[0.979s] running build
[0.981s] running build_py
[0.983s] copying my_turtle_controller/move_turtle.py -> /home/samuelcruz/Laboratorio_Robotica/lab_1/ros2_ws/build/my_turtle_controller/build/lib/my_turtle_controller
[0.984s] running install
[0.985s] running install_lib
[0.985s] copying /home/samuelcruz/Laboratorio_Robotica/lab_1/ros2_ws/build/my_turtle_controller/build/lib/my_turtle_controller/move_turtle.py -> /home/samuelcruz/Laboratorio_Robotica/lab_1/ros2_ws/install/my_turtle_controller/lib/python3.10/site-packages/my_turtle_controller
[0.986s] byte-compiling /home/samuelcruz/Laboratorio_Robotica/lab_1/ros2_ws/install/my_turtle_controller/lib/python3.10/site-packages/my_turtle_controller/move_turtle.py to move_turtle.cpython-310.pyc
[0.991s] running install_data
[0.991s] running install_egg_info
[0.997s] removing '/home/samuelcruz/Laboratorio_Robotica/lab_1/ros2_ws/install/my_turtle_controller/lib/python3.10/site-packages/my_turtle_controller-0.0.0-py3.10.egg-info' (and everything under it)
[0.997s] Copying ../../build/my_turtle_controller/my_turtle_controller.egg-info to /home/samuelcruz/Laboratorio_Robotica/lab_1/ros2_ws/install/my_turtle_controller/lib/python3.10/site-packages/my_turtle_controller-0.0.0-py3.10.egg-info
[0.997s] running install_scripts
[1.033s] Installing move_turtle script to /home/samuelcruz/Laboratorio_Robotica/lab_1/ros2_ws/install/my_turtle_controller/lib/my_turtle_controller
[1.035s] writing list of installed files to '/home/samuelcruz/Laboratorio_Robotica/lab_1/ros2_ws/build/my_turtle_controller/install.log'
[1.068s] Invoked command in '/home/samuelcruz/Laboratorio_Robotica/lab_1/ros2_ws/src/my_turtle_controller' returned '0': CONDA_PROMPT_MODIFIER=(base) PYTHONPATH=/home/samuelcruz/Laboratorio_Robotica/lab_1/ros2_ws/build/my_turtle_controller/prefix_override:/usr/lib/python3/dist-packages/colcon_core/task/python/colcon_distutils_commands:/home/samuelcruz/Laboratorio_Robotica/lab_1/ros2_ws/install/my_turtle_controller/lib/python3.10/site-packages:${PYTHONPATH} /usr/bin/python3 -W ignore:setup.py install is deprecated -W ignore:easy_install command is deprecated setup.py egg_info --egg-base ../../build/my_turtle_controller build --build-base /home/samuelcruz/Laboratorio_Robotica/lab_1/ros2_ws/build/my_turtle_controller/build install --record /home/samuelcruz/Laboratorio_Robotica/lab_1/ros2_ws/build/my_turtle_controller/install.log --single-version-externally-managed install_data
