[1.984s] Invoking command in '/home/samuelcruz/Laboratorio_Robotica/ros2_ws/turtlebot3_ws/src/turtlebot3/turtlebot3_example': AMENT_PREFIX_PATH=/home/samuelcruz/Laboratorio_Robotica/ros2_ws/turtlebot3_ws/install/turtlebot3_msgs:${AMENT_PREFIX_PATH} CMAKE_PREFIX_PATH=/home/samuelcruz/Laboratorio_Robotica/ros2_ws/turtlebot3_ws/install/turtlebot3_msgs LD_LIBRARY_PATH=/home/samuelcruz/Laboratorio_Robotica/ros2_ws/turtlebot3_ws/install/turtlebot3_msgs/lib:${LD_LIBRARY_PATH} PYTHONPATH=/home/samuelcruz/Laboratorio_Robotica/ros2_ws/turtlebot3_ws/build/turtlebot3_example/prefix_override:/usr/lib/python3/dist-packages/colcon_core/task/python/colcon_distutils_commands:/home/samuelcruz/Laboratorio_Robotica/ros2_ws/turtlebot3_ws/install/turtlebot3_example/lib/python3.10/site-packages:/home/samuelcruz/Laboratorio_Robotica/ros2_ws/turtlebot3_ws/install/turtlebot3_msgs/local/lib/python3.10/dist-packages:${PYTHONPATH} /usr/bin/python3 -W ignore:setup.py install is deprecated -W ignore:easy_install command is deprecated setup.py egg_info --egg-base ../../../build/turtlebot3_example build --build-base /home/samuelcruz/Laboratorio_Robotica/ros2_ws/turtlebot3_ws/build/turtlebot3_example/build install --record /home/samuelcruz/Laboratorio_Robotica/ros2_ws/turtlebot3_ws/build/turtlebot3_example/install.log --single-version-externally-managed install_data
[2.326s] running egg_info
[2.354s] creating ../../../build/turtlebot3_example/turtlebot3_example.egg-info
[2.355s] writing ../../../build/turtlebot3_example/turtlebot3_example.egg-info/PKG-INFO
[2.355s] writing dependency_links to ../../../build/turtlebot3_example/turtlebot3_example.egg-info/dependency_links.txt
[2.355s] writing entry points to ../../../build/turtlebot3_example/turtlebot3_example.egg-info/entry_points.txt
[2.355s] writing requirements to ../../../build/turtlebot3_example/turtlebot3_example.egg-info/requires.txt
[2.355s] writing top-level names to ../../../build/turtlebot3_example/turtlebot3_example.egg-info/top_level.txt
[2.356s] writing manifest file '../../../build/turtlebot3_example/turtlebot3_example.egg-info/SOURCES.txt'
[2.356s] reading manifest file '../../../build/turtlebot3_example/turtlebot3_example.egg-info/SOURCES.txt'
[2.356s] writing manifest file '../../../build/turtlebot3_example/turtlebot3_example.egg-info/SOURCES.txt'
[2.356s] running build
[2.356s] running build_py
[2.356s] creating /home/samuelcruz/Laboratorio_Robotica/ros2_ws/turtlebot3_ws/build/turtlebot3_example/build
[2.356s] creating /home/samuelcruz/Laboratorio_Robotica/ros2_ws/turtlebot3_ws/build/turtlebot3_example/build/lib
[2.357s] creating /home/samuelcruz/Laboratorio_Robotica/ros2_ws/turtlebot3_ws/build/turtlebot3_example/build/lib/turtlebot3_example
[2.357s] copying turtlebot3_example/__init__.py -> /home/samuelcruz/Laboratorio_Robotica/ros2_ws/turtlebot3_ws/build/turtlebot3_example/build/lib/turtlebot3_example
[2.357s] creating /home/samuelcruz/Laboratorio_Robotica/ros2_ws/turtlebot3_ws/build/turtlebot3_example/build/lib/turtlebot3_example/turtlebot3_interactive_marker
[2.357s] copying turtlebot3_example/turtlebot3_interactive_marker/turtlebot3_interactive_marker.py -> /home/samuelcruz/Laboratorio_Robotica/ros2_ws/turtlebot3_ws/build/turtlebot3_example/build/lib/turtlebot3_example/turtlebot3_interactive_marker
[2.357s] copying turtlebot3_example/turtlebot3_interactive_marker/__init__.py -> /home/samuelcruz/Laboratorio_Robotica/ros2_ws/turtlebot3_ws/build/turtlebot3_example/build/lib/turtlebot3_example/turtlebot3_interactive_marker
[2.357s] creating /home/samuelcruz/Laboratorio_Robotica/ros2_ws/turtlebot3_ws/build/turtlebot3_example/build/lib/turtlebot3_example/turtlebot3_relative_move
[2.358s] copying turtlebot3_example/turtlebot3_relative_move/__init__.py -> /home/samuelcruz/Laboratorio_Robotica/ros2_ws/turtlebot3_ws/build/turtlebot3_example/build/lib/turtlebot3_example/turtlebot3_relative_move
[2.358s] copying turtlebot3_example/turtlebot3_relative_move/turtlebot3_relative_move.py -> /home/samuelcruz/Laboratorio_Robotica/ros2_ws/turtlebot3_ws/build/turtlebot3_example/build/lib/turtlebot3_example/turtlebot3_relative_move
[2.358s] creating /home/samuelcruz/Laboratorio_Robotica/ros2_ws/turtlebot3_ws/build/turtlebot3_example/build/lib/turtlebot3_example/turtlebot3_obstacle_detection
[2.358s] copying turtlebot3_example/turtlebot3_obstacle_detection/turtlebot3_obstacle_detection.py -> /home/samuelcruz/Laboratorio_Robotica/ros2_ws/turtlebot3_ws/build/turtlebot3_example/build/lib/turtlebot3_example/turtlebot3_obstacle_detection
[2.358s] copying turtlebot3_example/turtlebot3_obstacle_detection/__init__.py -> /home/samuelcruz/Laboratorio_Robotica/ros2_ws/turtlebot3_ws/build/turtlebot3_example/build/lib/turtlebot3_example/turtlebot3_obstacle_detection
[2.358s] creating /home/samuelcruz/Laboratorio_Robotica/ros2_ws/turtlebot3_ws/build/turtlebot3_example/build/lib/turtlebot3_example/turtlebot3_absolute_move
[2.359s] copying turtlebot3_example/turtlebot3_absolute_move/turtlebot3_absolute_move.py -> /home/samuelcruz/Laboratorio_Robotica/ros2_ws/turtlebot3_ws/build/turtlebot3_example/build/lib/turtlebot3_example/turtlebot3_absolute_move
[2.359s] copying turtlebot3_example/turtlebot3_absolute_move/__init__.py -> /home/samuelcruz/Laboratorio_Robotica/ros2_ws/turtlebot3_ws/build/turtlebot3_example/build/lib/turtlebot3_example/turtlebot3_absolute_move
[2.359s] creating /home/samuelcruz/Laboratorio_Robotica/ros2_ws/turtlebot3_ws/build/turtlebot3_example/build/lib/turtlebot3_example/turtlebot3_patrol
[2.359s] copying turtlebot3_example/turtlebot3_patrol/turtlebot3_patrol_client.py -> /home/samuelcruz/Laboratorio_Robotica/ros2_ws/turtlebot3_ws/build/turtlebot3_example/build/lib/turtlebot3_example/turtlebot3_patrol
[2.383s] copying turtlebot3_example/turtlebot3_patrol/turtlebot3_patrol_server.py -> /home/samuelcruz/Laboratorio_Robotica/ros2_ws/turtlebot3_ws/build/turtlebot3_example/build/lib/turtlebot3_example/turtlebot3_patrol
[2.386s] copying turtlebot3_example/turtlebot3_patrol/__init__.py -> /home/samuelcruz/Laboratorio_Robotica/ros2_ws/turtlebot3_ws/build/turtlebot3_example/build/lib/turtlebot3_example/turtlebot3_patrol
[2.386s] running install
[2.386s] running install_lib
[2.386s] creating /home/samuelcruz/Laboratorio_Robotica/ros2_ws/turtlebot3_ws/install/turtlebot3_example/lib/python3.10/site-packages/turtlebot3_example
[2.388s] creating /home/samuelcruz/Laboratorio_Robotica/ros2_ws/turtlebot3_ws/install/turtlebot3_example/lib/python3.10/site-packages/turtlebot3_example/turtlebot3_interactive_marker
[2.395s] copying /home/samuelcruz/Laboratorio_Robotica/ros2_ws/turtlebot3_ws/build/turtlebot3_example/build/lib/turtlebot3_example/turtlebot3_interactive_marker/turtlebot3_interactive_marker.py -> /home/samuelcruz/Laboratorio_Robotica/ros2_ws/turtlebot3_ws/install/turtlebot3_example/lib/python3.10/site-packages/turtlebot3_example/turtlebot3_interactive_marker
[2.396s] copying /home/samuelcruz/Laboratorio_Robotica/ros2_ws/turtlebot3_ws/build/turtlebot3_example/build/lib/turtlebot3_example/turtlebot3_interactive_marker/__init__.py -> /home/samuelcruz/Laboratorio_Robotica/ros2_ws/turtlebot3_ws/install/turtlebot3_example/lib/python3.10/site-packages/turtlebot3_example/turtlebot3_interactive_marker
[2.396s] creating /home/samuelcruz/Laboratorio_Robotica/ros2_ws/turtlebot3_ws/install/turtlebot3_example/lib/python3.10/site-packages/turtlebot3_example/turtlebot3_relative_move
[2.396s] copying /home/samuelcruz/Laboratorio_Robotica/ros2_ws/turtlebot3_ws/build/turtlebot3_example/build/lib/turtlebot3_example/turtlebot3_relative_move/__init__.py -> /home/samuelcruz/Laboratorio_Robotica/ros2_ws/turtlebot3_ws/install/turtlebot3_example/lib/python3.10/site-packages/turtlebot3_example/turtlebot3_relative_move
[2.396s] copying /home/samuelcruz/Laboratorio_Robotica/ros2_ws/turtlebot3_ws/build/turtlebot3_example/build/lib/turtlebot3_example/turtlebot3_relative_move/turtlebot3_relative_move.py -> /home/samuelcruz/Laboratorio_Robotica/ros2_ws/turtlebot3_ws/install/turtlebot3_example/lib/python3.10/site-packages/turtlebot3_example/turtlebot3_relative_move
[2.428s] creating /home/samuelcruz/Laboratorio_Robotica/ros2_ws/turtlebot3_ws/install/turtlebot3_example/lib/python3.10/site-packages/turtlebot3_example/turtlebot3_obstacle_detection
[2.428s] copying /home/samuelcruz/Laboratorio_Robotica/ros2_ws/turtlebot3_ws/build/turtlebot3_example/build/lib/turtlebot3_example/turtlebot3_obstacle_detection/turtlebot3_obstacle_detection.py -> /home/samuelcruz/Laboratorio_Robotica/ros2_ws/turtlebot3_ws/install/turtlebot3_example/lib/python3.10/site-packages/turtlebot3_example/turtlebot3_obstacle_detection
[2.428s] copying /home/samuelcruz/Laboratorio_Robotica/ros2_ws/turtlebot3_ws/build/turtlebot3_example/build/lib/turtlebot3_example/turtlebot3_obstacle_detection/__init__.py -> /home/samuelcruz/Laboratorio_Robotica/ros2_ws/turtlebot3_ws/install/turtlebot3_example/lib/python3.10/site-packages/turtlebot3_example/turtlebot3_obstacle_detection
[2.428s] creating /home/samuelcruz/Laboratorio_Robotica/ros2_ws/turtlebot3_ws/install/turtlebot3_example/lib/python3.10/site-packages/turtlebot3_example/turtlebot3_absolute_move
[2.432s] copying /home/samuelcruz/Laboratorio_Robotica/ros2_ws/turtlebot3_ws/build/turtlebot3_example/build/lib/turtlebot3_example/turtlebot3_absolute_move/turtlebot3_absolute_move.py -> /home/samuelcruz/Laboratorio_Robotica/ros2_ws/turtlebot3_ws/install/turtlebot3_example/lib/python3.10/site-packages/turtlebot3_example/turtlebot3_absolute_move
[2.432s] copying /home/samuelcruz/Laboratorio_Robotica/ros2_ws/turtlebot3_ws/build/turtlebot3_example/build/lib/turtlebot3_example/turtlebot3_absolute_move/__init__.py -> /home/samuelcruz/Laboratorio_Robotica/ros2_ws/turtlebot3_ws/install/turtlebot3_example/lib/python3.10/site-packages/turtlebot3_example/turtlebot3_absolute_move
[2.432s] creating /home/samuelcruz/Laboratorio_Robotica/ros2_ws/turtlebot3_ws/install/turtlebot3_example/lib/python3.10/site-packages/turtlebot3_example/turtlebot3_patrol
[2.432s] copying /home/samuelcruz/Laboratorio_Robotica/ros2_ws/turtlebot3_ws/build/turtlebot3_example/build/lib/turtlebot3_example/turtlebot3_patrol/turtlebot3_patrol_client.py -> /home/samuelcruz/Laboratorio_Robotica/ros2_ws/turtlebot3_ws/install/turtlebot3_example/lib/python3.10/site-packages/turtlebot3_example/turtlebot3_patrol
[2.432s] copying /home/samuelcruz/Laboratorio_Robotica/ros2_ws/turtlebot3_ws/build/turtlebot3_example/build/lib/turtlebot3_example/turtlebot3_patrol/turtlebot3_patrol_server.py -> /home/samuelcruz/Laboratorio_Robotica/ros2_ws/turtlebot3_ws/install/turtlebot3_example/lib/python3.10/site-packages/turtlebot3_example/turtlebot3_patrol
[2.432s] copying /home/samuelcruz/Laboratorio_Robotica/ros2_ws/turtlebot3_ws/build/turtlebot3_example/build/lib/turtlebot3_example/turtlebot3_patrol/__init__.py -> /home/samuelcruz/Laboratorio_Robotica/ros2_ws/turtlebot3_ws/install/turtlebot3_example/lib/python3.10/site-packages/turtlebot3_example/turtlebot3_patrol
[2.432s] copying /home/samuelcruz/Laboratorio_Robotica/ros2_ws/turtlebot3_ws/build/turtlebot3_example/build/lib/turtlebot3_example/__init__.py -> /home/samuelcruz/Laboratorio_Robotica/ros2_ws/turtlebot3_ws/install/turtlebot3_example/lib/python3.10/site-packages/turtlebot3_example
[2.436s] byte-compiling /home/samuelcruz/Laboratorio_Robotica/ros2_ws/turtlebot3_ws/install/turtlebot3_example/lib/python3.10/site-packages/turtlebot3_example/turtlebot3_interactive_marker/turtlebot3_interactive_marker.py to turtlebot3_interactive_marker.cpython-310.pyc
[2.437s] byte-compiling /home/samuelcruz/Laboratorio_Robotica/ros2_ws/turtlebot3_ws/install/turtlebot3_example/lib/python3.10/site-packages/turtlebot3_example/turtlebot3_interactive_marker/__init__.py to __init__.cpython-310.pyc
[2.437s] byte-compiling /home/samuelcruz/Laboratorio_Robotica/ros2_ws/turtlebot3_ws/install/turtlebot3_example/lib/python3.10/site-packages/turtlebot3_example/turtlebot3_relative_move/__init__.py to __init__.cpython-310.pyc
[2.441s] byte-compiling /home/samuelcruz/Laboratorio_Robotica/ros2_ws/turtlebot3_ws/install/turtlebot3_example/lib/python3.10/site-packages/turtlebot3_example/turtlebot3_relative_move/turtlebot3_relative_move.py to turtlebot3_relative_move.cpython-310.pyc
[2.442s] byte-compiling /home/samuelcruz/Laboratorio_Robotica/ros2_ws/turtlebot3_ws/install/turtlebot3_example/lib/python3.10/site-packages/turtlebot3_example/turtlebot3_obstacle_detection/turtlebot3_obstacle_detection.py to turtlebot3_obstacle_detection.cpython-310.pyc
[2.462s] byte-compiling /home/samuelcruz/Laboratorio_Robotica/ros2_ws/turtlebot3_ws/install/turtlebot3_example/lib/python3.10/site-packages/turtlebot3_example/turtlebot3_obstacle_detection/__init__.py to __init__.cpython-310.pyc
[2.463s] byte-compiling /home/samuelcruz/Laboratorio_Robotica/ros2_ws/turtlebot3_ws/install/turtlebot3_example/lib/python3.10/site-packages/turtlebot3_example/turtlebot3_absolute_move/turtlebot3_absolute_move.py to turtlebot3_absolute_move.cpython-310.pyc
[2.463s] byte-compiling /home/samuelcruz/Laboratorio_Robotica/ros2_ws/turtlebot3_ws/install/turtlebot3_example/lib/python3.10/site-packages/turtlebot3_example/turtlebot3_absolute_move/__init__.py to __init__.cpython-310.pyc
[2.463s] byte-compiling /home/samuelcruz/Laboratorio_Robotica/ros2_ws/turtlebot3_ws/install/turtlebot3_example/lib/python3.10/site-packages/turtlebot3_example/turtlebot3_patrol/turtlebot3_patrol_client.py to turtlebot3_patrol_client.cpython-310.pyc
[2.463s] byte-compiling /home/samuelcruz/Laboratorio_Robotica/ros2_ws/turtlebot3_ws/install/turtlebot3_example/lib/python3.10/site-packages/turtlebot3_example/turtlebot3_patrol/turtlebot3_patrol_server.py to turtlebot3_patrol_server.cpython-310.pyc
[2.464s] byte-compiling /home/samuelcruz/Laboratorio_Robotica/ros2_ws/turtlebot3_ws/install/turtlebot3_example/lib/python3.10/site-packages/turtlebot3_example/turtlebot3_patrol/__init__.py to __init__.cpython-310.pyc
[2.465s] byte-compiling /home/samuelcruz/Laboratorio_Robotica/ros2_ws/turtlebot3_ws/install/turtlebot3_example/lib/python3.10/site-packages/turtlebot3_example/__init__.py to __init__.cpython-310.pyc
[2.466s] running install_data
[2.466s] creating /home/samuelcruz/Laboratorio_Robotica/ros2_ws/turtlebot3_ws/install/turtlebot3_example/share/ament_index
[2.466s] creating /home/samuelcruz/Laboratorio_Robotica/ros2_ws/turtlebot3_ws/install/turtlebot3_example/share/ament_index/resource_index
[2.466s] creating /home/samuelcruz/Laboratorio_Robotica/ros2_ws/turtlebot3_ws/install/turtlebot3_example/share/ament_index/resource_index/packages
[2.466s] copying resource/turtlebot3_example -> /home/samuelcruz/Laboratorio_Robotica/ros2_ws/turtlebot3_ws/install/turtlebot3_example/share/ament_index/resource_index/packages
[2.466s] copying package.xml -> /home/samuelcruz/Laboratorio_Robotica/ros2_ws/turtlebot3_ws/install/turtlebot3_example/share/turtlebot3_example
[2.467s] running install_egg_info
[2.469s] Copying ../../../build/turtlebot3_example/turtlebot3_example.egg-info to /home/samuelcruz/Laboratorio_Robotica/ros2_ws/turtlebot3_ws/install/turtlebot3_example/lib/python3.10/site-packages/turtlebot3_example-2.2.9-py3.10.egg-info
[2.470s] running install_scripts
[2.527s] Installing turtlebot3_absolute_move script to /home/samuelcruz/Laboratorio_Robotica/ros2_ws/turtlebot3_ws/install/turtlebot3_example/lib/turtlebot3_example
[2.527s] Installing turtlebot3_interactive_marker script to /home/samuelcruz/Laboratorio_Robotica/ros2_ws/turtlebot3_ws/install/turtlebot3_example/lib/turtlebot3_example
[2.527s] Installing turtlebot3_obstacle_detection script to /home/samuelcruz/Laboratorio_Robotica/ros2_ws/turtlebot3_ws/install/turtlebot3_example/lib/turtlebot3_example
[2.527s] Installing turtlebot3_patrol_client script to /home/samuelcruz/Laboratorio_Robotica/ros2_ws/turtlebot3_ws/install/turtlebot3_example/lib/turtlebot3_example
[2.527s] Installing turtlebot3_patrol_server script to /home/samuelcruz/Laboratorio_Robotica/ros2_ws/turtlebot3_ws/install/turtlebot3_example/lib/turtlebot3_example
[2.527s] Installing turtlebot3_relative_move script to /home/samuelcruz/Laboratorio_Robotica/ros2_ws/turtlebot3_ws/install/turtlebot3_example/lib/turtlebot3_example
[2.528s] writing list of installed files to '/home/samuelcruz/Laboratorio_Robotica/ros2_ws/turtlebot3_ws/build/turtlebot3_example/install.log'
[2.579s] Invoked command in '/home/samuelcruz/Laboratorio_Robotica/ros2_ws/turtlebot3_ws/src/turtlebot3/turtlebot3_example' returned '0': AMENT_PREFIX_PATH=/home/samuelcruz/Laboratorio_Robotica/ros2_ws/turtlebot3_ws/install/turtlebot3_msgs:${AMENT_PREFIX_PATH} CMAKE_PREFIX_PATH=/home/samuelcruz/Laboratorio_Robotica/ros2_ws/turtlebot3_ws/install/turtlebot3_msgs LD_LIBRARY_PATH=/home/samuelcruz/Laboratorio_Robotica/ros2_ws/turtlebot3_ws/install/turtlebot3_msgs/lib:${LD_LIBRARY_PATH} PYTHONPATH=/home/samuelcruz/Laboratorio_Robotica/ros2_ws/turtlebot3_ws/build/turtlebot3_example/prefix_override:/usr/lib/python3/dist-packages/colcon_core/task/python/colcon_distutils_commands:/home/samuelcruz/Laboratorio_Robotica/ros2_ws/turtlebot3_ws/install/turtlebot3_example/lib/python3.10/site-packages:/home/samuelcruz/Laboratorio_Robotica/ros2_ws/turtlebot3_ws/install/turtlebot3_msgs/local/lib/python3.10/dist-packages:${PYTHONPATH} /usr/bin/python3 -W ignore:setup.py install is deprecated -W ignore:easy_install command is deprecated setup.py egg_info --egg-base ../../../build/turtlebot3_example build --build-base /home/samuelcruz/Laboratorio_Robotica/ros2_ws/turtlebot3_ws/build/turtlebot3_example/build install --record /home/samuelcruz/Laboratorio_Robotica/ros2_ws/turtlebot3_ws/build/turtlebot3_example/install.log --single-version-externally-managed install_data
