[0.016s] Invoking command in '/home/samuelcruz/Laboratorio_Robotica/lab_1/ros2_ws/turtlebot3_ws/build/turtlebot3_node': AMENT_PREFIX_PATH=/home/samuelcruz/Laboratorio_Robotica/lab_1/ros2_ws/turtlebot3_ws/install/turtlebot3_msgs:/home/samuelcruz/Laboratorio_Robotica/lab_1/ros2_ws/turtlebot3_ws/install/dynamixel_sdk:${AMENT_PREFIX_PATH} CMAKE_PREFIX_PATH=/home/samuelcruz/Laboratorio_Robotica/lab_1/ros2_ws/turtlebot3_ws/install/turtlebot3_msgs:/home/samuelcruz/Laboratorio_Robotica/lab_1/ros2_ws/turtlebot3_ws/install/dynamixel_sdk:/opt/ros/humble LD_LIBRARY_PATH=/home/samuelcruz/Laboratorio_Robotica/lab_1/ros2_ws/turtlebot3_ws/install/turtlebot3_msgs/lib:/home/samuelcruz/Laboratorio_Robotica/lab_1/ros2_ws/turtlebot3_ws/install/dynamixel_sdk/lib:${LD_LIBRARY_PATH} PYTHONPATH=/home/samuelcruz/Laboratorio_Robotica/lab_1/ros2_ws/turtlebot3_ws/install/turtlebot3_msgs/local/lib/python3.10/dist-packages:/home/samuelcruz/Laboratorio_Robotica/lab_1/ros2_ws/turtlebot3_ws/install/dynamixel_sdk/local/lib/python3.10/dist-packages:${PYTHONPATH} /usr/bin/cmake /home/samuelcruz/Laboratorio_Robotica/lab_1/ros2_ws/turtlebot3_ws/src/turtlebot3/turtlebot3_node -DCMAKE_INSTALL_PREFIX=/home/samuelcruz/Laboratorio_Robotica/lab_1/ros2_ws/turtlebot3_ws/install/turtlebot3_node
[0.157s] -- The C compiler identification is GNU 11.4.0
[0.232s] -- The CXX compiler identification is GNU 11.4.0
[0.232s] -- Detecting C compiler ABI info
[0.366s] -- Detecting C compiler ABI info - done
[0.375s] -- Check for working C compiler: /usr/bin/cc - skipped
[0.376s] -- Detecting C compile features
[0.377s] -- Detecting C compile features - done
[0.381s] -- Detecting CXX compiler ABI info
[0.503s] -- Detecting CXX compiler ABI info - done
[0.511s] -- Check for working CXX compiler: /usr/bin/c++ - skipped
[0.511s] -- Detecting CXX compile features
[0.514s] -- Detecting CXX compile features - done
[0.518s] -- Found ament_cmake: 1.3.11 (/opt/ros/humble/share/ament_cmake/cmake)
[0.690s] -- Found Python3: /usr/bin/python3 (found version "3.10.12") found components: Interpreter 
[0.801s] -- Found dynamixel_sdk: 3.8.3 (/home/samuelcruz/Laboratorio_Robotica/lab_1/ros2_ws/turtlebot3_ws/install/dynamixel_sdk/share/dynamixel_sdk/cmake)
[0.805s] -- Found geometry_msgs: 4.8.0 (/opt/ros/humble/share/geometry_msgs/cmake)
[0.860s] -- Found rosidl_generator_c: 3.1.6 (/opt/ros/humble/share/rosidl_generator_c/cmake)
[0.864s] -- Found rosidl_adapter: 3.1.6 (/opt/ros/humble/share/rosidl_adapter/cmake)
[0.873s] -- Found rosidl_generator_cpp: 3.1.6 (/opt/ros/humble/share/rosidl_generator_cpp/cmake)
[0.886s] -- Using all available rosidl_typesupport_c: rosidl_typesupport_fastrtps_c;rosidl_typesupport_introspection_c
[0.906s] -- Using all available rosidl_typesupport_cpp: rosidl_typesupport_fastrtps_cpp;rosidl_typesupport_introspection_cpp
[0.949s] -- Found message_filters: 4.3.6 (/opt/ros/humble/share/message_filters/cmake)
[1.100s] -- Found rmw_implementation_cmake: 6.1.2 (/opt/ros/humble/share/rmw_implementation_cmake/cmake)
[1.109s] -- Found rmw_fastrtps_cpp: 6.2.7 (/opt/ros/humble/share/rmw_fastrtps_cpp/cmake)
[1.446s] -- Found OpenSSL: /usr/lib/x86_64-linux-gnu/libcrypto.so (found version "3.0.2")  
[1.498s] -- Found FastRTPS: /opt/ros/humble/include  
[1.595s] -- Using RMW implementation 'rmw_fastrtps_cpp' as default
[1.644s] -- Looking for pthread.h
[1.835s] -- Looking for pthread.h - found
[1.835s] -- Performing Test CMAKE_HAVE_LIBC_PTHREAD
[1.986s] -- Performing Test CMAKE_HAVE_LIBC_PTHREAD - Success
[1.987s] -- Found Threads: TRUE  
[2.088s] -- Found nav_msgs: 4.8.0 (/opt/ros/humble/share/nav_msgs/cmake)
[2.125s] -- Found sensor_msgs: 4.8.0 (/opt/ros/humble/share/sensor_msgs/cmake)
[2.164s] -- Found std_srvs: 4.8.0 (/opt/ros/humble/share/std_srvs/cmake)
[2.197s] -- Found tf2: 0.25.12 (/opt/ros/humble/share/tf2/cmake)
[2.256s] -- Found tf2_ros: 0.25.12 (/opt/ros/humble/share/tf2_ros/cmake)
[2.538s] -- Found turtlebot3_msgs: 2.3.0 (/home/samuelcruz/Laboratorio_Robotica/lab_1/ros2_ws/turtlebot3_ws/install/turtlebot3_msgs/share/turtlebot3_msgs/cmake)
[2.627s] -- Configuring done
[2.655s] -- Generating done
[2.666s] -- Build files have been written to: /home/samuelcruz/Laboratorio_Robotica/lab_1/ros2_ws/turtlebot3_ws/build/turtlebot3_node
[2.752s] Invoked command in '/home/samuelcruz/Laboratorio_Robotica/lab_1/ros2_ws/turtlebot3_ws/build/turtlebot3_node' returned '0': AMENT_PREFIX_PATH=/home/samuelcruz/Laboratorio_Robotica/lab_1/ros2_ws/turtlebot3_ws/install/turtlebot3_msgs:/home/samuelcruz/Laboratorio_Robotica/lab_1/ros2_ws/turtlebot3_ws/install/dynamixel_sdk:${AMENT_PREFIX_PATH} CMAKE_PREFIX_PATH=/home/samuelcruz/Laboratorio_Robotica/lab_1/ros2_ws/turtlebot3_ws/install/turtlebot3_msgs:/home/samuelcruz/Laboratorio_Robotica/lab_1/ros2_ws/turtlebot3_ws/install/dynamixel_sdk:/opt/ros/humble LD_LIBRARY_PATH=/home/samuelcruz/Laboratorio_Robotica/lab_1/ros2_ws/turtlebot3_ws/install/turtlebot3_msgs/lib:/home/samuelcruz/Laboratorio_Robotica/lab_1/ros2_ws/turtlebot3_ws/install/dynamixel_sdk/lib:${LD_LIBRARY_PATH} PYTHONPATH=/home/samuelcruz/Laboratorio_Robotica/lab_1/ros2_ws/turtlebot3_ws/install/turtlebot3_msgs/local/lib/python3.10/dist-packages:/home/samuelcruz/Laboratorio_Robotica/lab_1/ros2_ws/turtlebot3_ws/install/dynamixel_sdk/local/lib/python3.10/dist-packages:${PYTHONPATH} /usr/bin/cmake /home/samuelcruz/Laboratorio_Robotica/lab_1/ros2_ws/turtlebot3_ws/src/turtlebot3/turtlebot3_node -DCMAKE_INSTALL_PREFIX=/home/samuelcruz/Laboratorio_Robotica/lab_1/ros2_ws/turtlebot3_ws/install/turtlebot3_node
[2.752s] Invoking command in '/home/samuelcruz/Laboratorio_Robotica/lab_1/ros2_ws/turtlebot3_ws/build/turtlebot3_node': AMENT_PREFIX_PATH=/home/samuelcruz/Laboratorio_Robotica/lab_1/ros2_ws/turtlebot3_ws/install/turtlebot3_msgs:/home/samuelcruz/Laboratorio_Robotica/lab_1/ros2_ws/turtlebot3_ws/install/dynamixel_sdk:${AMENT_PREFIX_PATH} CMAKE_PREFIX_PATH=/home/samuelcruz/Laboratorio_Robotica/lab_1/ros2_ws/turtlebot3_ws/install/turtlebot3_msgs:/home/samuelcruz/Laboratorio_Robotica/lab_1/ros2_ws/turtlebot3_ws/install/dynamixel_sdk:/opt/ros/humble LD_LIBRARY_PATH=/home/samuelcruz/Laboratorio_Robotica/lab_1/ros2_ws/turtlebot3_ws/install/turtlebot3_msgs/lib:/home/samuelcruz/Laboratorio_Robotica/lab_1/ros2_ws/turtlebot3_ws/install/dynamixel_sdk/lib:${LD_LIBRARY_PATH} PYTHONPATH=/home/samuelcruz/Laboratorio_Robotica/lab_1/ros2_ws/turtlebot3_ws/install/turtlebot3_msgs/local/lib/python3.10/dist-packages:/home/samuelcruz/Laboratorio_Robotica/lab_1/ros2_ws/turtlebot3_ws/install/dynamixel_sdk/local/lib/python3.10/dist-packages:${PYTHONPATH} /usr/bin/cmake --build /home/samuelcruz/Laboratorio_Robotica/lab_1/ros2_ws/turtlebot3_ws/build/turtlebot3_node -- -j2 -l2
[2.850s] [  7%] [32mBuilding CXX object CMakeFiles/turtlebot3_node_lib.dir/src/devices/motor_power.cpp.o[0m
[6.086s] [ 14%] [32mBuilding CXX object CMakeFiles/turtlebot3_node_lib.dir/src/devices/sound.cpp.o[0m
[10.159s] [ 21%] [32mBuilding CXX object CMakeFiles/turtlebot3_node_lib.dir/src/devices/reset.cpp.o[0m
[13.052s] [ 28%] [32mBuilding CXX object CMakeFiles/turtlebot3_node_lib.dir/src/diff_drive_controller.cpp.o[0m
[18.990s] [ 35%] [32mBuilding CXX object CMakeFiles/turtlebot3_node_lib.dir/src/dynamixel_sdk_wrapper.cpp.o[0m
[19.754s] [ 42%] [32mBuilding CXX object CMakeFiles/turtlebot3_node_lib.dir/src/odometry.cpp.o[0m
[26.074s] [ 50%] [32mBuilding CXX object CMakeFiles/turtlebot3_node_lib.dir/src/turtlebot3.cpp.o[0m
[42.548s] [ 57%] [32mBuilding CXX object CMakeFiles/turtlebot3_node_lib.dir/src/sensors/battery_state.cpp.o[0m
[46.817s] [ 64%] [32mBuilding CXX object CMakeFiles/turtlebot3_node_lib.dir/src/sensors/imu.cpp.o[0m
[50.998s] [ 71%] [32mBuilding CXX object CMakeFiles/turtlebot3_node_lib.dir/src/sensors/joint_state.cpp.o[0m
[55.373s] [ 78%] [32mBuilding CXX object CMakeFiles/turtlebot3_node_lib.dir/src/sensors/sensor_state.cpp.o[0m
[59.323s] [ 85%] [32m[1mLinking CXX static library libturtlebot3_node_lib.a[0m
[60.245s] [ 85%] Built target turtlebot3_node_lib
[60.312s] [ 92%] [32mBuilding CXX object CMakeFiles/turtlebot3_ros.dir/src/node_main.cpp.o[0m
[64.150s] [100%] [32m[1mLinking CXX executable turtlebot3_ros[0m
[67.196s] [100%] Built target turtlebot3_ros
[67.285s] Invoked command in '/home/samuelcruz/Laboratorio_Robotica/lab_1/ros2_ws/turtlebot3_ws/build/turtlebot3_node' returned '0': AMENT_PREFIX_PATH=/home/samuelcruz/Laboratorio_Robotica/lab_1/ros2_ws/turtlebot3_ws/install/turtlebot3_msgs:/home/samuelcruz/Laboratorio_Robotica/lab_1/ros2_ws/turtlebot3_ws/install/dynamixel_sdk:${AMENT_PREFIX_PATH} CMAKE_PREFIX_PATH=/home/samuelcruz/Laboratorio_Robotica/lab_1/ros2_ws/turtlebot3_ws/install/turtlebot3_msgs:/home/samuelcruz/Laboratorio_Robotica/lab_1/ros2_ws/turtlebot3_ws/install/dynamixel_sdk:/opt/ros/humble LD_LIBRARY_PATH=/home/samuelcruz/Laboratorio_Robotica/lab_1/ros2_ws/turtlebot3_ws/install/turtlebot3_msgs/lib:/home/samuelcruz/Laboratorio_Robotica/lab_1/ros2_ws/turtlebot3_ws/install/dynamixel_sdk/lib:${LD_LIBRARY_PATH} PYTHONPATH=/home/samuelcruz/Laboratorio_Robotica/lab_1/ros2_ws/turtlebot3_ws/install/turtlebot3_msgs/local/lib/python3.10/dist-packages:/home/samuelcruz/Laboratorio_Robotica/lab_1/ros2_ws/turtlebot3_ws/install/dynamixel_sdk/local/lib/python3.10/dist-packages:${PYTHONPATH} /usr/bin/cmake --build /home/samuelcruz/Laboratorio_Robotica/lab_1/ros2_ws/turtlebot3_ws/build/turtlebot3_node -- -j2 -l2
[67.290s] Invoking command in '/home/samuelcruz/Laboratorio_Robotica/lab_1/ros2_ws/turtlebot3_ws/build/turtlebot3_node': AMENT_PREFIX_PATH=/home/samuelcruz/Laboratorio_Robotica/lab_1/ros2_ws/turtlebot3_ws/install/turtlebot3_msgs:/home/samuelcruz/Laboratorio_Robotica/lab_1/ros2_ws/turtlebot3_ws/install/dynamixel_sdk:${AMENT_PREFIX_PATH} CMAKE_PREFIX_PATH=/home/samuelcruz/Laboratorio_Robotica/lab_1/ros2_ws/turtlebot3_ws/install/turtlebot3_msgs:/home/samuelcruz/Laboratorio_Robotica/lab_1/ros2_ws/turtlebot3_ws/install/dynamixel_sdk:/opt/ros/humble LD_LIBRARY_PATH=/home/samuelcruz/Laboratorio_Robotica/lab_1/ros2_ws/turtlebot3_ws/install/turtlebot3_msgs/lib:/home/samuelcruz/Laboratorio_Robotica/lab_1/ros2_ws/turtlebot3_ws/install/dynamixel_sdk/lib:${LD_LIBRARY_PATH} PYTHONPATH=/home/samuelcruz/Laboratorio_Robotica/lab_1/ros2_ws/turtlebot3_ws/install/turtlebot3_msgs/local/lib/python3.10/dist-packages:/home/samuelcruz/Laboratorio_Robotica/lab_1/ros2_ws/turtlebot3_ws/install/dynamixel_sdk/local/lib/python3.10/dist-packages:${PYTHONPATH} /usr/bin/cmake --install /home/samuelcruz/Laboratorio_Robotica/lab_1/ros2_ws/turtlebot3_ws/build/turtlebot3_node
[67.298s] -- Install configuration: ""
[67.298s] -- Installing: /home/samuelcruz/Laboratorio_Robotica/lab_1/ros2_ws/turtlebot3_ws/install/turtlebot3_node/share/turtlebot3_node/param
[67.299s] -- Installing: /home/samuelcruz/Laboratorio_Robotica/lab_1/ros2_ws/turtlebot3_ws/install/turtlebot3_node/share/turtlebot3_node/param/waffle_pi.yaml
[67.300s] -- Installing: /home/samuelcruz/Laboratorio_Robotica/lab_1/ros2_ws/turtlebot3_ws/install/turtlebot3_node/share/turtlebot3_node/param/waffle.yaml
[67.301s] -- Installing: /home/samuelcruz/Laboratorio_Robotica/lab_1/ros2_ws/turtlebot3_ws/install/turtlebot3_node/share/turtlebot3_node/param/burger.yaml
[67.311s] -- Installing: /home/samuelcruz/Laboratorio_Robotica/lab_1/ros2_ws/turtlebot3_ws/install/turtlebot3_node/lib/turtlebot3_node/turtlebot3_ros
[67.325s] -- Set runtime path of "/home/samuelcruz/Laboratorio_Robotica/lab_1/ros2_ws/turtlebot3_ws/install/turtlebot3_node/lib/turtlebot3_node/turtlebot3_ros" to ""
[67.327s] -- Installing: /home/samuelcruz/Laboratorio_Robotica/lab_1/ros2_ws/turtlebot3_ws/install/turtlebot3_node/share/ament_index/resource_index/package_run_dependencies/turtlebot3_node
[67.329s] -- Installing: /home/samuelcruz/Laboratorio_Robotica/lab_1/ros2_ws/turtlebot3_ws/install/turtlebot3_node/share/ament_index/resource_index/parent_prefix_path/turtlebot3_node
[67.332s] -- Installing: /home/samuelcruz/Laboratorio_Robotica/lab_1/ros2_ws/turtlebot3_ws/install/turtlebot3_node/share/turtlebot3_node/environment/ament_prefix_path.sh
[67.338s] -- Installing: /home/samuelcruz/Laboratorio_Robotica/lab_1/ros2_ws/turtlebot3_ws/install/turtlebot3_node/share/turtlebot3_node/environment/ament_prefix_path.dsv
[67.339s] -- Installing: /home/samuelcruz/Laboratorio_Robotica/lab_1/ros2_ws/turtlebot3_ws/install/turtlebot3_node/share/turtlebot3_node/environment/path.sh
[67.339s] -- Installing: /home/samuelcruz/Laboratorio_Robotica/lab_1/ros2_ws/turtlebot3_ws/install/turtlebot3_node/share/turtlebot3_node/environment/path.dsv
[67.341s] -- Installing: /home/samuelcruz/Laboratorio_Robotica/lab_1/ros2_ws/turtlebot3_ws/install/turtlebot3_node/share/turtlebot3_node/local_setup.bash
[67.343s] -- Installing: /home/samuelcruz/Laboratorio_Robotica/lab_1/ros2_ws/turtlebot3_ws/install/turtlebot3_node/share/turtlebot3_node/local_setup.sh
[67.345s] -- Installing: /home/samuelcruz/Laboratorio_Robotica/lab_1/ros2_ws/turtlebot3_ws/install/turtlebot3_node/share/turtlebot3_node/local_setup.zsh
[67.345s] -- Installing: /home/samuelcruz/Laboratorio_Robotica/lab_1/ros2_ws/turtlebot3_ws/install/turtlebot3_node/share/turtlebot3_node/local_setup.dsv
[67.346s] -- Installing: /home/samuelcruz/Laboratorio_Robotica/lab_1/ros2_ws/turtlebot3_ws/install/turtlebot3_node/share/turtlebot3_node/package.dsv
[67.349s] -- Installing: /home/samuelcruz/Laboratorio_Robotica/lab_1/ros2_ws/turtlebot3_ws/install/turtlebot3_node/share/ament_index/resource_index/packages/turtlebot3_node
[67.350s] -- Installing: /home/samuelcruz/Laboratorio_Robotica/lab_1/ros2_ws/turtlebot3_ws/install/turtlebot3_node/share/turtlebot3_node/cmake/ament_cmake_export_include_directories-extras.cmake
[67.351s] -- Installing: /home/samuelcruz/Laboratorio_Robotica/lab_1/ros2_ws/turtlebot3_ws/install/turtlebot3_node/share/turtlebot3_node/cmake/turtlebot3_nodeConfig.cmake
[67.352s] -- Installing: /home/samuelcruz/Laboratorio_Robotica/lab_1/ros2_ws/turtlebot3_ws/install/turtlebot3_node/share/turtlebot3_node/cmake/turtlebot3_nodeConfig-version.cmake
[67.354s] -- Installing: /home/samuelcruz/Laboratorio_Robotica/lab_1/ros2_ws/turtlebot3_ws/install/turtlebot3_node/share/turtlebot3_node/package.xml
[67.356s] Invoked command in '/home/samuelcruz/Laboratorio_Robotica/lab_1/ros2_ws/turtlebot3_ws/build/turtlebot3_node' returned '0': AMENT_PREFIX_PATH=/home/samuelcruz/Laboratorio_Robotica/lab_1/ros2_ws/turtlebot3_ws/install/turtlebot3_msgs:/home/samuelcruz/Laboratorio_Robotica/lab_1/ros2_ws/turtlebot3_ws/install/dynamixel_sdk:${AMENT_PREFIX_PATH} CMAKE_PREFIX_PATH=/home/samuelcruz/Laboratorio_Robotica/lab_1/ros2_ws/turtlebot3_ws/install/turtlebot3_msgs:/home/samuelcruz/Laboratorio_Robotica/lab_1/ros2_ws/turtlebot3_ws/install/dynamixel_sdk:/opt/ros/humble LD_LIBRARY_PATH=/home/samuelcruz/Laboratorio_Robotica/lab_1/ros2_ws/turtlebot3_ws/install/turtlebot3_msgs/lib:/home/samuelcruz/Laboratorio_Robotica/lab_1/ros2_ws/turtlebot3_ws/install/dynamixel_sdk/lib:${LD_LIBRARY_PATH} PYTHONPATH=/home/samuelcruz/Laboratorio_Robotica/lab_1/ros2_ws/turtlebot3_ws/install/turtlebot3_msgs/local/lib/python3.10/dist-packages:/home/samuelcruz/Laboratorio_Robotica/lab_1/ros2_ws/turtlebot3_ws/install/dynamixel_sdk/local/lib/python3.10/dist-packages:${PYTHONPATH} /usr/bin/cmake --install /home/samuelcruz/Laboratorio_Robotica/lab_1/ros2_ws/turtlebot3_ws/build/turtlebot3_node
