[0.090s] Invoking command in '/home/samuelcruz/Laboratorio_Robotica/ros2_ws/turtlebot3_ws/build/turtlebot3_fake_node': CMAKE_PREFIX_PATH=/home/samuelcruz/Laboratorio_Robotica/ros2_ws/turtlebot3_ws/install/turtlebot3_msgs:/home/samuelcruz/Laboratorio_Robotica/ros2_ws/turtlebot3_ws/install/turtlebot3:/home/samuelcruz/Laboratorio_Robotica/ros2_ws/turtlebot3_ws/install/turtlebot3_bringup:/home/samuelcruz/Laboratorio_Robotica/ros2_ws/turtlebot3_ws/install/turtlebot3_node:/home/samuelcruz/Laboratorio_Robotica/ros2_ws/turtlebot3_ws/install/turtlebot3_navigation2:/home/samuelcruz/Laboratorio_Robotica/ros2_ws/turtlebot3_ws/install/turtlebot3_description:/home/samuelcruz/Laboratorio_Robotica/ros2_ws/turtlebot3_ws/install/turtlebot3_cartographer:/home/samuelcruz/Laboratorio_Robotica/ros2_ws/turtlebot3_ws/install/dynamixel_sdk_examples:/home/samuelcruz/Laboratorio_Robotica/ros2_ws/turtlebot3_ws/install/dynamixel_sdk_custom_interfaces:/home/samuelcruz/Laboratorio_Robotica/ros2_ws/turtlebot3_ws/install/dynamixel_sdk:/home/samuelcruz/Laboratorio_Robotica/ros2_ws/turtlebot3_ws/install/turtlebot3_teleop:/home/samuelcruz/Laboratorio_Robotica/ros2_ws/turtlebot3_ws/install/turtlebot3_example:/opt/ros/humble LD_LIBRARY_PATH=/home/samuelcruz/Laboratorio_Robotica/ros2_ws/turtlebot3_ws/install/turtlebot3_msgs/lib:/home/samuelcruz/Laboratorio_Robotica/ros2_ws/turtlebot3_ws/install/dynamixel_sdk_custom_interfaces/lib:/home/samuelcruz/Laboratorio_Robotica/ros2_ws/turtlebot3_ws/install/dynamixel_sdk/lib:/usr/lib/x86_64-linux-gnu/gazebo-11/plugins:/opt/ros/humble/opt/rviz_ogre_vendor/lib:/opt/ros/humble/lib/x86_64-linux-gnu:/opt/ros/humble/lib:/usr/lib/x86_64-linux-gnu/gazebo-11/plugins /usr/bin/cmake /home/samuelcruz/Laboratorio_Robotica/ros2_ws/turtlebot3_ws/src/turtlebot3_simulations/turtlebot3_fake_node -DCMAKE_INSTALL_PREFIX=/home/samuelcruz/Laboratorio_Robotica/ros2_ws/turtlebot3_ws/install/turtlebot3_fake_node
[0.237s] -- The C compiler identification is GNU 11.4.0
[0.417s] -- The CXX compiler identification is GNU 11.4.0
[0.428s] -- Detecting C compiler ABI info
[0.670s] -- Detecting C compiler ABI info - done
[0.675s] -- Check for working C compiler: /usr/bin/cc - skipped
[0.675s] -- Detecting C compile features
[0.676s] -- Detecting C compile features - done
[0.684s] -- Detecting CXX compiler ABI info
[0.866s] -- Detecting CXX compiler ABI info - done
[0.874s] -- Check for working CXX compiler: /usr/bin/c++ - skipped
[0.875s] -- Detecting CXX compile features
[0.876s] -- Detecting CXX compile features - done
[0.881s] -- Found ament_cmake: 1.3.11 (/opt/ros/humble/share/ament_cmake/cmake)
[1.195s] -- Found Python3: /usr/bin/python3 (found version "3.10.12") found components: Interpreter 
[1.468s] -- Found geometry_msgs: 4.8.0 (/opt/ros/humble/share/geometry_msgs/cmake)
[1.541s] -- Found rosidl_generator_c: 3.1.6 (/opt/ros/humble/share/rosidl_generator_c/cmake)
[1.562s] -- Found rosidl_adapter: 3.1.6 (/opt/ros/humble/share/rosidl_adapter/cmake)
[1.582s] -- Found rosidl_generator_cpp: 3.1.6 (/opt/ros/humble/share/rosidl_generator_cpp/cmake)
[1.599s] -- Using all available rosidl_typesupport_c: rosidl_typesupport_fastrtps_c;rosidl_typesupport_introspection_c
[1.644s] -- Using all available rosidl_typesupport_cpp: rosidl_typesupport_fastrtps_cpp;rosidl_typesupport_introspection_cpp
[1.721s] -- Found nav_msgs: 4.8.0 (/opt/ros/humble/share/nav_msgs/cmake)
[1.755s] -- Found rclcpp: 16.0.12 (/opt/ros/humble/share/rclcpp/cmake)
[1.812s] -- Found rmw_implementation_cmake: 6.1.2 (/opt/ros/humble/share/rmw_implementation_cmake/cmake)
[1.841s] -- Found rmw_fastrtps_cpp: 6.2.7 (/opt/ros/humble/share/rmw_fastrtps_cpp/cmake)
[2.078s] -- Found OpenSSL: /usr/lib/x86_64-linux-gnu/libcrypto.so (found version "3.0.2")  
[2.115s] -- Found FastRTPS: /opt/ros/humble/include  
[2.174s] -- Using RMW implementation 'rmw_fastrtps_cpp' as default
[2.183s] -- Looking for pthread.h
[2.354s] -- Looking for pthread.h - found
[2.354s] -- Performing Test CMAKE_HAVE_LIBC_PTHREAD
[2.530s] -- Performing Test CMAKE_HAVE_LIBC_PTHREAD - Success
[2.530s] -- Found Threads: TRUE  
[2.645s] -- Found sensor_msgs: 4.8.0 (/opt/ros/humble/share/sensor_msgs/cmake)
[2.719s] -- Found tf2: 0.25.12 (/opt/ros/humble/share/tf2/cmake)
[2.728s] -- Found tf2_msgs: 0.25.12 (/opt/ros/humble/share/tf2_msgs/cmake)
[2.882s] -- Found turtlebot3_msgs: 2.3.0 (/home/samuelcruz/Laboratorio_Robotica/ros2_ws/turtlebot3_ws/install/turtlebot3_msgs/share/turtlebot3_msgs/cmake)
[3.037s] -- Configuring done
[3.053s] -- Generating done
[3.065s] -- Build files have been written to: /home/samuelcruz/Laboratorio_Robotica/ros2_ws/turtlebot3_ws/build/turtlebot3_fake_node
[3.081s] Invoked command in '/home/samuelcruz/Laboratorio_Robotica/ros2_ws/turtlebot3_ws/build/turtlebot3_fake_node' returned '0': CMAKE_PREFIX_PATH=/home/samuelcruz/Laboratorio_Robotica/ros2_ws/turtlebot3_ws/install/turtlebot3_msgs:/home/samuelcruz/Laboratorio_Robotica/ros2_ws/turtlebot3_ws/install/turtlebot3:/home/samuelcruz/Laboratorio_Robotica/ros2_ws/turtlebot3_ws/install/turtlebot3_bringup:/home/samuelcruz/Laboratorio_Robotica/ros2_ws/turtlebot3_ws/install/turtlebot3_node:/home/samuelcruz/Laboratorio_Robotica/ros2_ws/turtlebot3_ws/install/turtlebot3_navigation2:/home/samuelcruz/Laboratorio_Robotica/ros2_ws/turtlebot3_ws/install/turtlebot3_description:/home/samuelcruz/Laboratorio_Robotica/ros2_ws/turtlebot3_ws/install/turtlebot3_cartographer:/home/samuelcruz/Laboratorio_Robotica/ros2_ws/turtlebot3_ws/install/dynamixel_sdk_examples:/home/samuelcruz/Laboratorio_Robotica/ros2_ws/turtlebot3_ws/install/dynamixel_sdk_custom_interfaces:/home/samuelcruz/Laboratorio_Robotica/ros2_ws/turtlebot3_ws/install/dynamixel_sdk:/home/samuelcruz/Laboratorio_Robotica/ros2_ws/turtlebot3_ws/install/turtlebot3_teleop:/home/samuelcruz/Laboratorio_Robotica/ros2_ws/turtlebot3_ws/install/turtlebot3_example:/opt/ros/humble LD_LIBRARY_PATH=/home/samuelcruz/Laboratorio_Robotica/ros2_ws/turtlebot3_ws/install/turtlebot3_msgs/lib:/home/samuelcruz/Laboratorio_Robotica/ros2_ws/turtlebot3_ws/install/dynamixel_sdk_custom_interfaces/lib:/home/samuelcruz/Laboratorio_Robotica/ros2_ws/turtlebot3_ws/install/dynamixel_sdk/lib:/usr/lib/x86_64-linux-gnu/gazebo-11/plugins:/opt/ros/humble/opt/rviz_ogre_vendor/lib:/opt/ros/humble/lib/x86_64-linux-gnu:/opt/ros/humble/lib:/usr/lib/x86_64-linux-gnu/gazebo-11/plugins /usr/bin/cmake /home/samuelcruz/Laboratorio_Robotica/ros2_ws/turtlebot3_ws/src/turtlebot3_simulations/turtlebot3_fake_node -DCMAKE_INSTALL_PREFIX=/home/samuelcruz/Laboratorio_Robotica/ros2_ws/turtlebot3_ws/install/turtlebot3_fake_node
[3.088s] Invoking command in '/home/samuelcruz/Laboratorio_Robotica/ros2_ws/turtlebot3_ws/build/turtlebot3_fake_node': CMAKE_PREFIX_PATH=/home/samuelcruz/Laboratorio_Robotica/ros2_ws/turtlebot3_ws/install/turtlebot3_msgs:/home/samuelcruz/Laboratorio_Robotica/ros2_ws/turtlebot3_ws/install/turtlebot3:/home/samuelcruz/Laboratorio_Robotica/ros2_ws/turtlebot3_ws/install/turtlebot3_bringup:/home/samuelcruz/Laboratorio_Robotica/ros2_ws/turtlebot3_ws/install/turtlebot3_node:/home/samuelcruz/Laboratorio_Robotica/ros2_ws/turtlebot3_ws/install/turtlebot3_navigation2:/home/samuelcruz/Laboratorio_Robotica/ros2_ws/turtlebot3_ws/install/turtlebot3_description:/home/samuelcruz/Laboratorio_Robotica/ros2_ws/turtlebot3_ws/install/turtlebot3_cartographer:/home/samuelcruz/Laboratorio_Robotica/ros2_ws/turtlebot3_ws/install/dynamixel_sdk_examples:/home/samuelcruz/Laboratorio_Robotica/ros2_ws/turtlebot3_ws/install/dynamixel_sdk_custom_interfaces:/home/samuelcruz/Laboratorio_Robotica/ros2_ws/turtlebot3_ws/install/dynamixel_sdk:/home/samuelcruz/Laboratorio_Robotica/ros2_ws/turtlebot3_ws/install/turtlebot3_teleop:/home/samuelcruz/Laboratorio_Robotica/ros2_ws/turtlebot3_ws/install/turtlebot3_example:/opt/ros/humble LD_LIBRARY_PATH=/home/samuelcruz/Laboratorio_Robotica/ros2_ws/turtlebot3_ws/install/turtlebot3_msgs/lib:/home/samuelcruz/Laboratorio_Robotica/ros2_ws/turtlebot3_ws/install/dynamixel_sdk_custom_interfaces/lib:/home/samuelcruz/Laboratorio_Robotica/ros2_ws/turtlebot3_ws/install/dynamixel_sdk/lib:/usr/lib/x86_64-linux-gnu/gazebo-11/plugins:/opt/ros/humble/opt/rviz_ogre_vendor/lib:/opt/ros/humble/lib/x86_64-linux-gnu:/opt/ros/humble/lib:/usr/lib/x86_64-linux-gnu/gazebo-11/plugins /usr/bin/cmake --build /home/samuelcruz/Laboratorio_Robotica/ros2_ws/turtlebot3_ws/build/turtlebot3_fake_node -- -j2 -l2
[3.368s] [ 50%] [32mBuilding CXX object CMakeFiles/turtlebot3_fake_node.dir/src/turtlebot3_fake_node.cpp.o[0m
[23.548s] [100%] [32m[1mLinking CXX executable turtlebot3_fake_node[0m
[25.298s] [100%] Built target turtlebot3_fake_node
[25.305s] Invoked command in '/home/samuelcruz/Laboratorio_Robotica/ros2_ws/turtlebot3_ws/build/turtlebot3_fake_node' returned '0': CMAKE_PREFIX_PATH=/home/samuelcruz/Laboratorio_Robotica/ros2_ws/turtlebot3_ws/install/turtlebot3_msgs:/home/samuelcruz/Laboratorio_Robotica/ros2_ws/turtlebot3_ws/install/turtlebot3:/home/samuelcruz/Laboratorio_Robotica/ros2_ws/turtlebot3_ws/install/turtlebot3_bringup:/home/samuelcruz/Laboratorio_Robotica/ros2_ws/turtlebot3_ws/install/turtlebot3_node:/home/samuelcruz/Laboratorio_Robotica/ros2_ws/turtlebot3_ws/install/turtlebot3_navigation2:/home/samuelcruz/Laboratorio_Robotica/ros2_ws/turtlebot3_ws/install/turtlebot3_description:/home/samuelcruz/Laboratorio_Robotica/ros2_ws/turtlebot3_ws/install/turtlebot3_cartographer:/home/samuelcruz/Laboratorio_Robotica/ros2_ws/turtlebot3_ws/install/dynamixel_sdk_examples:/home/samuelcruz/Laboratorio_Robotica/ros2_ws/turtlebot3_ws/install/dynamixel_sdk_custom_interfaces:/home/samuelcruz/Laboratorio_Robotica/ros2_ws/turtlebot3_ws/install/dynamixel_sdk:/home/samuelcruz/Laboratorio_Robotica/ros2_ws/turtlebot3_ws/install/turtlebot3_teleop:/home/samuelcruz/Laboratorio_Robotica/ros2_ws/turtlebot3_ws/install/turtlebot3_example:/opt/ros/humble LD_LIBRARY_PATH=/home/samuelcruz/Laboratorio_Robotica/ros2_ws/turtlebot3_ws/install/turtlebot3_msgs/lib:/home/samuelcruz/Laboratorio_Robotica/ros2_ws/turtlebot3_ws/install/dynamixel_sdk_custom_interfaces/lib:/home/samuelcruz/Laboratorio_Robotica/ros2_ws/turtlebot3_ws/install/dynamixel_sdk/lib:/usr/lib/x86_64-linux-gnu/gazebo-11/plugins:/opt/ros/humble/opt/rviz_ogre_vendor/lib:/opt/ros/humble/lib/x86_64-linux-gnu:/opt/ros/humble/lib:/usr/lib/x86_64-linux-gnu/gazebo-11/plugins /usr/bin/cmake --build /home/samuelcruz/Laboratorio_Robotica/ros2_ws/turtlebot3_ws/build/turtlebot3_fake_node -- -j2 -l2
[25.310s] Invoking command in '/home/samuelcruz/Laboratorio_Robotica/ros2_ws/turtlebot3_ws/build/turtlebot3_fake_node': CMAKE_PREFIX_PATH=/home/samuelcruz/Laboratorio_Robotica/ros2_ws/turtlebot3_ws/install/turtlebot3_msgs:/home/samuelcruz/Laboratorio_Robotica/ros2_ws/turtlebot3_ws/install/turtlebot3:/home/samuelcruz/Laboratorio_Robotica/ros2_ws/turtlebot3_ws/install/turtlebot3_bringup:/home/samuelcruz/Laboratorio_Robotica/ros2_ws/turtlebot3_ws/install/turtlebot3_node:/home/samuelcruz/Laboratorio_Robotica/ros2_ws/turtlebot3_ws/install/turtlebot3_navigation2:/home/samuelcruz/Laboratorio_Robotica/ros2_ws/turtlebot3_ws/install/turtlebot3_description:/home/samuelcruz/Laboratorio_Robotica/ros2_ws/turtlebot3_ws/install/turtlebot3_cartographer:/home/samuelcruz/Laboratorio_Robotica/ros2_ws/turtlebot3_ws/install/dynamixel_sdk_examples:/home/samuelcruz/Laboratorio_Robotica/ros2_ws/turtlebot3_ws/install/dynamixel_sdk_custom_interfaces:/home/samuelcruz/Laboratorio_Robotica/ros2_ws/turtlebot3_ws/install/dynamixel_sdk:/home/samuelcruz/Laboratorio_Robotica/ros2_ws/turtlebot3_ws/install/turtlebot3_teleop:/home/samuelcruz/Laboratorio_Robotica/ros2_ws/turtlebot3_ws/install/turtlebot3_example:/opt/ros/humble LD_LIBRARY_PATH=/home/samuelcruz/Laboratorio_Robotica/ros2_ws/turtlebot3_ws/install/turtlebot3_msgs/lib:/home/samuelcruz/Laboratorio_Robotica/ros2_ws/turtlebot3_ws/install/dynamixel_sdk_custom_interfaces/lib:/home/samuelcruz/Laboratorio_Robotica/ros2_ws/turtlebot3_ws/install/dynamixel_sdk/lib:/usr/lib/x86_64-linux-gnu/gazebo-11/plugins:/opt/ros/humble/opt/rviz_ogre_vendor/lib:/opt/ros/humble/lib/x86_64-linux-gnu:/opt/ros/humble/lib:/usr/lib/x86_64-linux-gnu/gazebo-11/plugins /usr/bin/cmake --install /home/samuelcruz/Laboratorio_Robotica/ros2_ws/turtlebot3_ws/build/turtlebot3_fake_node
[25.328s] -- Install configuration: ""
[25.330s] -- Installing: /home/samuelcruz/Laboratorio_Robotica/ros2_ws/turtlebot3_ws/install/turtlebot3_fake_node/lib/turtlebot3_fake_node/turtlebot3_fake_node
[25.335s] -- Set runtime path of "/home/samuelcruz/Laboratorio_Robotica/ros2_ws/turtlebot3_ws/install/turtlebot3_fake_node/lib/turtlebot3_fake_node/turtlebot3_fake_node" to ""
[25.336s] -- Installing: /home/samuelcruz/Laboratorio_Robotica/ros2_ws/turtlebot3_ws/install/turtlebot3_fake_node/share/turtlebot3_fake_node/launch
[25.337s] -- Installing: /home/samuelcruz/Laboratorio_Robotica/ros2_ws/turtlebot3_ws/install/turtlebot3_fake_node/share/turtlebot3_fake_node/launch/rviz2.launch.py
[25.339s] -- Installing: /home/samuelcruz/Laboratorio_Robotica/ros2_ws/turtlebot3_ws/install/turtlebot3_fake_node/share/turtlebot3_fake_node/launch/turtlebot3_fake_node.launch.py
[25.341s] -- Installing: /home/samuelcruz/Laboratorio_Robotica/ros2_ws/turtlebot3_ws/install/turtlebot3_fake_node/share/turtlebot3_fake_node/param
[25.341s] -- Installing: /home/samuelcruz/Laboratorio_Robotica/ros2_ws/turtlebot3_ws/install/turtlebot3_fake_node/share/turtlebot3_fake_node/param/waffle_pi.yaml
[25.342s] -- Installing: /home/samuelcruz/Laboratorio_Robotica/ros2_ws/turtlebot3_ws/install/turtlebot3_fake_node/share/turtlebot3_fake_node/param/waffle.yaml
[25.343s] -- Installing: /home/samuelcruz/Laboratorio_Robotica/ros2_ws/turtlebot3_ws/install/turtlebot3_fake_node/share/turtlebot3_fake_node/param/burger.yaml
[25.345s] -- Installing: /home/samuelcruz/Laboratorio_Robotica/ros2_ws/turtlebot3_ws/install/turtlebot3_fake_node/include/
[25.345s] -- Installing: /home/samuelcruz/Laboratorio_Robotica/ros2_ws/turtlebot3_ws/install/turtlebot3_fake_node/include//turtlebot3_fake_node
[25.345s] -- Installing: /home/samuelcruz/Laboratorio_Robotica/ros2_ws/turtlebot3_ws/install/turtlebot3_fake_node/include//turtlebot3_fake_node/turtlebot3_fake_node.hpp
[25.346s] -- Installing: /home/samuelcruz/Laboratorio_Robotica/ros2_ws/turtlebot3_ws/install/turtlebot3_fake_node/share/ament_index/resource_index/package_run_dependencies/turtlebot3_fake_node
[25.348s] -- Installing: /home/samuelcruz/Laboratorio_Robotica/ros2_ws/turtlebot3_ws/install/turtlebot3_fake_node/share/ament_index/resource_index/parent_prefix_path/turtlebot3_fake_node
[25.350s] -- Installing: /home/samuelcruz/Laboratorio_Robotica/ros2_ws/turtlebot3_ws/install/turtlebot3_fake_node/share/turtlebot3_fake_node/environment/ament_prefix_path.sh
[25.352s] -- Installing: /home/samuelcruz/Laboratorio_Robotica/ros2_ws/turtlebot3_ws/install/turtlebot3_fake_node/share/turtlebot3_fake_node/environment/ament_prefix_path.dsv
[25.353s] -- Installing: /home/samuelcruz/Laboratorio_Robotica/ros2_ws/turtlebot3_ws/install/turtlebot3_fake_node/share/turtlebot3_fake_node/environment/path.sh
[25.356s] -- Installing: /home/samuelcruz/Laboratorio_Robotica/ros2_ws/turtlebot3_ws/install/turtlebot3_fake_node/share/turtlebot3_fake_node/environment/path.dsv
[25.357s] -- Installing: /home/samuelcruz/Laboratorio_Robotica/ros2_ws/turtlebot3_ws/install/turtlebot3_fake_node/share/turtlebot3_fake_node/local_setup.bash
[25.358s] -- Installing: /home/samuelcruz/Laboratorio_Robotica/ros2_ws/turtlebot3_ws/install/turtlebot3_fake_node/share/turtlebot3_fake_node/local_setup.sh
[25.360s] -- Installing: /home/samuelcruz/Laboratorio_Robotica/ros2_ws/turtlebot3_ws/install/turtlebot3_fake_node/share/turtlebot3_fake_node/local_setup.zsh
[25.361s] -- Installing: /home/samuelcruz/Laboratorio_Robotica/ros2_ws/turtlebot3_ws/install/turtlebot3_fake_node/share/turtlebot3_fake_node/local_setup.dsv
[25.362s] -- Installing: /home/samuelcruz/Laboratorio_Robotica/ros2_ws/turtlebot3_ws/install/turtlebot3_fake_node/share/turtlebot3_fake_node/package.dsv
[25.364s] -- Installing: /home/samuelcruz/Laboratorio_Robotica/ros2_ws/turtlebot3_ws/install/turtlebot3_fake_node/share/ament_index/resource_index/packages/turtlebot3_fake_node
[25.364s] -- Installing: /home/samuelcruz/Laboratorio_Robotica/ros2_ws/turtlebot3_ws/install/turtlebot3_fake_node/share/turtlebot3_fake_node/cmake/ament_cmake_export_include_directories-extras.cmake
[25.366s] -- Installing: /home/samuelcruz/Laboratorio_Robotica/ros2_ws/turtlebot3_ws/install/turtlebot3_fake_node/share/turtlebot3_fake_node/cmake/ament_cmake_export_dependencies-extras.cmake
[25.367s] -- Installing: /home/samuelcruz/Laboratorio_Robotica/ros2_ws/turtlebot3_ws/install/turtlebot3_fake_node/share/turtlebot3_fake_node/cmake/turtlebot3_fake_nodeConfig.cmake
[25.368s] -- Installing: /home/samuelcruz/Laboratorio_Robotica/ros2_ws/turtlebot3_ws/install/turtlebot3_fake_node/share/turtlebot3_fake_node/cmake/turtlebot3_fake_nodeConfig-version.cmake
[25.370s] -- Installing: /home/samuelcruz/Laboratorio_Robotica/ros2_ws/turtlebot3_ws/install/turtlebot3_fake_node/share/turtlebot3_fake_node/package.xml
[25.375s] Invoked command in '/home/samuelcruz/Laboratorio_Robotica/ros2_ws/turtlebot3_ws/build/turtlebot3_fake_node' returned '0': CMAKE_PREFIX_PATH=/home/samuelcruz/Laboratorio_Robotica/ros2_ws/turtlebot3_ws/install/turtlebot3_msgs:/home/samuelcruz/Laboratorio_Robotica/ros2_ws/turtlebot3_ws/install/turtlebot3:/home/samuelcruz/Laboratorio_Robotica/ros2_ws/turtlebot3_ws/install/turtlebot3_bringup:/home/samuelcruz/Laboratorio_Robotica/ros2_ws/turtlebot3_ws/install/turtlebot3_node:/home/samuelcruz/Laboratorio_Robotica/ros2_ws/turtlebot3_ws/install/turtlebot3_navigation2:/home/samuelcruz/Laboratorio_Robotica/ros2_ws/turtlebot3_ws/install/turtlebot3_description:/home/samuelcruz/Laboratorio_Robotica/ros2_ws/turtlebot3_ws/install/turtlebot3_cartographer:/home/samuelcruz/Laboratorio_Robotica/ros2_ws/turtlebot3_ws/install/dynamixel_sdk_examples:/home/samuelcruz/Laboratorio_Robotica/ros2_ws/turtlebot3_ws/install/dynamixel_sdk_custom_interfaces:/home/samuelcruz/Laboratorio_Robotica/ros2_ws/turtlebot3_ws/install/dynamixel_sdk:/home/samuelcruz/Laboratorio_Robotica/ros2_ws/turtlebot3_ws/install/turtlebot3_teleop:/home/samuelcruz/Laboratorio_Robotica/ros2_ws/turtlebot3_ws/install/turtlebot3_example:/opt/ros/humble LD_LIBRARY_PATH=/home/samuelcruz/Laboratorio_Robotica/ros2_ws/turtlebot3_ws/install/turtlebot3_msgs/lib:/home/samuelcruz/Laboratorio_Robotica/ros2_ws/turtlebot3_ws/install/dynamixel_sdk_custom_interfaces/lib:/home/samuelcruz/Laboratorio_Robotica/ros2_ws/turtlebot3_ws/install/dynamixel_sdk/lib:/usr/lib/x86_64-linux-gnu/gazebo-11/plugins:/opt/ros/humble/opt/rviz_ogre_vendor/lib:/opt/ros/humble/lib/x86_64-linux-gnu:/opt/ros/humble/lib:/usr/lib/x86_64-linux-gnu/gazebo-11/plugins /usr/bin/cmake --install /home/samuelcruz/Laboratorio_Robotica/ros2_ws/turtlebot3_ws/build/turtlebot3_fake_node
