[0.015s] Invoking command in '/home/samuelcruz/Laboratorio_Robotica/lab_1/ros2_ws/turtlebot3_ws/build/turtlebot3_description': CMAKE_PREFIX_PATH=/opt/ros/humble /usr/bin/cmake /home/samuelcruz/Laboratorio_Robotica/lab_1/ros2_ws/turtlebot3_ws/src/turtlebot3/turtlebot3_description -DCMAKE_INSTALL_PREFIX=/home/samuelcruz/Laboratorio_Robotica/lab_1/ros2_ws/turtlebot3_ws/install/turtlebot3_description
[0.134s] -- The C compiler identification is GNU 11.4.0
[0.232s] -- The CXX compiler identification is GNU 11.4.0
[0.277s] -- Detecting C compiler ABI info
[0.536s] -- Detecting C compiler ABI info - done
[0.544s] -- Check for working C compiler: /usr/bin/cc - skipped
[0.544s] -- Detecting C compile features
[0.545s] -- Detecting C compile features - done
[0.550s] -- Detecting CXX compiler ABI info
[0.730s] -- Detecting CXX compiler ABI info - done
[0.738s] -- Check for working CXX compiler: /usr/bin/c++ - skipped
[0.738s] -- Detecting CXX compile features
[0.739s] -- Detecting CXX compile features - done
[0.744s] -- Found ament_cmake: 1.3.11 (/opt/ros/humble/share/ament_cmake/cmake)
[1.019s] -- Found Python3: /usr/bin/python3 (found version "3.10.12") found components: Interpreter 
[1.203s] -- Found urdf: 2.6.1 (/opt/ros/humble/share/urdf/cmake)
[1.542s] -- Configuring done
[1.545s] -- Generating done
[1.548s] -- Build files have been written to: /home/samuelcruz/Laboratorio_Robotica/lab_1/ros2_ws/turtlebot3_ws/build/turtlebot3_description
[1.556s] Invoked command in '/home/samuelcruz/Laboratorio_Robotica/lab_1/ros2_ws/turtlebot3_ws/build/turtlebot3_description' returned '0': CMAKE_PREFIX_PATH=/opt/ros/humble /usr/bin/cmake /home/samuelcruz/Laboratorio_Robotica/lab_1/ros2_ws/turtlebot3_ws/src/turtlebot3/turtlebot3_description -DCMAKE_INSTALL_PREFIX=/home/samuelcruz/Laboratorio_Robotica/lab_1/ros2_ws/turtlebot3_ws/install/turtlebot3_description
[1.564s] Invoking command in '/home/samuelcruz/Laboratorio_Robotica/lab_1/ros2_ws/turtlebot3_ws/build/turtlebot3_description': CMAKE_PREFIX_PATH=/opt/ros/humble /usr/bin/cmake --build /home/samuelcruz/Laboratorio_Robotica/lab_1/ros2_ws/turtlebot3_ws/build/turtlebot3_description -- -j2 -l2
[1.666s] Invoked command in '/home/samuelcruz/Laboratorio_Robotica/lab_1/ros2_ws/turtlebot3_ws/build/turtlebot3_description' returned '0': CMAKE_PREFIX_PATH=/opt/ros/humble /usr/bin/cmake --build /home/samuelcruz/Laboratorio_Robotica/lab_1/ros2_ws/turtlebot3_ws/build/turtlebot3_description -- -j2 -l2
[1.666s] Invoking command in '/home/samuelcruz/Laboratorio_Robotica/lab_1/ros2_ws/turtlebot3_ws/build/turtlebot3_description': CMAKE_PREFIX_PATH=/opt/ros/humble /usr/bin/cmake --install /home/samuelcruz/Laboratorio_Robotica/lab_1/ros2_ws/turtlebot3_ws/build/turtlebot3_description
[1.695s] -- Install configuration: ""
[1.695s] -- Installing: /home/samuelcruz/Laboratorio_Robotica/lab_1/ros2_ws/turtlebot3_ws/install/turtlebot3_description/share/turtlebot3_description/meshes
[1.695s] -- Installing: /home/samuelcruz/Laboratorio_Robotica/lab_1/ros2_ws/turtlebot3_ws/install/turtlebot3_description/share/turtlebot3_description/meshes/sensors
[1.695s] -- Installing: /home/samuelcruz/Laboratorio_Robotica/lab_1/ros2_ws/turtlebot3_ws/install/turtlebot3_description/share/turtlebot3_description/meshes/sensors/r200.dae
[1.695s] -- Installing: /home/samuelcruz/Laboratorio_Robotica/lab_1/ros2_ws/turtlebot3_ws/install/turtlebot3_description/share/turtlebot3_description/meshes/sensors/lds.stl
[1.695s] -- Installing: /home/samuelcruz/Laboratorio_Robotica/lab_1/ros2_ws/turtlebot3_ws/install/turtlebot3_description/share/turtlebot3_description/meshes/sensors/r200.jpg
[1.695s] -- Installing: /home/samuelcruz/Laboratorio_Robotica/lab_1/ros2_ws/turtlebot3_ws/install/turtlebot3_description/share/turtlebot3_description/meshes/sensors/astra.dae
[1.704s] -- Installing: /home/samuelcruz/Laboratorio_Robotica/lab_1/ros2_ws/turtlebot3_ws/install/turtlebot3_description/share/turtlebot3_description/meshes/sensors/astra.jpg
[1.728s] -- Installing: /home/samuelcruz/Laboratorio_Robotica/lab_1/ros2_ws/turtlebot3_ws/install/turtlebot3_description/share/turtlebot3_description/meshes/bases
[1.728s] -- Installing: /home/samuelcruz/Laboratorio_Robotica/lab_1/ros2_ws/turtlebot3_ws/install/turtlebot3_description/share/turtlebot3_description/meshes/bases/waffle_pi_base.stl
[1.746s] -- Installing: /home/samuelcruz/Laboratorio_Robotica/lab_1/ros2_ws/turtlebot3_ws/install/turtlebot3_description/share/turtlebot3_description/meshes/bases/waffle_base.stl
[1.811s] -- Installing: /home/samuelcruz/Laboratorio_Robotica/lab_1/ros2_ws/turtlebot3_ws/install/turtlebot3_description/share/turtlebot3_description/meshes/bases/burger_base.stl
[1.816s] -- Installing: /home/samuelcruz/Laboratorio_Robotica/lab_1/ros2_ws/turtlebot3_ws/install/turtlebot3_description/share/turtlebot3_description/meshes/wheels
[1.817s] -- Installing: /home/samuelcruz/Laboratorio_Robotica/lab_1/ros2_ws/turtlebot3_ws/install/turtlebot3_description/share/turtlebot3_description/meshes/wheels/left_tire.stl
[1.818s] -- Installing: /home/samuelcruz/Laboratorio_Robotica/lab_1/ros2_ws/turtlebot3_ws/install/turtlebot3_description/share/turtlebot3_description/meshes/wheels/right_tire.stl
[1.820s] -- Installing: /home/samuelcruz/Laboratorio_Robotica/lab_1/ros2_ws/turtlebot3_ws/install/turtlebot3_description/share/turtlebot3_description/rviz
[1.820s] -- Installing: /home/samuelcruz/Laboratorio_Robotica/lab_1/ros2_ws/turtlebot3_ws/install/turtlebot3_description/share/turtlebot3_description/rviz/model.rviz
[1.821s] -- Installing: /home/samuelcruz/Laboratorio_Robotica/lab_1/ros2_ws/turtlebot3_ws/install/turtlebot3_description/share/turtlebot3_description/urdf
[1.821s] -- Installing: /home/samuelcruz/Laboratorio_Robotica/lab_1/ros2_ws/turtlebot3_ws/install/turtlebot3_description/share/turtlebot3_description/urdf/turtlebot3_burger.urdf
[1.822s] -- Installing: /home/samuelcruz/Laboratorio_Robotica/lab_1/ros2_ws/turtlebot3_ws/install/turtlebot3_description/share/turtlebot3_description/urdf/common_properties.urdf
[1.822s] -- Installing: /home/samuelcruz/Laboratorio_Robotica/lab_1/ros2_ws/turtlebot3_ws/install/turtlebot3_description/share/turtlebot3_description/urdf/turtlebot3_waffle.urdf
[1.823s] -- Installing: /home/samuelcruz/Laboratorio_Robotica/lab_1/ros2_ws/turtlebot3_ws/install/turtlebot3_description/share/turtlebot3_description/urdf/turtlebot3_waffle_pi.urdf
[1.823s] -- Installing: /home/samuelcruz/Laboratorio_Robotica/lab_1/ros2_ws/turtlebot3_ws/install/turtlebot3_description/share/ament_index/resource_index/package_run_dependencies/turtlebot3_description
[1.834s] -- Installing: /home/samuelcruz/Laboratorio_Robotica/lab_1/ros2_ws/turtlebot3_ws/install/turtlebot3_description/share/ament_index/resource_index/parent_prefix_path/turtlebot3_description
[1.834s] -- Installing: /home/samuelcruz/Laboratorio_Robotica/lab_1/ros2_ws/turtlebot3_ws/install/turtlebot3_description/share/turtlebot3_description/environment/ament_prefix_path.sh
[1.834s] -- Installing: /home/samuelcruz/Laboratorio_Robotica/lab_1/ros2_ws/turtlebot3_ws/install/turtlebot3_description/share/turtlebot3_description/environment/ament_prefix_path.dsv
[1.834s] -- Installing: /home/samuelcruz/Laboratorio_Robotica/lab_1/ros2_ws/turtlebot3_ws/install/turtlebot3_description/share/turtlebot3_description/environment/path.sh
[1.834s] -- Installing: /home/samuelcruz/Laboratorio_Robotica/lab_1/ros2_ws/turtlebot3_ws/install/turtlebot3_description/share/turtlebot3_description/environment/path.dsv
[1.835s] -- Installing: /home/samuelcruz/Laboratorio_Robotica/lab_1/ros2_ws/turtlebot3_ws/install/turtlebot3_description/share/turtlebot3_description/local_setup.bash
[1.835s] -- Installing: /home/samuelcruz/Laboratorio_Robotica/lab_1/ros2_ws/turtlebot3_ws/install/turtlebot3_description/share/turtlebot3_description/local_setup.sh
[1.835s] -- Installing: /home/samuelcruz/Laboratorio_Robotica/lab_1/ros2_ws/turtlebot3_ws/install/turtlebot3_description/share/turtlebot3_description/local_setup.zsh
[1.835s] -- Installing: /home/samuelcruz/Laboratorio_Robotica/lab_1/ros2_ws/turtlebot3_ws/install/turtlebot3_description/share/turtlebot3_description/local_setup.dsv
[1.835s] -- Installing: /home/samuelcruz/Laboratorio_Robotica/lab_1/ros2_ws/turtlebot3_ws/install/turtlebot3_description/share/turtlebot3_description/package.dsv
[1.836s] -- Installing: /home/samuelcruz/Laboratorio_Robotica/lab_1/ros2_ws/turtlebot3_ws/install/turtlebot3_description/share/ament_index/resource_index/packages/turtlebot3_description
[1.836s] -- Installing: /home/samuelcruz/Laboratorio_Robotica/lab_1/ros2_ws/turtlebot3_ws/install/turtlebot3_description/share/turtlebot3_description/cmake/turtlebot3_descriptionConfig.cmake
[1.836s] -- Installing: /home/samuelcruz/Laboratorio_Robotica/lab_1/ros2_ws/turtlebot3_ws/install/turtlebot3_description/share/turtlebot3_description/cmake/turtlebot3_descriptionConfig-version.cmake
[1.836s] -- Installing: /home/samuelcruz/Laboratorio_Robotica/lab_1/ros2_ws/turtlebot3_ws/install/turtlebot3_description/share/turtlebot3_description/package.xml
[1.838s] Invoked command in '/home/samuelcruz/Laboratorio_Robotica/lab_1/ros2_ws/turtlebot3_ws/build/turtlebot3_description' returned '0': CMAKE_PREFIX_PATH=/opt/ros/humble /usr/bin/cmake --install /home/samuelcruz/Laboratorio_Robotica/lab_1/ros2_ws/turtlebot3_ws/build/turtlebot3_description
