[1.933s] Invoking command in '/home/samuelcruz/Laboratorio_Robotica/ros2_ws/turtlesim_ws/src/my_turtle_controller': PYTHONPATH=/home/samuelcruz/Laboratorio_Robotica/ros2_ws/turtlesim_ws/build/my_turtle_controller/prefix_override:/usr/lib/python3/dist-packages/colcon_core/task/python/colcon_distutils_commands:/home/samuelcruz/Laboratorio_Robotica/ros2_ws/turtlesim_ws/install/my_turtle_controller/lib/python3.10/site-packages:${PYTHONPATH} /usr/bin/python3 -W ignore:setup.py install is deprecated -W ignore:easy_install command is deprecated setup.py egg_info --egg-base ../../build/my_turtle_controller build --build-base /home/samuelcruz/Laboratorio_Robotica/ros2_ws/turtlesim_ws/build/my_turtle_controller/build install --record /home/samuelcruz/Laboratorio_Robotica/ros2_ws/turtlesim_ws/build/my_turtle_controller/install.log --single-version-externally-managed install_data
[2.269s] running egg_info
[2.269s] writing ../../build/my_turtle_controller/my_turtle_controller.egg-info/PKG-INFO
[2.271s] writing dependency_links to ../../build/my_turtle_controller/my_turtle_controller.egg-info/dependency_links.txt
[2.275s] writing entry points to ../../build/my_turtle_controller/my_turtle_controller.egg-info/entry_points.txt
[2.278s] writing requirements to ../../build/my_turtle_controller/my_turtle_controller.egg-info/requires.txt
[2.278s] writing top-level names to ../../build/my_turtle_controller/my_turtle_controller.egg-info/top_level.txt
[2.281s] reading manifest file '../../build/my_turtle_controller/my_turtle_controller.egg-info/SOURCES.txt'
[2.285s] writing manifest file '../../build/my_turtle_controller/my_turtle_controller.egg-info/SOURCES.txt'
[2.285s] running build
[2.286s] running build_py
[2.287s] copying my_turtle_controller/move_turtle.py -> /home/samuelcruz/Laboratorio_Robotica/ros2_ws/turtlesim_ws/build/my_turtle_controller/build/lib/my_turtle_controller
[2.287s] running install
[2.287s] running install_lib
[2.287s] copying /home/samuelcruz/Laboratorio_Robotica/ros2_ws/turtlesim_ws/build/my_turtle_controller/build/lib/my_turtle_controller/move_turtle.py -> /home/samuelcruz/Laboratorio_Robotica/ros2_ws/turtlesim_ws/install/my_turtle_controller/lib/python3.10/site-packages/my_turtle_controller
[2.287s] byte-compiling /home/samuelcruz/Laboratorio_Robotica/ros2_ws/turtlesim_ws/install/my_turtle_controller/lib/python3.10/site-packages/my_turtle_controller/move_turtle.py to move_turtle.cpython-310.pyc
[2.292s] running install_data
[2.293s] running install_egg_info
[2.305s] removing '/home/samuelcruz/Laboratorio_Robotica/ros2_ws/turtlesim_ws/install/my_turtle_controller/lib/python3.10/site-packages/my_turtle_controller-0.0.0-py3.10.egg-info' (and everything under it)
[2.402s] Copying ../../build/my_turtle_controller/my_turtle_controller.egg-info to /home/samuelcruz/Laboratorio_Robotica/ros2_ws/turtlesim_ws/install/my_turtle_controller/lib/python3.10/site-packages/my_turtle_controller-0.0.0-py3.10.egg-info
[2.402s] running install_scripts
[2.423s] Installing move_turtle script to /home/samuelcruz/Laboratorio_Robotica/ros2_ws/turtlesim_ws/install/my_turtle_controller/lib/my_turtle_controller
[2.423s] writing list of installed files to '/home/samuelcruz/Laboratorio_Robotica/ros2_ws/turtlesim_ws/build/my_turtle_controller/install.log'
[2.462s] Invoked command in '/home/samuelcruz/Laboratorio_Robotica/ros2_ws/turtlesim_ws/src/my_turtle_controller' returned '0': PYTHONPATH=/home/samuelcruz/Laboratorio_Robotica/ros2_ws/turtlesim_ws/build/my_turtle_controller/prefix_override:/usr/lib/python3/dist-packages/colcon_core/task/python/colcon_distutils_commands:/home/samuelcruz/Laboratorio_Robotica/ros2_ws/turtlesim_ws/install/my_turtle_controller/lib/python3.10/site-packages:${PYTHONPATH} /usr/bin/python3 -W ignore:setup.py install is deprecated -W ignore:easy_install command is deprecated setup.py egg_info --egg-base ../../build/my_turtle_controller build --build-base /home/samuelcruz/Laboratorio_Robotica/ros2_ws/turtlesim_ws/build/my_turtle_controller/build install --record /home/samuelcruz/Laboratorio_Robotica/ros2_ws/turtlesim_ws/build/my_turtle_controller/install.log --single-version-externally-managed install_data
