[2.521s] Invoking command in '/home/samuelcruz/Laboratorio_Robotica/ros2_ws/turtlesim_ws/src/my_turtle_controller': PYTHONPATH=/home/samuelcruz/Laboratorio_Robotica/ros2_ws/turtlesim_ws/build/my_turtle_controller/prefix_override:/usr/lib/python3/dist-packages/colcon_core/task/python/colcon_distutils_commands:/home/samuelcruz/Laboratorio_Robotica/ros2_ws/turtlesim_ws/install/my_turtle_controller/lib/python3.10/site-packages:${PYTHONPATH} /usr/bin/python3 -W ignore:setup.py install is deprecated -W ignore:easy_install command is deprecated setup.py egg_info --egg-base ../../build/my_turtle_controller build --build-base /home/samuelcruz/Laboratorio_Robotica/ros2_ws/turtlesim_ws/build/my_turtle_controller/build install --record /home/samuelcruz/Laboratorio_Robotica/ros2_ws/turtlesim_ws/build/my_turtle_controller/install.log --single-version-externally-managed install_data
[3.368s] running egg_info
[3.370s] writing ../../build/my_turtle_controller/my_turtle_controller.egg-info/PKG-INFO
[3.377s] writing dependency_links to ../../build/my_turtle_controller/my_turtle_controller.egg-info/dependency_links.txt
[3.377s] writing entry points to ../../build/my_turtle_controller/my_turtle_controller.egg-info/entry_points.txt
[3.377s] writing requirements to ../../build/my_turtle_controller/my_turtle_controller.egg-info/requires.txt
[3.377s] writing top-level names to ../../build/my_turtle_controller/my_turtle_controller.egg-info/top_level.txt
[3.385s] reading manifest file '../../build/my_turtle_controller/my_turtle_controller.egg-info/SOURCES.txt'
[3.396s] writing manifest file '../../build/my_turtle_controller/my_turtle_controller.egg-info/SOURCES.txt'
[3.422s] running build
[3.423s] running build_py
[3.423s] copying my_turtle_controller/move_turtle.py -> /home/samuelcruz/Laboratorio_Robotica/ros2_ws/turtlesim_ws/build/my_turtle_controller/build/lib/my_turtle_controller
[3.423s] running install
[3.423s] running install_lib
[3.424s] copying /home/samuelcruz/Laboratorio_Robotica/ros2_ws/turtlesim_ws/build/my_turtle_controller/build/lib/my_turtle_controller/move_turtle.py -> /home/samuelcruz/Laboratorio_Robotica/ros2_ws/turtlesim_ws/install/my_turtle_controller/lib/python3.10/site-packages/my_turtle_controller
[3.433s] byte-compiling /home/samuelcruz/Laboratorio_Robotica/ros2_ws/turtlesim_ws/install/my_turtle_controller/lib/python3.10/site-packages/my_turtle_controller/move_turtle.py to move_turtle.cpython-310.pyc
[3.450s] running install_data
[3.451s] running install_egg_info
[3.472s] removing '/home/samuelcruz/Laboratorio_Robotica/ros2_ws/turtlesim_ws/install/my_turtle_controller/lib/python3.10/site-packages/my_turtle_controller-0.0.0-py3.10.egg-info' (and everything under it)
[3.475s] Copying ../../build/my_turtle_controller/my_turtle_controller.egg-info to /home/samuelcruz/Laboratorio_Robotica/ros2_ws/turtlesim_ws/install/my_turtle_controller/lib/python3.10/site-packages/my_turtle_controller-0.0.0-py3.10.egg-info
[3.499s] running install_scripts
[3.650s] Installing move_turtle script to /home/samuelcruz/Laboratorio_Robotica/ros2_ws/turtlesim_ws/install/my_turtle_controller/lib/my_turtle_controller
[3.651s] writing list of installed files to '/home/samuelcruz/Laboratorio_Robotica/ros2_ws/turtlesim_ws/build/my_turtle_controller/install.log'
[3.906s] Invoked command in '/home/samuelcruz/Laboratorio_Robotica/ros2_ws/turtlesim_ws/src/my_turtle_controller' returned '0': PYTHONPATH=/home/samuelcruz/Laboratorio_Robotica/ros2_ws/turtlesim_ws/build/my_turtle_controller/prefix_override:/usr/lib/python3/dist-packages/colcon_core/task/python/colcon_distutils_commands:/home/samuelcruz/Laboratorio_Robotica/ros2_ws/turtlesim_ws/install/my_turtle_controller/lib/python3.10/site-packages:${PYTHONPATH} /usr/bin/python3 -W ignore:setup.py install is deprecated -W ignore:easy_install command is deprecated setup.py egg_info --egg-base ../../build/my_turtle_controller build --build-base /home/samuelcruz/Laboratorio_Robotica/ros2_ws/turtlesim_ws/build/my_turtle_controller/build install --record /home/samuelcruz/Laboratorio_Robotica/ros2_ws/turtlesim_ws/build/my_turtle_controller/install.log --single-version-externally-managed install_data
