[0.893s] Invoking command in '/home/samuelcruz/Laboratorio_Robotica/lab_1/ros2_ws/turtlebot3_ws/src/turtlebot3/turtlebot3_example': AMENT_PREFIX_PATH=/home/samuelcruz/Laboratorio_Robotica/lab_1/ros2_ws/turtlebot3_ws/install/turtlebot3_msgs:${AMENT_PREFIX_PATH} CMAKE_PREFIX_PATH=/home/samuelcruz/Laboratorio_Robotica/lab_1/ros2_ws/turtlebot3_ws/install/turtlebot3_msgs LD_LIBRARY_PATH=/home/samuelcruz/Laboratorio_Robotica/lab_1/ros2_ws/turtlebot3_ws/install/turtlebot3_msgs/lib:${LD_LIBRARY_PATH} PYTHONPATH=/home/samuelcruz/Laboratorio_Robotica/lab_1/ros2_ws/turtlebot3_ws/build/turtlebot3_example/prefix_override:/usr/lib/python3/dist-packages/colcon_core/task/python/colcon_distutils_commands:/home/samuelcruz/Laboratorio_Robotica/lab_1/ros2_ws/turtlebot3_ws/install/turtlebot3_example/lib/python3.10/site-packages:/home/samuelcruz/Laboratorio_Robotica/lab_1/ros2_ws/turtlebot3_ws/install/turtlebot3_msgs/local/lib/python3.10/dist-packages:${PYTHONPATH} /usr/bin/python3 -W ignore:setup.py install is deprecated -W ignore:easy_install command is deprecated setup.py egg_info --egg-base ../../../build/turtlebot3_example build --build-base /home/samuelcruz/Laboratorio_Robotica/lab_1/ros2_ws/turtlebot3_ws/build/turtlebot3_example/build install --record /home/samuelcruz/Laboratorio_Robotica/lab_1/ros2_ws/turtlebot3_ws/build/turtlebot3_example/install.log --single-version-externally-managed install_data
[1.155s] running egg_info
[1.156s] creating ../../../build/turtlebot3_example/turtlebot3_example.egg-info
[1.156s] writing ../../../build/turtlebot3_example/turtlebot3_example.egg-info/PKG-INFO
[1.157s] writing dependency_links to ../../../build/turtlebot3_example/turtlebot3_example.egg-info/dependency_links.txt
[1.162s] writing entry points to ../../../build/turtlebot3_example/turtlebot3_example.egg-info/entry_points.txt
[1.162s] writing requirements to ../../../build/turtlebot3_example/turtlebot3_example.egg-info/requires.txt
[1.162s] writing top-level names to ../../../build/turtlebot3_example/turtlebot3_example.egg-info/top_level.txt
[1.163s] writing manifest file '../../../build/turtlebot3_example/turtlebot3_example.egg-info/SOURCES.txt'
[1.168s] reading manifest file '../../../build/turtlebot3_example/turtlebot3_example.egg-info/SOURCES.txt'
[1.168s] writing manifest file '../../../build/turtlebot3_example/turtlebot3_example.egg-info/SOURCES.txt'
[1.168s] running build
[1.168s] running build_py
[1.169s] creating /home/samuelcruz/Laboratorio_Robotica/lab_1/ros2_ws/turtlebot3_ws/build/turtlebot3_example/build
[1.169s] creating /home/samuelcruz/Laboratorio_Robotica/lab_1/ros2_ws/turtlebot3_ws/build/turtlebot3_example/build/lib
[1.169s] creating /home/samuelcruz/Laboratorio_Robotica/lab_1/ros2_ws/turtlebot3_ws/build/turtlebot3_example/build/lib/turtlebot3_example
[1.169s] copying turtlebot3_example/__init__.py -> /home/samuelcruz/Laboratorio_Robotica/lab_1/ros2_ws/turtlebot3_ws/build/turtlebot3_example/build/lib/turtlebot3_example
[1.169s] creating /home/samuelcruz/Laboratorio_Robotica/lab_1/ros2_ws/turtlebot3_ws/build/turtlebot3_example/build/lib/turtlebot3_example/turtlebot3_interactive_marker
[1.169s] copying turtlebot3_example/turtlebot3_interactive_marker/turtlebot3_interactive_marker.py -> /home/samuelcruz/Laboratorio_Robotica/lab_1/ros2_ws/turtlebot3_ws/build/turtlebot3_example/build/lib/turtlebot3_example/turtlebot3_interactive_marker
[1.169s] copying turtlebot3_example/turtlebot3_interactive_marker/__init__.py -> /home/samuelcruz/Laboratorio_Robotica/lab_1/ros2_ws/turtlebot3_ws/build/turtlebot3_example/build/lib/turtlebot3_example/turtlebot3_interactive_marker
[1.169s] creating /home/samuelcruz/Laboratorio_Robotica/lab_1/ros2_ws/turtlebot3_ws/build/turtlebot3_example/build/lib/turtlebot3_example/turtlebot3_relative_move
[1.169s] copying turtlebot3_example/turtlebot3_relative_move/__init__.py -> /home/samuelcruz/Laboratorio_Robotica/lab_1/ros2_ws/turtlebot3_ws/build/turtlebot3_example/build/lib/turtlebot3_example/turtlebot3_relative_move
[1.170s] copying turtlebot3_example/turtlebot3_relative_move/turtlebot3_relative_move.py -> /home/samuelcruz/Laboratorio_Robotica/lab_1/ros2_ws/turtlebot3_ws/build/turtlebot3_example/build/lib/turtlebot3_example/turtlebot3_relative_move
[1.170s] creating /home/samuelcruz/Laboratorio_Robotica/lab_1/ros2_ws/turtlebot3_ws/build/turtlebot3_example/build/lib/turtlebot3_example/turtlebot3_obstacle_detection
[1.170s] copying turtlebot3_example/turtlebot3_obstacle_detection/turtlebot3_obstacle_detection.py -> /home/samuelcruz/Laboratorio_Robotica/lab_1/ros2_ws/turtlebot3_ws/build/turtlebot3_example/build/lib/turtlebot3_example/turtlebot3_obstacle_detection
[1.170s] copying turtlebot3_example/turtlebot3_obstacle_detection/__init__.py -> /home/samuelcruz/Laboratorio_Robotica/lab_1/ros2_ws/turtlebot3_ws/build/turtlebot3_example/build/lib/turtlebot3_example/turtlebot3_obstacle_detection
[1.170s] creating /home/samuelcruz/Laboratorio_Robotica/lab_1/ros2_ws/turtlebot3_ws/build/turtlebot3_example/build/lib/turtlebot3_example/turtlebot3_absolute_move
[1.170s] copying turtlebot3_example/turtlebot3_absolute_move/turtlebot3_absolute_move.py -> /home/samuelcruz/Laboratorio_Robotica/lab_1/ros2_ws/turtlebot3_ws/build/turtlebot3_example/build/lib/turtlebot3_example/turtlebot3_absolute_move
[1.170s] copying turtlebot3_example/turtlebot3_absolute_move/__init__.py -> /home/samuelcruz/Laboratorio_Robotica/lab_1/ros2_ws/turtlebot3_ws/build/turtlebot3_example/build/lib/turtlebot3_example/turtlebot3_absolute_move
[1.170s] creating /home/samuelcruz/Laboratorio_Robotica/lab_1/ros2_ws/turtlebot3_ws/build/turtlebot3_example/build/lib/turtlebot3_example/turtlebot3_patrol
[1.170s] copying turtlebot3_example/turtlebot3_patrol/turtlebot3_patrol_client.py -> /home/samuelcruz/Laboratorio_Robotica/lab_1/ros2_ws/turtlebot3_ws/build/turtlebot3_example/build/lib/turtlebot3_example/turtlebot3_patrol
[1.170s] copying turtlebot3_example/turtlebot3_patrol/turtlebot3_patrol_server.py -> /home/samuelcruz/Laboratorio_Robotica/lab_1/ros2_ws/turtlebot3_ws/build/turtlebot3_example/build/lib/turtlebot3_example/turtlebot3_patrol
[1.170s] copying turtlebot3_example/turtlebot3_patrol/__init__.py -> /home/samuelcruz/Laboratorio_Robotica/lab_1/ros2_ws/turtlebot3_ws/build/turtlebot3_example/build/lib/turtlebot3_example/turtlebot3_patrol
[1.170s] running install
[1.171s] running install_lib
[1.172s] creating /home/samuelcruz/Laboratorio_Robotica/lab_1/ros2_ws/turtlebot3_ws/install/turtlebot3_example/lib/python3.10/site-packages/turtlebot3_example
[1.172s] creating /home/samuelcruz/Laboratorio_Robotica/lab_1/ros2_ws/turtlebot3_ws/install/turtlebot3_example/lib/python3.10/site-packages/turtlebot3_example/turtlebot3_interactive_marker
[1.172s] copying /home/samuelcruz/Laboratorio_Robotica/lab_1/ros2_ws/turtlebot3_ws/build/turtlebot3_example/build/lib/turtlebot3_example/turtlebot3_interactive_marker/turtlebot3_interactive_marker.py -> /home/samuelcruz/Laboratorio_Robotica/lab_1/ros2_ws/turtlebot3_ws/install/turtlebot3_example/lib/python3.10/site-packages/turtlebot3_example/turtlebot3_interactive_marker
[1.173s] copying /home/samuelcruz/Laboratorio_Robotica/lab_1/ros2_ws/turtlebot3_ws/build/turtlebot3_example/build/lib/turtlebot3_example/turtlebot3_interactive_marker/__init__.py -> /home/samuelcruz/Laboratorio_Robotica/lab_1/ros2_ws/turtlebot3_ws/install/turtlebot3_example/lib/python3.10/site-packages/turtlebot3_example/turtlebot3_interactive_marker
[1.173s] creating /home/samuelcruz/Laboratorio_Robotica/lab_1/ros2_ws/turtlebot3_ws/install/turtlebot3_example/lib/python3.10/site-packages/turtlebot3_example/turtlebot3_relative_move
[1.174s] copying /home/samuelcruz/Laboratorio_Robotica/lab_1/ros2_ws/turtlebot3_ws/build/turtlebot3_example/build/lib/turtlebot3_example/turtlebot3_relative_move/__init__.py -> /home/samuelcruz/Laboratorio_Robotica/lab_1/ros2_ws/turtlebot3_ws/install/turtlebot3_example/lib/python3.10/site-packages/turtlebot3_example/turtlebot3_relative_move
[1.174s] copying /home/samuelcruz/Laboratorio_Robotica/lab_1/ros2_ws/turtlebot3_ws/build/turtlebot3_example/build/lib/turtlebot3_example/turtlebot3_relative_move/turtlebot3_relative_move.py -> /home/samuelcruz/Laboratorio_Robotica/lab_1/ros2_ws/turtlebot3_ws/install/turtlebot3_example/lib/python3.10/site-packages/turtlebot3_example/turtlebot3_relative_move
[1.174s] creating /home/samuelcruz/Laboratorio_Robotica/lab_1/ros2_ws/turtlebot3_ws/install/turtlebot3_example/lib/python3.10/site-packages/turtlebot3_example/turtlebot3_obstacle_detection
[1.174s] copying /home/samuelcruz/Laboratorio_Robotica/lab_1/ros2_ws/turtlebot3_ws/build/turtlebot3_example/build/lib/turtlebot3_example/turtlebot3_obstacle_detection/turtlebot3_obstacle_detection.py -> /home/samuelcruz/Laboratorio_Robotica/lab_1/ros2_ws/turtlebot3_ws/install/turtlebot3_example/lib/python3.10/site-packages/turtlebot3_example/turtlebot3_obstacle_detection
[1.174s] copying /home/samuelcruz/Laboratorio_Robotica/lab_1/ros2_ws/turtlebot3_ws/build/turtlebot3_example/build/lib/turtlebot3_example/turtlebot3_obstacle_detection/__init__.py -> /home/samuelcruz/Laboratorio_Robotica/lab_1/ros2_ws/turtlebot3_ws/install/turtlebot3_example/lib/python3.10/site-packages/turtlebot3_example/turtlebot3_obstacle_detection
[1.174s] creating /home/samuelcruz/Laboratorio_Robotica/lab_1/ros2_ws/turtlebot3_ws/install/turtlebot3_example/lib/python3.10/site-packages/turtlebot3_example/turtlebot3_absolute_move
[1.174s] copying /home/samuelcruz/Laboratorio_Robotica/lab_1/ros2_ws/turtlebot3_ws/build/turtlebot3_example/build/lib/turtlebot3_example/turtlebot3_absolute_move/turtlebot3_absolute_move.py -> /home/samuelcruz/Laboratorio_Robotica/lab_1/ros2_ws/turtlebot3_ws/install/turtlebot3_example/lib/python3.10/site-packages/turtlebot3_example/turtlebot3_absolute_move
[1.174s] copying /home/samuelcruz/Laboratorio_Robotica/lab_1/ros2_ws/turtlebot3_ws/build/turtlebot3_example/build/lib/turtlebot3_example/turtlebot3_absolute_move/__init__.py -> /home/samuelcruz/Laboratorio_Robotica/lab_1/ros2_ws/turtlebot3_ws/install/turtlebot3_example/lib/python3.10/site-packages/turtlebot3_example/turtlebot3_absolute_move
[1.174s] creating /home/samuelcruz/Laboratorio_Robotica/lab_1/ros2_ws/turtlebot3_ws/install/turtlebot3_example/lib/python3.10/site-packages/turtlebot3_example/turtlebot3_patrol
[1.174s] copying /home/samuelcruz/Laboratorio_Robotica/lab_1/ros2_ws/turtlebot3_ws/build/turtlebot3_example/build/lib/turtlebot3_example/turtlebot3_patrol/turtlebot3_patrol_client.py -> /home/samuelcruz/Laboratorio_Robotica/lab_1/ros2_ws/turtlebot3_ws/install/turtlebot3_example/lib/python3.10/site-packages/turtlebot3_example/turtlebot3_patrol
[1.174s] copying /home/samuelcruz/Laboratorio_Robotica/lab_1/ros2_ws/turtlebot3_ws/build/turtlebot3_example/build/lib/turtlebot3_example/turtlebot3_patrol/turtlebot3_patrol_server.py -> /home/samuelcruz/Laboratorio_Robotica/lab_1/ros2_ws/turtlebot3_ws/install/turtlebot3_example/lib/python3.10/site-packages/turtlebot3_example/turtlebot3_patrol
[1.174s] copying /home/samuelcruz/Laboratorio_Robotica/lab_1/ros2_ws/turtlebot3_ws/build/turtlebot3_example/build/lib/turtlebot3_example/turtlebot3_patrol/__init__.py -> /home/samuelcruz/Laboratorio_Robotica/lab_1/ros2_ws/turtlebot3_ws/install/turtlebot3_example/lib/python3.10/site-packages/turtlebot3_example/turtlebot3_patrol
[1.174s] copying /home/samuelcruz/Laboratorio_Robotica/lab_1/ros2_ws/turtlebot3_ws/build/turtlebot3_example/build/lib/turtlebot3_example/__init__.py -> /home/samuelcruz/Laboratorio_Robotica/lab_1/ros2_ws/turtlebot3_ws/install/turtlebot3_example/lib/python3.10/site-packages/turtlebot3_example
[1.174s] byte-compiling /home/samuelcruz/Laboratorio_Robotica/lab_1/ros2_ws/turtlebot3_ws/install/turtlebot3_example/lib/python3.10/site-packages/turtlebot3_example/turtlebot3_interactive_marker/turtlebot3_interactive_marker.py to turtlebot3_interactive_marker.cpython-310.pyc
[1.175s] byte-compiling /home/samuelcruz/Laboratorio_Robotica/lab_1/ros2_ws/turtlebot3_ws/install/turtlebot3_example/lib/python3.10/site-packages/turtlebot3_example/turtlebot3_interactive_marker/__init__.py to __init__.cpython-310.pyc
[1.176s] byte-compiling /home/samuelcruz/Laboratorio_Robotica/lab_1/ros2_ws/turtlebot3_ws/install/turtlebot3_example/lib/python3.10/site-packages/turtlebot3_example/turtlebot3_relative_move/__init__.py to __init__.cpython-310.pyc
[1.176s] byte-compiling /home/samuelcruz/Laboratorio_Robotica/lab_1/ros2_ws/turtlebot3_ws/install/turtlebot3_example/lib/python3.10/site-packages/turtlebot3_example/turtlebot3_relative_move/turtlebot3_relative_move.py to turtlebot3_relative_move.cpython-310.pyc
[1.177s] byte-compiling /home/samuelcruz/Laboratorio_Robotica/lab_1/ros2_ws/turtlebot3_ws/install/turtlebot3_example/lib/python3.10/site-packages/turtlebot3_example/turtlebot3_obstacle_detection/turtlebot3_obstacle_detection.py to turtlebot3_obstacle_detection.cpython-310.pyc
[1.177s] byte-compiling /home/samuelcruz/Laboratorio_Robotica/lab_1/ros2_ws/turtlebot3_ws/install/turtlebot3_example/lib/python3.10/site-packages/turtlebot3_example/turtlebot3_obstacle_detection/__init__.py to __init__.cpython-310.pyc
[1.178s] byte-compiling /home/samuelcruz/Laboratorio_Robotica/lab_1/ros2_ws/turtlebot3_ws/install/turtlebot3_example/lib/python3.10/site-packages/turtlebot3_example/turtlebot3_absolute_move/turtlebot3_absolute_move.py to turtlebot3_absolute_move.cpython-310.pyc
[1.179s] byte-compiling /home/samuelcruz/Laboratorio_Robotica/lab_1/ros2_ws/turtlebot3_ws/install/turtlebot3_example/lib/python3.10/site-packages/turtlebot3_example/turtlebot3_absolute_move/__init__.py to __init__.cpython-310.pyc
[1.179s] byte-compiling /home/samuelcruz/Laboratorio_Robotica/lab_1/ros2_ws/turtlebot3_ws/install/turtlebot3_example/lib/python3.10/site-packages/turtlebot3_example/turtlebot3_patrol/turtlebot3_patrol_client.py to turtlebot3_patrol_client.cpython-310.pyc
[1.180s] byte-compiling /home/samuelcruz/Laboratorio_Robotica/lab_1/ros2_ws/turtlebot3_ws/install/turtlebot3_example/lib/python3.10/site-packages/turtlebot3_example/turtlebot3_patrol/turtlebot3_patrol_server.py to turtlebot3_patrol_server.cpython-310.pyc
[1.181s] byte-compiling /home/samuelcruz/Laboratorio_Robotica/lab_1/ros2_ws/turtlebot3_ws/install/turtlebot3_example/lib/python3.10/site-packages/turtlebot3_example/turtlebot3_patrol/__init__.py to __init__.cpython-310.pyc
[1.182s] byte-compiling /home/samuelcruz/Laboratorio_Robotica/lab_1/ros2_ws/turtlebot3_ws/install/turtlebot3_example/lib/python3.10/site-packages/turtlebot3_example/__init__.py to __init__.cpython-310.pyc
[1.182s] running install_data
[1.182s] creating /home/samuelcruz/Laboratorio_Robotica/lab_1/ros2_ws/turtlebot3_ws/install/turtlebot3_example/share/ament_index
[1.182s] creating /home/samuelcruz/Laboratorio_Robotica/lab_1/ros2_ws/turtlebot3_ws/install/turtlebot3_example/share/ament_index/resource_index
[1.182s] creating /home/samuelcruz/Laboratorio_Robotica/lab_1/ros2_ws/turtlebot3_ws/install/turtlebot3_example/share/ament_index/resource_index/packages
[1.182s] copying resource/turtlebot3_example -> /home/samuelcruz/Laboratorio_Robotica/lab_1/ros2_ws/turtlebot3_ws/install/turtlebot3_example/share/ament_index/resource_index/packages
[1.182s] copying package.xml -> /home/samuelcruz/Laboratorio_Robotica/lab_1/ros2_ws/turtlebot3_ws/install/turtlebot3_example/share/turtlebot3_example
[1.182s] running install_egg_info
[1.192s] Copying ../../../build/turtlebot3_example/turtlebot3_example.egg-info to /home/samuelcruz/Laboratorio_Robotica/lab_1/ros2_ws/turtlebot3_ws/install/turtlebot3_example/lib/python3.10/site-packages/turtlebot3_example-2.2.9-py3.10.egg-info
[1.192s] running install_scripts
[1.209s] Installing turtlebot3_absolute_move script to /home/samuelcruz/Laboratorio_Robotica/lab_1/ros2_ws/turtlebot3_ws/install/turtlebot3_example/lib/turtlebot3_example
[1.209s] Installing turtlebot3_interactive_marker script to /home/samuelcruz/Laboratorio_Robotica/lab_1/ros2_ws/turtlebot3_ws/install/turtlebot3_example/lib/turtlebot3_example
[1.209s] Installing turtlebot3_obstacle_detection script to /home/samuelcruz/Laboratorio_Robotica/lab_1/ros2_ws/turtlebot3_ws/install/turtlebot3_example/lib/turtlebot3_example
[1.209s] Installing turtlebot3_patrol_client script to /home/samuelcruz/Laboratorio_Robotica/lab_1/ros2_ws/turtlebot3_ws/install/turtlebot3_example/lib/turtlebot3_example
[1.209s] Installing turtlebot3_patrol_server script to /home/samuelcruz/Laboratorio_Robotica/lab_1/ros2_ws/turtlebot3_ws/install/turtlebot3_example/lib/turtlebot3_example
[1.209s] Installing turtlebot3_relative_move script to /home/samuelcruz/Laboratorio_Robotica/lab_1/ros2_ws/turtlebot3_ws/install/turtlebot3_example/lib/turtlebot3_example
[1.219s] writing list of installed files to '/home/samuelcruz/Laboratorio_Robotica/lab_1/ros2_ws/turtlebot3_ws/build/turtlebot3_example/install.log'
[1.252s] Invoked command in '/home/samuelcruz/Laboratorio_Robotica/lab_1/ros2_ws/turtlebot3_ws/src/turtlebot3/turtlebot3_example' returned '0': AMENT_PREFIX_PATH=/home/samuelcruz/Laboratorio_Robotica/lab_1/ros2_ws/turtlebot3_ws/install/turtlebot3_msgs:${AMENT_PREFIX_PATH} CMAKE_PREFIX_PATH=/home/samuelcruz/Laboratorio_Robotica/lab_1/ros2_ws/turtlebot3_ws/install/turtlebot3_msgs LD_LIBRARY_PATH=/home/samuelcruz/Laboratorio_Robotica/lab_1/ros2_ws/turtlebot3_ws/install/turtlebot3_msgs/lib:${LD_LIBRARY_PATH} PYTHONPATH=/home/samuelcruz/Laboratorio_Robotica/lab_1/ros2_ws/turtlebot3_ws/build/turtlebot3_example/prefix_override:/usr/lib/python3/dist-packages/colcon_core/task/python/colcon_distutils_commands:/home/samuelcruz/Laboratorio_Robotica/lab_1/ros2_ws/turtlebot3_ws/install/turtlebot3_example/lib/python3.10/site-packages:/home/samuelcruz/Laboratorio_Robotica/lab_1/ros2_ws/turtlebot3_ws/install/turtlebot3_msgs/local/lib/python3.10/dist-packages:${PYTHONPATH} /usr/bin/python3 -W ignore:setup.py install is deprecated -W ignore:easy_install command is deprecated setup.py egg_info --egg-base ../../../build/turtlebot3_example build --build-base /home/samuelcruz/Laboratorio_Robotica/lab_1/ros2_ws/turtlebot3_ws/build/turtlebot3_example/build install --record /home/samuelcruz/Laboratorio_Robotica/lab_1/ros2_ws/turtlebot3_ws/build/turtlebot3_example/install.log --single-version-externally-managed install_data
