[0.054s] Invoking command in '/home/samuelcruz/Laboratorio_Robotica/lab_1/ros2_ws/turtlebot3_ws/build/turtlebot3_msgs': CMAKE_PREFIX_PATH=${CMAKE_PREFIX_PATH}:/home/samuelcruz/Laboratorio_Robotica/lab_1/ros2_ws/turtlebot3_ws/install/turtlebot3_teleop:/home/samuelcruz/Laboratorio_Robotica/lab_1/ros2_ws/turtlebot3_ws/install/turtlebot3_example:/opt/ros/humble /usr/bin/cmake --build /home/samuelcruz/Laboratorio_Robotica/lab_1/ros2_ws/turtlebot3_ws/build/turtlebot3_msgs -- -j2 -l2
[0.328s] [  1%] Built target turtlebot3_msgs__cpp
[0.396s] [35m[1mConsolidate compiler generated dependencies of target turtlebot3_msgs__rosidl_generator_c[0m
[0.451s] [ 12%] Built target turtlebot3_msgs__rosidl_generator_c
[0.626s] [ 12%] Built target ament_cmake_python_copy_turtlebot3_msgs
[0.699s] [35m[1mConsolidate compiler generated dependencies of target turtlebot3_msgs__rosidl_typesupport_cpp[0m
[0.728s] [ 23%] Built target turtlebot3_msgs__rosidl_typesupport_cpp
[0.805s] [35m[1mConsolidate compiler generated dependencies of target turtlebot3_msgs__rosidl_typesupport_fastrtps_c[0m
[0.852s] [ 35%] Built target turtlebot3_msgs__rosidl_typesupport_fastrtps_c
[0.926s] [35m[1mConsolidate compiler generated dependencies of target turtlebot3_msgs__rosidl_typesupport_fastrtps_cpp[0m
[0.965s] [ 46%] Built target turtlebot3_msgs__rosidl_typesupport_fastrtps_cpp
[1.041s] [35m[1mConsolidate compiler generated dependencies of target turtlebot3_msgs__rosidl_typesupport_introspection_c[0m
[1.101s] [ 57%] Built target turtlebot3_msgs__rosidl_typesupport_introspection_c
[1.144s] [35m[1mConsolidate compiler generated dependencies of target turtlebot3_msgs__rosidl_typesupport_c[0m
[1.173s] [ 69%] Built target turtlebot3_msgs__rosidl_typesupport_c
[1.270s] [35m[1mConsolidate compiler generated dependencies of target turtlebot3_msgs__rosidl_typesupport_introspection_cpp[0m
[1.343s] [ 80%] Built target turtlebot3_msgs__rosidl_typesupport_introspection_cpp
[1.923s] running egg_info
[1.924s] writing turtlebot3_msgs.egg-info/PKG-INFO
[1.925s] writing dependency_links to turtlebot3_msgs.egg-info/dependency_links.txt
[1.926s] writing top-level names to turtlebot3_msgs.egg-info/top_level.txt
[1.930s] reading manifest file 'turtlebot3_msgs.egg-info/SOURCES.txt'
[1.931s] writing manifest file 'turtlebot3_msgs.egg-info/SOURCES.txt'
[1.979s] [ 80%] Built target ament_cmake_python_build_turtlebot3_msgs_egg
[2.041s] [ 80%] Built target turtlebot3_msgs
[2.111s] [ 81%] Built target turtlebot3_msgs__py
[2.152s] [35m[1mConsolidate compiler generated dependencies of target turtlebot3_msgs__rosidl_generator_py[0m
[2.188s] [ 91%] Built target turtlebot3_msgs__rosidl_generator_py
[2.261s] [35m[1mConsolidate compiler generated dependencies of target turtlebot3_msgs__rosidl_typesupport_fastrtps_c__pyext[0m
[2.338s] [ 94%] Built target turtlebot3_msgs__rosidl_typesupport_fastrtps_c__pyext
[2.363s] [35m[1mConsolidate compiler generated dependencies of target turtlebot3_msgs__rosidl_typesupport_introspection_c__pyext[0m
[2.396s] [ 97%] Built target turtlebot3_msgs__rosidl_typesupport_introspection_c__pyext
[2.439s] [35m[1mConsolidate compiler generated dependencies of target turtlebot3_msgs__rosidl_typesupport_c__pyext[0m
[2.478s] [100%] Built target turtlebot3_msgs__rosidl_typesupport_c__pyext
[2.500s] Invoked command in '/home/samuelcruz/Laboratorio_Robotica/lab_1/ros2_ws/turtlebot3_ws/build/turtlebot3_msgs' returned '0': CMAKE_PREFIX_PATH=${CMAKE_PREFIX_PATH}:/home/samuelcruz/Laboratorio_Robotica/lab_1/ros2_ws/turtlebot3_ws/install/turtlebot3_teleop:/home/samuelcruz/Laboratorio_Robotica/lab_1/ros2_ws/turtlebot3_ws/install/turtlebot3_example:/opt/ros/humble /usr/bin/cmake --build /home/samuelcruz/Laboratorio_Robotica/lab_1/ros2_ws/turtlebot3_ws/build/turtlebot3_msgs -- -j2 -l2
[2.517s] Invoking command in '/home/samuelcruz/Laboratorio_Robotica/lab_1/ros2_ws/turtlebot3_ws/build/turtlebot3_msgs': CMAKE_PREFIX_PATH=${CMAKE_PREFIX_PATH}:/home/samuelcruz/Laboratorio_Robotica/lab_1/ros2_ws/turtlebot3_ws/install/turtlebot3_teleop:/home/samuelcruz/Laboratorio_Robotica/lab_1/ros2_ws/turtlebot3_ws/install/turtlebot3_example:/opt/ros/humble /usr/bin/cmake --install /home/samuelcruz/Laboratorio_Robotica/lab_1/ros2_ws/turtlebot3_ws/build/turtlebot3_msgs
[2.531s] -- Install configuration: ""
[2.532s] -- Up-to-date: /home/samuelcruz/Laboratorio_Robotica/lab_1/ros2_ws/turtlebot3_ws/install/turtlebot3_msgs/share/ament_index/resource_index/rosidl_interfaces/turtlebot3_msgs
[2.532s] -- Up-to-date: /home/samuelcruz/Laboratorio_Robotica/lab_1/ros2_ws/turtlebot3_ws/install/turtlebot3_msgs/include/turtlebot3_msgs/turtlebot3_msgs
[2.533s] -- Up-to-date: /home/samuelcruz/Laboratorio_Robotica/lab_1/ros2_ws/turtlebot3_ws/install/turtlebot3_msgs/include/turtlebot3_msgs/turtlebot3_msgs/msg
[2.533s] -- Up-to-date: /home/samuelcruz/Laboratorio_Robotica/lab_1/ros2_ws/turtlebot3_ws/install/turtlebot3_msgs/include/turtlebot3_msgs/turtlebot3_msgs/msg/version_info.h
[2.533s] -- Up-to-date: /home/samuelcruz/Laboratorio_Robotica/lab_1/ros2_ws/turtlebot3_ws/install/turtlebot3_msgs/include/turtlebot3_msgs/turtlebot3_msgs/msg/rosidl_generator_c__visibility_control.h
[2.533s] -- Up-to-date: /home/samuelcruz/Laboratorio_Robotica/lab_1/ros2_ws/turtlebot3_ws/install/turtlebot3_msgs/include/turtlebot3_msgs/turtlebot3_msgs/msg/sound.h
[2.533s] -- Up-to-date: /home/samuelcruz/Laboratorio_Robotica/lab_1/ros2_ws/turtlebot3_ws/install/turtlebot3_msgs/include/turtlebot3_msgs/turtlebot3_msgs/msg/detail
[2.534s] -- Up-to-date: /home/samuelcruz/Laboratorio_Robotica/lab_1/ros2_ws/turtlebot3_ws/install/turtlebot3_msgs/include/turtlebot3_msgs/turtlebot3_msgs/msg/detail/version_info__functions.c
[2.534s] -- Up-to-date: /home/samuelcruz/Laboratorio_Robotica/lab_1/ros2_ws/turtlebot3_ws/install/turtlebot3_msgs/include/turtlebot3_msgs/turtlebot3_msgs/msg/detail/sensor_state__type_support.h
[2.534s] -- Up-to-date: /home/samuelcruz/Laboratorio_Robotica/lab_1/ros2_ws/turtlebot3_ws/install/turtlebot3_msgs/include/turtlebot3_msgs/turtlebot3_msgs/msg/detail/version_info__functions.h
[2.534s] -- Up-to-date: /home/samuelcruz/Laboratorio_Robotica/lab_1/ros2_ws/turtlebot3_ws/install/turtlebot3_msgs/include/turtlebot3_msgs/turtlebot3_msgs/msg/detail/sound__functions.h
[2.534s] -- Up-to-date: /home/samuelcruz/Laboratorio_Robotica/lab_1/ros2_ws/turtlebot3_ws/install/turtlebot3_msgs/include/turtlebot3_msgs/turtlebot3_msgs/msg/detail/sound__struct.h
[2.534s] -- Up-to-date: /home/samuelcruz/Laboratorio_Robotica/lab_1/ros2_ws/turtlebot3_ws/install/turtlebot3_msgs/include/turtlebot3_msgs/turtlebot3_msgs/msg/detail/sensor_state__struct.h
[2.534s] -- Up-to-date: /home/samuelcruz/Laboratorio_Robotica/lab_1/ros2_ws/turtlebot3_ws/install/turtlebot3_msgs/include/turtlebot3_msgs/turtlebot3_msgs/msg/detail/sound__type_support.h
[2.534s] -- Up-to-date: /home/samuelcruz/Laboratorio_Robotica/lab_1/ros2_ws/turtlebot3_ws/install/turtlebot3_msgs/include/turtlebot3_msgs/turtlebot3_msgs/msg/detail/version_info__type_support.h
[2.534s] -- Up-to-date: /home/samuelcruz/Laboratorio_Robotica/lab_1/ros2_ws/turtlebot3_ws/install/turtlebot3_msgs/include/turtlebot3_msgs/turtlebot3_msgs/msg/detail/sensor_state__functions.c
[2.534s] -- Up-to-date: /home/samuelcruz/Laboratorio_Robotica/lab_1/ros2_ws/turtlebot3_ws/install/turtlebot3_msgs/include/turtlebot3_msgs/turtlebot3_msgs/msg/detail/version_info__struct.h
[2.535s] -- Up-to-date: /home/samuelcruz/Laboratorio_Robotica/lab_1/ros2_ws/turtlebot3_ws/install/turtlebot3_msgs/include/turtlebot3_msgs/turtlebot3_msgs/msg/detail/sound__functions.c
[2.535s] -- Up-to-date: /home/samuelcruz/Laboratorio_Robotica/lab_1/ros2_ws/turtlebot3_ws/install/turtlebot3_msgs/include/turtlebot3_msgs/turtlebot3_msgs/msg/detail/sensor_state__functions.h
[2.535s] -- Up-to-date: /home/samuelcruz/Laboratorio_Robotica/lab_1/ros2_ws/turtlebot3_ws/install/turtlebot3_msgs/include/turtlebot3_msgs/turtlebot3_msgs/msg/sensor_state.h
[2.538s] -- Up-to-date: /home/samuelcruz/Laboratorio_Robotica/lab_1/ros2_ws/turtlebot3_ws/install/turtlebot3_msgs/include/turtlebot3_msgs/turtlebot3_msgs/action
[2.538s] -- Up-to-date: /home/samuelcruz/Laboratorio_Robotica/lab_1/ros2_ws/turtlebot3_ws/install/turtlebot3_msgs/include/turtlebot3_msgs/turtlebot3_msgs/action/detail
[2.538s] -- Up-to-date: /home/samuelcruz/Laboratorio_Robotica/lab_1/ros2_ws/turtlebot3_ws/install/turtlebot3_msgs/include/turtlebot3_msgs/turtlebot3_msgs/action/detail/patrol__functions.c
[2.538s] -- Up-to-date: /home/samuelcruz/Laboratorio_Robotica/lab_1/ros2_ws/turtlebot3_ws/install/turtlebot3_msgs/include/turtlebot3_msgs/turtlebot3_msgs/action/detail/patrol__struct.h
[2.538s] -- Up-to-date: /home/samuelcruz/Laboratorio_Robotica/lab_1/ros2_ws/turtlebot3_ws/install/turtlebot3_msgs/include/turtlebot3_msgs/turtlebot3_msgs/action/detail/patrol__functions.h
[2.539s] -- Up-to-date: /home/samuelcruz/Laboratorio_Robotica/lab_1/ros2_ws/turtlebot3_ws/install/turtlebot3_msgs/include/turtlebot3_msgs/turtlebot3_msgs/action/detail/patrol__type_support.h
[2.540s] -- Up-to-date: /home/samuelcruz/Laboratorio_Robotica/lab_1/ros2_ws/turtlebot3_ws/install/turtlebot3_msgs/include/turtlebot3_msgs/turtlebot3_msgs/action/patrol.h
[2.540s] -- Up-to-date: /home/samuelcruz/Laboratorio_Robotica/lab_1/ros2_ws/turtlebot3_ws/install/turtlebot3_msgs/include/turtlebot3_msgs/turtlebot3_msgs/srv
[2.540s] -- Up-to-date: /home/samuelcruz/Laboratorio_Robotica/lab_1/ros2_ws/turtlebot3_ws/install/turtlebot3_msgs/include/turtlebot3_msgs/turtlebot3_msgs/srv/sound.h
[2.540s] -- Up-to-date: /home/samuelcruz/Laboratorio_Robotica/lab_1/ros2_ws/turtlebot3_ws/install/turtlebot3_msgs/include/turtlebot3_msgs/turtlebot3_msgs/srv/dqn.h
[2.540s] -- Up-to-date: /home/samuelcruz/Laboratorio_Robotica/lab_1/ros2_ws/turtlebot3_ws/install/turtlebot3_msgs/include/turtlebot3_msgs/turtlebot3_msgs/srv/detail
[2.540s] -- Up-to-date: /home/samuelcruz/Laboratorio_Robotica/lab_1/ros2_ws/turtlebot3_ws/install/turtlebot3_msgs/include/turtlebot3_msgs/turtlebot3_msgs/srv/detail/dqn__struct.h
[2.541s] -- Up-to-date: /home/samuelcruz/Laboratorio_Robotica/lab_1/ros2_ws/turtlebot3_ws/install/turtlebot3_msgs/include/turtlebot3_msgs/turtlebot3_msgs/srv/detail/dqn__type_support.h
[2.541s] -- Up-to-date: /home/samuelcruz/Laboratorio_Robotica/lab_1/ros2_ws/turtlebot3_ws/install/turtlebot3_msgs/include/turtlebot3_msgs/turtlebot3_msgs/srv/detail/sound__functions.h
[2.542s] -- Up-to-date: /home/samuelcruz/Laboratorio_Robotica/lab_1/ros2_ws/turtlebot3_ws/install/turtlebot3_msgs/include/turtlebot3_msgs/turtlebot3_msgs/srv/detail/sound__struct.h
[2.542s] -- Up-to-date: /home/samuelcruz/Laboratorio_Robotica/lab_1/ros2_ws/turtlebot3_ws/install/turtlebot3_msgs/include/turtlebot3_msgs/turtlebot3_msgs/srv/detail/sound__type_support.h
[2.542s] -- Up-to-date: /home/samuelcruz/Laboratorio_Robotica/lab_1/ros2_ws/turtlebot3_ws/install/turtlebot3_msgs/include/turtlebot3_msgs/turtlebot3_msgs/srv/detail/sound__functions.c
[2.543s] -- Up-to-date: /home/samuelcruz/Laboratorio_Robotica/lab_1/ros2_ws/turtlebot3_ws/install/turtlebot3_msgs/include/turtlebot3_msgs/turtlebot3_msgs/srv/detail/dqn__functions.h
[2.550s] -- Up-to-date: /home/samuelcruz/Laboratorio_Robotica/lab_1/ros2_ws/turtlebot3_ws/install/turtlebot3_msgs/include/turtlebot3_msgs/turtlebot3_msgs/srv/detail/dqn__functions.c
[2.550s] -- Up-to-date: /home/samuelcruz/Laboratorio_Robotica/lab_1/ros2_ws/turtlebot3_ws/install/turtlebot3_msgs/share/turtlebot3_msgs/environment/library_path.sh
[2.550s] -- Up-to-date: /home/samuelcruz/Laboratorio_Robotica/lab_1/ros2_ws/turtlebot3_ws/install/turtlebot3_msgs/share/turtlebot3_msgs/environment/library_path.dsv
[2.550s] -- Up-to-date: /home/samuelcruz/Laboratorio_Robotica/lab_1/ros2_ws/turtlebot3_ws/install/turtlebot3_msgs/lib/libturtlebot3_msgs__rosidl_generator_c.so
[2.550s] -- Up-to-date: /home/samuelcruz/Laboratorio_Robotica/lab_1/ros2_ws/turtlebot3_ws/install/turtlebot3_msgs/include/turtlebot3_msgs/turtlebot3_msgs
[2.550s] -- Up-to-date: /home/samuelcruz/Laboratorio_Robotica/lab_1/ros2_ws/turtlebot3_ws/install/turtlebot3_msgs/include/turtlebot3_msgs/turtlebot3_msgs/msg
[2.550s] -- Up-to-date: /home/samuelcruz/Laboratorio_Robotica/lab_1/ros2_ws/turtlebot3_ws/install/turtlebot3_msgs/include/turtlebot3_msgs/turtlebot3_msgs/msg/detail
[2.550s] -- Up-to-date: /home/samuelcruz/Laboratorio_Robotica/lab_1/ros2_ws/turtlebot3_ws/install/turtlebot3_msgs/include/turtlebot3_msgs/turtlebot3_msgs/msg/detail/sound__rosidl_typesupport_fastrtps_c.h
[2.550s] -- Up-to-date: /home/samuelcruz/Laboratorio_Robotica/lab_1/ros2_ws/turtlebot3_ws/install/turtlebot3_msgs/include/turtlebot3_msgs/turtlebot3_msgs/msg/detail/sensor_state__rosidl_typesupport_fastrtps_c.h
[2.550s] -- Up-to-date: /home/samuelcruz/Laboratorio_Robotica/lab_1/ros2_ws/turtlebot3_ws/install/turtlebot3_msgs/include/turtlebot3_msgs/turtlebot3_msgs/msg/detail/version_info__rosidl_typesupport_fastrtps_c.h
[2.550s] -- Up-to-date: /home/samuelcruz/Laboratorio_Robotica/lab_1/ros2_ws/turtlebot3_ws/install/turtlebot3_msgs/include/turtlebot3_msgs/turtlebot3_msgs/msg/rosidl_typesupport_fastrtps_c__visibility_control.h
[2.550s] -- Up-to-date: /home/samuelcruz/Laboratorio_Robotica/lab_1/ros2_ws/turtlebot3_ws/install/turtlebot3_msgs/include/turtlebot3_msgs/turtlebot3_msgs/action
[2.551s] -- Up-to-date: /home/samuelcruz/Laboratorio_Robotica/lab_1/ros2_ws/turtlebot3_ws/install/turtlebot3_msgs/include/turtlebot3_msgs/turtlebot3_msgs/action/detail
[2.551s] -- Up-to-date: /home/samuelcruz/Laboratorio_Robotica/lab_1/ros2_ws/turtlebot3_ws/install/turtlebot3_msgs/include/turtlebot3_msgs/turtlebot3_msgs/action/detail/patrol__rosidl_typesupport_fastrtps_c.h
[2.551s] -- Up-to-date: /home/samuelcruz/Laboratorio_Robotica/lab_1/ros2_ws/turtlebot3_ws/install/turtlebot3_msgs/include/turtlebot3_msgs/turtlebot3_msgs/srv
[2.551s] -- Up-to-date: /home/samuelcruz/Laboratorio_Robotica/lab_1/ros2_ws/turtlebot3_ws/install/turtlebot3_msgs/include/turtlebot3_msgs/turtlebot3_msgs/srv/detail
[2.551s] -- Up-to-date: /home/samuelcruz/Laboratorio_Robotica/lab_1/ros2_ws/turtlebot3_ws/install/turtlebot3_msgs/include/turtlebot3_msgs/turtlebot3_msgs/srv/detail/sound__rosidl_typesupport_fastrtps_c.h
[2.551s] -- Up-to-date: /home/samuelcruz/Laboratorio_Robotica/lab_1/ros2_ws/turtlebot3_ws/install/turtlebot3_msgs/include/turtlebot3_msgs/turtlebot3_msgs/srv/detail/dqn__rosidl_typesupport_fastrtps_c.h
[2.551s] -- Up-to-date: /home/samuelcruz/Laboratorio_Robotica/lab_1/ros2_ws/turtlebot3_ws/install/turtlebot3_msgs/lib/libturtlebot3_msgs__rosidl_typesupport_fastrtps_c.so
[2.551s] -- Up-to-date: /home/samuelcruz/Laboratorio_Robotica/lab_1/ros2_ws/turtlebot3_ws/install/turtlebot3_msgs/include/turtlebot3_msgs/turtlebot3_msgs
[2.551s] -- Up-to-date: /home/samuelcruz/Laboratorio_Robotica/lab_1/ros2_ws/turtlebot3_ws/install/turtlebot3_msgs/include/turtlebot3_msgs/turtlebot3_msgs/msg
[2.551s] -- Up-to-date: /home/samuelcruz/Laboratorio_Robotica/lab_1/ros2_ws/turtlebot3_ws/install/turtlebot3_msgs/include/turtlebot3_msgs/turtlebot3_msgs/msg/sensor_state.hpp
[2.551s] -- Up-to-date: /home/samuelcruz/Laboratorio_Robotica/lab_1/ros2_ws/turtlebot3_ws/install/turtlebot3_msgs/include/turtlebot3_msgs/turtlebot3_msgs/msg/detail
[2.551s] -- Up-to-date: /home/samuelcruz/Laboratorio_Robotica/lab_1/ros2_ws/turtlebot3_ws/install/turtlebot3_msgs/include/turtlebot3_msgs/turtlebot3_msgs/msg/detail/sound__struct.hpp
[2.551s] -- Up-to-date: /home/samuelcruz/Laboratorio_Robotica/lab_1/ros2_ws/turtlebot3_ws/install/turtlebot3_msgs/include/turtlebot3_msgs/turtlebot3_msgs/msg/detail/version_info__type_support.hpp
[2.551s] -- Up-to-date: /home/samuelcruz/Laboratorio_Robotica/lab_1/ros2_ws/turtlebot3_ws/install/turtlebot3_msgs/include/turtlebot3_msgs/turtlebot3_msgs/msg/detail/sound__type_support.hpp
[2.551s] -- Up-to-date: /home/samuelcruz/Laboratorio_Robotica/lab_1/ros2_ws/turtlebot3_ws/install/turtlebot3_msgs/include/turtlebot3_msgs/turtlebot3_msgs/msg/detail/sound__builder.hpp
[2.551s] -- Up-to-date: /home/samuelcruz/Laboratorio_Robotica/lab_1/ros2_ws/turtlebot3_ws/install/turtlebot3_msgs/include/turtlebot3_msgs/turtlebot3_msgs/msg/detail/sound__traits.hpp
[2.551s] -- Up-to-date: /home/samuelcruz/Laboratorio_Robotica/lab_1/ros2_ws/turtlebot3_ws/install/turtlebot3_msgs/include/turtlebot3_msgs/turtlebot3_msgs/msg/detail/sensor_state__struct.hpp
[2.551s] -- Up-to-date: /home/samuelcruz/Laboratorio_Robotica/lab_1/ros2_ws/turtlebot3_ws/install/turtlebot3_msgs/include/turtlebot3_msgs/turtlebot3_msgs/msg/detail/version_info__traits.hpp
[2.551s] -- Up-to-date: /home/samuelcruz/Laboratorio_Robotica/lab_1/ros2_ws/turtlebot3_ws/install/turtlebot3_msgs/include/turtlebot3_msgs/turtlebot3_msgs/msg/detail/version_info__struct.hpp
[2.551s] -- Up-to-date: /home/samuelcruz/Laboratorio_Robotica/lab_1/ros2_ws/turtlebot3_ws/install/turtlebot3_msgs/include/turtlebot3_msgs/turtlebot3_msgs/msg/detail/version_info__builder.hpp
[2.552s] -- Up-to-date: /home/samuelcruz/Laboratorio_Robotica/lab_1/ros2_ws/turtlebot3_ws/install/turtlebot3_msgs/include/turtlebot3_msgs/turtlebot3_msgs/msg/detail/sensor_state__traits.hpp
[2.552s] -- Up-to-date: /home/samuelcruz/Laboratorio_Robotica/lab_1/ros2_ws/turtlebot3_ws/install/turtlebot3_msgs/include/turtlebot3_msgs/turtlebot3_msgs/msg/detail/sensor_state__builder.hpp
[2.552s] -- Up-to-date: /home/samuelcruz/Laboratorio_Robotica/lab_1/ros2_ws/turtlebot3_ws/install/turtlebot3_msgs/include/turtlebot3_msgs/turtlebot3_msgs/msg/detail/sensor_state__type_support.hpp
[2.552s] -- Up-to-date: /home/samuelcruz/Laboratorio_Robotica/lab_1/ros2_ws/turtlebot3_ws/install/turtlebot3_msgs/include/turtlebot3_msgs/turtlebot3_msgs/msg/rosidl_generator_cpp__visibility_control.hpp
[2.552s] -- Up-to-date: /home/samuelcruz/Laboratorio_Robotica/lab_1/ros2_ws/turtlebot3_ws/install/turtlebot3_msgs/include/turtlebot3_msgs/turtlebot3_msgs/msg/sound.hpp
[2.552s] -- Up-to-date: /home/samuelcruz/Laboratorio_Robotica/lab_1/ros2_ws/turtlebot3_ws/install/turtlebot3_msgs/include/turtlebot3_msgs/turtlebot3_msgs/msg/version_info.hpp
[2.552s] -- Up-to-date: /home/samuelcruz/Laboratorio_Robotica/lab_1/ros2_ws/turtlebot3_ws/install/turtlebot3_msgs/include/turtlebot3_msgs/turtlebot3_msgs/action
[2.552s] -- Up-to-date: /home/samuelcruz/Laboratorio_Robotica/lab_1/ros2_ws/turtlebot3_ws/install/turtlebot3_msgs/include/turtlebot3_msgs/turtlebot3_msgs/action/patrol.hpp
[2.552s] -- Up-to-date: /home/samuelcruz/Laboratorio_Robotica/lab_1/ros2_ws/turtlebot3_ws/install/turtlebot3_msgs/include/turtlebot3_msgs/turtlebot3_msgs/action/detail
[2.552s] -- Up-to-date: /home/samuelcruz/Laboratorio_Robotica/lab_1/ros2_ws/turtlebot3_ws/install/turtlebot3_msgs/include/turtlebot3_msgs/turtlebot3_msgs/action/detail/patrol__builder.hpp
[2.552s] -- Up-to-date: /home/samuelcruz/Laboratorio_Robotica/lab_1/ros2_ws/turtlebot3_ws/install/turtlebot3_msgs/include/turtlebot3_msgs/turtlebot3_msgs/action/detail/patrol__traits.hpp
[2.552s] -- Up-to-date: /home/samuelcruz/Laboratorio_Robotica/lab_1/ros2_ws/turtlebot3_ws/install/turtlebot3_msgs/include/turtlebot3_msgs/turtlebot3_msgs/action/detail/patrol__type_support.hpp
[2.552s] -- Up-to-date: /home/samuelcruz/Laboratorio_Robotica/lab_1/ros2_ws/turtlebot3_ws/install/turtlebot3_msgs/include/turtlebot3_msgs/turtlebot3_msgs/action/detail/patrol__struct.hpp
[2.552s] -- Up-to-date: /home/samuelcruz/Laboratorio_Robotica/lab_1/ros2_ws/turtlebot3_ws/install/turtlebot3_msgs/include/turtlebot3_msgs/turtlebot3_msgs/srv
[2.552s] -- Up-to-date: /home/samuelcruz/Laboratorio_Robotica/lab_1/ros2_ws/turtlebot3_ws/install/turtlebot3_msgs/include/turtlebot3_msgs/turtlebot3_msgs/srv/detail
[2.552s] -- Up-to-date: /home/samuelcruz/Laboratorio_Robotica/lab_1/ros2_ws/turtlebot3_ws/install/turtlebot3_msgs/include/turtlebot3_msgs/turtlebot3_msgs/srv/detail/sound__struct.hpp
[2.552s] -- Up-to-date: /home/samuelcruz/Laboratorio_Robotica/lab_1/ros2_ws/turtlebot3_ws/install/turtlebot3_msgs/include/turtlebot3_msgs/turtlebot3_msgs/srv/detail/sound__type_support.hpp
[2.552s] -- Up-to-date: /home/samuelcruz/Laboratorio_Robotica/lab_1/ros2_ws/turtlebot3_ws/install/turtlebot3_msgs/include/turtlebot3_msgs/turtlebot3_msgs/srv/detail/sound__builder.hpp
[2.552s] -- Up-to-date: /home/samuelcruz/Laboratorio_Robotica/lab_1/ros2_ws/turtlebot3_ws/install/turtlebot3_msgs/include/turtlebot3_msgs/turtlebot3_msgs/srv/detail/sound__traits.hpp
[2.552s] -- Up-to-date: /home/samuelcruz/Laboratorio_Robotica/lab_1/ros2_ws/turtlebot3_ws/install/turtlebot3_msgs/include/turtlebot3_msgs/turtlebot3_msgs/srv/detail/dqn__builder.hpp
[2.553s] -- Up-to-date: /home/samuelcruz/Laboratorio_Robotica/lab_1/ros2_ws/turtlebot3_ws/install/turtlebot3_msgs/include/turtlebot3_msgs/turtlebot3_msgs/srv/detail/dqn__traits.hpp
[2.553s] -- Up-to-date: /home/samuelcruz/Laboratorio_Robotica/lab_1/ros2_ws/turtlebot3_ws/install/turtlebot3_msgs/include/turtlebot3_msgs/turtlebot3_msgs/srv/detail/dqn__type_support.hpp
[2.553s] -- Up-to-date: /home/samuelcruz/Laboratorio_Robotica/lab_1/ros2_ws/turtlebot3_ws/install/turtlebot3_msgs/include/turtlebot3_msgs/turtlebot3_msgs/srv/detail/dqn__struct.hpp
[2.553s] -- Up-to-date: /home/samuelcruz/Laboratorio_Robotica/lab_1/ros2_ws/turtlebot3_ws/install/turtlebot3_msgs/include/turtlebot3_msgs/turtlebot3_msgs/srv/dqn.hpp
[2.553s] -- Up-to-date: /home/samuelcruz/Laboratorio_Robotica/lab_1/ros2_ws/turtlebot3_ws/install/turtlebot3_msgs/include/turtlebot3_msgs/turtlebot3_msgs/srv/sound.hpp
[2.553s] -- Up-to-date: /home/samuelcruz/Laboratorio_Robotica/lab_1/ros2_ws/turtlebot3_ws/install/turtlebot3_msgs/include/turtlebot3_msgs/turtlebot3_msgs
[2.553s] -- Up-to-date: /home/samuelcruz/Laboratorio_Robotica/lab_1/ros2_ws/turtlebot3_ws/install/turtlebot3_msgs/include/turtlebot3_msgs/turtlebot3_msgs/msg
[2.553s] -- Up-to-date: /home/samuelcruz/Laboratorio_Robotica/lab_1/ros2_ws/turtlebot3_ws/install/turtlebot3_msgs/include/turtlebot3_msgs/turtlebot3_msgs/msg/detail
[2.553s] -- Up-to-date: /home/samuelcruz/Laboratorio_Robotica/lab_1/ros2_ws/turtlebot3_ws/install/turtlebot3_msgs/include/turtlebot3_msgs/turtlebot3_msgs/msg/detail/dds_fastrtps
[2.553s] -- Up-to-date: /home/samuelcruz/Laboratorio_Robotica/lab_1/ros2_ws/turtlebot3_ws/install/turtlebot3_msgs/include/turtlebot3_msgs/turtlebot3_msgs/msg/detail/sound__rosidl_typesupport_fastrtps_cpp.hpp
[2.553s] -- Up-to-date: /home/samuelcruz/Laboratorio_Robotica/lab_1/ros2_ws/turtlebot3_ws/install/turtlebot3_msgs/include/turtlebot3_msgs/turtlebot3_msgs/msg/detail/version_info__rosidl_typesupport_fastrtps_cpp.hpp
[2.553s] -- Up-to-date: /home/samuelcruz/Laboratorio_Robotica/lab_1/ros2_ws/turtlebot3_ws/install/turtlebot3_msgs/include/turtlebot3_msgs/turtlebot3_msgs/msg/detail/sensor_state__rosidl_typesupport_fastrtps_cpp.hpp
[2.553s] -- Up-to-date: /home/samuelcruz/Laboratorio_Robotica/lab_1/ros2_ws/turtlebot3_ws/install/turtlebot3_msgs/include/turtlebot3_msgs/turtlebot3_msgs/msg/rosidl_typesupport_fastrtps_cpp__visibility_control.h
[2.553s] -- Up-to-date: /home/samuelcruz/Laboratorio_Robotica/lab_1/ros2_ws/turtlebot3_ws/install/turtlebot3_msgs/include/turtlebot3_msgs/turtlebot3_msgs/action
[2.553s] -- Up-to-date: /home/samuelcruz/Laboratorio_Robotica/lab_1/ros2_ws/turtlebot3_ws/install/turtlebot3_msgs/include/turtlebot3_msgs/turtlebot3_msgs/action/detail
[2.553s] -- Up-to-date: /home/samuelcruz/Laboratorio_Robotica/lab_1/ros2_ws/turtlebot3_ws/install/turtlebot3_msgs/include/turtlebot3_msgs/turtlebot3_msgs/action/detail/patrol__rosidl_typesupport_fastrtps_cpp.hpp
[2.553s] -- Up-to-date: /home/samuelcruz/Laboratorio_Robotica/lab_1/ros2_ws/turtlebot3_ws/install/turtlebot3_msgs/include/turtlebot3_msgs/turtlebot3_msgs/action/detail/dds_fastrtps
[2.553s] -- Up-to-date: /home/samuelcruz/Laboratorio_Robotica/lab_1/ros2_ws/turtlebot3_ws/install/turtlebot3_msgs/include/turtlebot3_msgs/turtlebot3_msgs/srv
[2.553s] -- Up-to-date: /home/samuelcruz/Laboratorio_Robotica/lab_1/ros2_ws/turtlebot3_ws/install/turtlebot3_msgs/include/turtlebot3_msgs/turtlebot3_msgs/srv/detail
[2.553s] -- Up-to-date: /home/samuelcruz/Laboratorio_Robotica/lab_1/ros2_ws/turtlebot3_ws/install/turtlebot3_msgs/include/turtlebot3_msgs/turtlebot3_msgs/srv/detail/dqn__rosidl_typesupport_fastrtps_cpp.hpp
[2.554s] -- Up-to-date: /home/samuelcruz/Laboratorio_Robotica/lab_1/ros2_ws/turtlebot3_ws/install/turtlebot3_msgs/include/turtlebot3_msgs/turtlebot3_msgs/srv/detail/dds_fastrtps
[2.554s] -- Up-to-date: /home/samuelcruz/Laboratorio_Robotica/lab_1/ros2_ws/turtlebot3_ws/install/turtlebot3_msgs/include/turtlebot3_msgs/turtlebot3_msgs/srv/detail/sound__rosidl_typesupport_fastrtps_cpp.hpp
[2.554s] -- Up-to-date: /home/samuelcruz/Laboratorio_Robotica/lab_1/ros2_ws/turtlebot3_ws/install/turtlebot3_msgs/lib/libturtlebot3_msgs__rosidl_typesupport_fastrtps_cpp.so
[2.554s] -- Up-to-date: /home/samuelcruz/Laboratorio_Robotica/lab_1/ros2_ws/turtlebot3_ws/install/turtlebot3_msgs/include/turtlebot3_msgs/turtlebot3_msgs
[2.554s] -- Up-to-date: /home/samuelcruz/Laboratorio_Robotica/lab_1/ros2_ws/turtlebot3_ws/install/turtlebot3_msgs/include/turtlebot3_msgs/turtlebot3_msgs/msg
[2.554s] -- Up-to-date: /home/samuelcruz/Laboratorio_Robotica/lab_1/ros2_ws/turtlebot3_ws/install/turtlebot3_msgs/include/turtlebot3_msgs/turtlebot3_msgs/msg/detail
[2.554s] -- Up-to-date: /home/samuelcruz/Laboratorio_Robotica/lab_1/ros2_ws/turtlebot3_ws/install/turtlebot3_msgs/include/turtlebot3_msgs/turtlebot3_msgs/msg/detail/sensor_state__rosidl_typesupport_introspection_c.h
[2.554s] -- Up-to-date: /home/samuelcruz/Laboratorio_Robotica/lab_1/ros2_ws/turtlebot3_ws/install/turtlebot3_msgs/include/turtlebot3_msgs/turtlebot3_msgs/msg/detail/version_info__rosidl_typesupport_introspection_c.h
[2.554s] -- Up-to-date: /home/samuelcruz/Laboratorio_Robotica/lab_1/ros2_ws/turtlebot3_ws/install/turtlebot3_msgs/include/turtlebot3_msgs/turtlebot3_msgs/msg/detail/sound__type_support.c
[2.554s] -- Up-to-date: /home/samuelcruz/Laboratorio_Robotica/lab_1/ros2_ws/turtlebot3_ws/install/turtlebot3_msgs/include/turtlebot3_msgs/turtlebot3_msgs/msg/detail/sensor_state__type_support.c
[2.554s] -- Up-to-date: /home/samuelcruz/Laboratorio_Robotica/lab_1/ros2_ws/turtlebot3_ws/install/turtlebot3_msgs/include/turtlebot3_msgs/turtlebot3_msgs/msg/detail/sound__rosidl_typesupport_introspection_c.h
[2.554s] -- Up-to-date: /home/samuelcruz/Laboratorio_Robotica/lab_1/ros2_ws/turtlebot3_ws/install/turtlebot3_msgs/include/turtlebot3_msgs/turtlebot3_msgs/msg/detail/version_info__type_support.c
[2.554s] -- Up-to-date: /home/samuelcruz/Laboratorio_Robotica/lab_1/ros2_ws/turtlebot3_ws/install/turtlebot3_msgs/include/turtlebot3_msgs/turtlebot3_msgs/msg/rosidl_typesupport_introspection_c__visibility_control.h
[2.554s] -- Up-to-date: /home/samuelcruz/Laboratorio_Robotica/lab_1/ros2_ws/turtlebot3_ws/install/turtlebot3_msgs/include/turtlebot3_msgs/turtlebot3_msgs/action
[2.554s] -- Up-to-date: /home/samuelcruz/Laboratorio_Robotica/lab_1/ros2_ws/turtlebot3_ws/install/turtlebot3_msgs/include/turtlebot3_msgs/turtlebot3_msgs/action/detail
[2.554s] -- Up-to-date: /home/samuelcruz/Laboratorio_Robotica/lab_1/ros2_ws/turtlebot3_ws/install/turtlebot3_msgs/include/turtlebot3_msgs/turtlebot3_msgs/action/detail/patrol__type_support.c
[2.554s] -- Up-to-date: /home/samuelcruz/Laboratorio_Robotica/lab_1/ros2_ws/turtlebot3_ws/install/turtlebot3_msgs/include/turtlebot3_msgs/turtlebot3_msgs/action/detail/patrol__rosidl_typesupport_introspection_c.h
[2.554s] -- Up-to-date: /home/samuelcruz/Laboratorio_Robotica/lab_1/ros2_ws/turtlebot3_ws/install/turtlebot3_msgs/include/turtlebot3_msgs/turtlebot3_msgs/srv
[2.554s] -- Up-to-date: /home/samuelcruz/Laboratorio_Robotica/lab_1/ros2_ws/turtlebot3_ws/install/turtlebot3_msgs/include/turtlebot3_msgs/turtlebot3_msgs/srv/detail
[2.554s] -- Up-to-date: /home/samuelcruz/Laboratorio_Robotica/lab_1/ros2_ws/turtlebot3_ws/install/turtlebot3_msgs/include/turtlebot3_msgs/turtlebot3_msgs/srv/detail/dqn__type_support.c
[2.555s] -- Up-to-date: /home/samuelcruz/Laboratorio_Robotica/lab_1/ros2_ws/turtlebot3_ws/install/turtlebot3_msgs/include/turtlebot3_msgs/turtlebot3_msgs/srv/detail/sound__type_support.c
[2.555s] -- Up-to-date: /home/samuelcruz/Laboratorio_Robotica/lab_1/ros2_ws/turtlebot3_ws/install/turtlebot3_msgs/include/turtlebot3_msgs/turtlebot3_msgs/srv/detail/dqn__rosidl_typesupport_introspection_c.h
[2.555s] -- Up-to-date: /home/samuelcruz/Laboratorio_Robotica/lab_1/ros2_ws/turtlebot3_ws/install/turtlebot3_msgs/include/turtlebot3_msgs/turtlebot3_msgs/srv/detail/sound__rosidl_typesupport_introspection_c.h
[2.555s] -- Up-to-date: /home/samuelcruz/Laboratorio_Robotica/lab_1/ros2_ws/turtlebot3_ws/install/turtlebot3_msgs/lib/libturtlebot3_msgs__rosidl_typesupport_introspection_c.so
[2.555s] -- Up-to-date: /home/samuelcruz/Laboratorio_Robotica/lab_1/ros2_ws/turtlebot3_ws/install/turtlebot3_msgs/lib/libturtlebot3_msgs__rosidl_typesupport_c.so
[2.555s] -- Up-to-date: /home/samuelcruz/Laboratorio_Robotica/lab_1/ros2_ws/turtlebot3_ws/install/turtlebot3_msgs/include/turtlebot3_msgs/turtlebot3_msgs
[2.555s] -- Up-to-date: /home/samuelcruz/Laboratorio_Robotica/lab_1/ros2_ws/turtlebot3_ws/install/turtlebot3_msgs/include/turtlebot3_msgs/turtlebot3_msgs/msg
[2.555s] -- Up-to-date: /home/samuelcruz/Laboratorio_Robotica/lab_1/ros2_ws/turtlebot3_ws/install/turtlebot3_msgs/include/turtlebot3_msgs/turtlebot3_msgs/msg/detail
[2.555s] -- Up-to-date: /home/samuelcruz/Laboratorio_Robotica/lab_1/ros2_ws/turtlebot3_ws/install/turtlebot3_msgs/include/turtlebot3_msgs/turtlebot3_msgs/msg/detail/sound__type_support.cpp
[2.555s] -- Up-to-date: /home/samuelcruz/Laboratorio_Robotica/lab_1/ros2_ws/turtlebot3_ws/install/turtlebot3_msgs/include/turtlebot3_msgs/turtlebot3_msgs/msg/detail/version_info__rosidl_typesupport_introspection_cpp.hpp
[2.555s] -- Up-to-date: /home/samuelcruz/Laboratorio_Robotica/lab_1/ros2_ws/turtlebot3_ws/install/turtlebot3_msgs/include/turtlebot3_msgs/turtlebot3_msgs/msg/detail/sensor_state__type_support.cpp
[2.555s] -- Up-to-date: /home/samuelcruz/Laboratorio_Robotica/lab_1/ros2_ws/turtlebot3_ws/install/turtlebot3_msgs/include/turtlebot3_msgs/turtlebot3_msgs/msg/detail/sensor_state__rosidl_typesupport_introspection_cpp.hpp
[2.555s] -- Up-to-date: /home/samuelcruz/Laboratorio_Robotica/lab_1/ros2_ws/turtlebot3_ws/install/turtlebot3_msgs/include/turtlebot3_msgs/turtlebot3_msgs/msg/detail/version_info__type_support.cpp
[2.555s] -- Up-to-date: /home/samuelcruz/Laboratorio_Robotica/lab_1/ros2_ws/turtlebot3_ws/install/turtlebot3_msgs/include/turtlebot3_msgs/turtlebot3_msgs/msg/detail/sound__rosidl_typesupport_introspection_cpp.hpp
[2.555s] -- Up-to-date: /home/samuelcruz/Laboratorio_Robotica/lab_1/ros2_ws/turtlebot3_ws/install/turtlebot3_msgs/include/turtlebot3_msgs/turtlebot3_msgs/action
[2.555s] -- Up-to-date: /home/samuelcruz/Laboratorio_Robotica/lab_1/ros2_ws/turtlebot3_ws/install/turtlebot3_msgs/include/turtlebot3_msgs/turtlebot3_msgs/action/detail
[2.555s] -- Up-to-date: /home/samuelcruz/Laboratorio_Robotica/lab_1/ros2_ws/turtlebot3_ws/install/turtlebot3_msgs/include/turtlebot3_msgs/turtlebot3_msgs/action/detail/patrol__type_support.cpp
[2.555s] -- Up-to-date: /home/samuelcruz/Laboratorio_Robotica/lab_1/ros2_ws/turtlebot3_ws/install/turtlebot3_msgs/include/turtlebot3_msgs/turtlebot3_msgs/action/detail/patrol__rosidl_typesupport_introspection_cpp.hpp
[2.555s] -- Up-to-date: /home/samuelcruz/Laboratorio_Robotica/lab_1/ros2_ws/turtlebot3_ws/install/turtlebot3_msgs/include/turtlebot3_msgs/turtlebot3_msgs/srv
[2.555s] -- Up-to-date: /home/samuelcruz/Laboratorio_Robotica/lab_1/ros2_ws/turtlebot3_ws/install/turtlebot3_msgs/include/turtlebot3_msgs/turtlebot3_msgs/srv/detail
[2.556s] -- Up-to-date: /home/samuelcruz/Laboratorio_Robotica/lab_1/ros2_ws/turtlebot3_ws/install/turtlebot3_msgs/include/turtlebot3_msgs/turtlebot3_msgs/srv/detail/sound__type_support.cpp
[2.556s] -- Up-to-date: /home/samuelcruz/Laboratorio_Robotica/lab_1/ros2_ws/turtlebot3_ws/install/turtlebot3_msgs/include/turtlebot3_msgs/turtlebot3_msgs/srv/detail/dqn__type_support.cpp
[2.556s] -- Up-to-date: /home/samuelcruz/Laboratorio_Robotica/lab_1/ros2_ws/turtlebot3_ws/install/turtlebot3_msgs/include/turtlebot3_msgs/turtlebot3_msgs/srv/detail/dqn__rosidl_typesupport_introspection_cpp.hpp
[2.556s] -- Up-to-date: /home/samuelcruz/Laboratorio_Robotica/lab_1/ros2_ws/turtlebot3_ws/install/turtlebot3_msgs/include/turtlebot3_msgs/turtlebot3_msgs/srv/detail/sound__rosidl_typesupport_introspection_cpp.hpp
[2.556s] -- Up-to-date: /home/samuelcruz/Laboratorio_Robotica/lab_1/ros2_ws/turtlebot3_ws/install/turtlebot3_msgs/lib/libturtlebot3_msgs__rosidl_typesupport_introspection_cpp.so
[2.556s] -- Up-to-date: /home/samuelcruz/Laboratorio_Robotica/lab_1/ros2_ws/turtlebot3_ws/install/turtlebot3_msgs/lib/libturtlebot3_msgs__rosidl_typesupport_cpp.so
[2.556s] -- Up-to-date: /home/samuelcruz/Laboratorio_Robotica/lab_1/ros2_ws/turtlebot3_ws/install/turtlebot3_msgs/share/turtlebot3_msgs/environment/pythonpath.sh
[2.556s] -- Up-to-date: /home/samuelcruz/Laboratorio_Robotica/lab_1/ros2_ws/turtlebot3_ws/install/turtlebot3_msgs/share/turtlebot3_msgs/environment/pythonpath.dsv
[2.556s] -- Up-to-date: /home/samuelcruz/Laboratorio_Robotica/lab_1/ros2_ws/turtlebot3_ws/install/turtlebot3_msgs/local/lib/python3.10/dist-packages/turtlebot3_msgs-2.3.0-py3.10.egg-info
[2.556s] -- Installing: /home/samuelcruz/Laboratorio_Robotica/lab_1/ros2_ws/turtlebot3_ws/install/turtlebot3_msgs/local/lib/python3.10/dist-packages/turtlebot3_msgs-2.3.0-py3.10.egg-info/top_level.txt
[2.556s] -- Installing: /home/samuelcruz/Laboratorio_Robotica/lab_1/ros2_ws/turtlebot3_ws/install/turtlebot3_msgs/local/lib/python3.10/dist-packages/turtlebot3_msgs-2.3.0-py3.10.egg-info/dependency_links.txt
[2.556s] -- Installing: /home/samuelcruz/Laboratorio_Robotica/lab_1/ros2_ws/turtlebot3_ws/install/turtlebot3_msgs/local/lib/python3.10/dist-packages/turtlebot3_msgs-2.3.0-py3.10.egg-info/PKG-INFO
[2.556s] -- Installing: /home/samuelcruz/Laboratorio_Robotica/lab_1/ros2_ws/turtlebot3_ws/install/turtlebot3_msgs/local/lib/python3.10/dist-packages/turtlebot3_msgs-2.3.0-py3.10.egg-info/SOURCES.txt
[2.556s] -- Up-to-date: /home/samuelcruz/Laboratorio_Robotica/lab_1/ros2_ws/turtlebot3_ws/install/turtlebot3_msgs/local/lib/python3.10/dist-packages/turtlebot3_msgs
[2.556s] -- Up-to-date: /home/samuelcruz/Laboratorio_Robotica/lab_1/ros2_ws/turtlebot3_ws/install/turtlebot3_msgs/local/lib/python3.10/dist-packages/turtlebot3_msgs/turtlebot3_msgs_s__rosidl_typesupport_fastrtps_c.cpython-310-x86_64-linux-gnu.so
[2.556s] -- Up-to-date: /home/samuelcruz/Laboratorio_Robotica/lab_1/ros2_ws/turtlebot3_ws/install/turtlebot3_msgs/local/lib/python3.10/dist-packages/turtlebot3_msgs/turtlebot3_msgs_s__rosidl_typesupport_c.cpython-310-x86_64-linux-gnu.so
[2.556s] -- Up-to-date: /home/samuelcruz/Laboratorio_Robotica/lab_1/ros2_ws/turtlebot3_ws/install/turtlebot3_msgs/local/lib/python3.10/dist-packages/turtlebot3_msgs/turtlebot3_msgs_s__rosidl_typesupport_introspection_c.cpython-310-x86_64-linux-gnu.so
[2.556s] -- Up-to-date: /home/samuelcruz/Laboratorio_Robotica/lab_1/ros2_ws/turtlebot3_ws/install/turtlebot3_msgs/local/lib/python3.10/dist-packages/turtlebot3_msgs/_turtlebot3_msgs_s.ep.rosidl_typesupport_c.c
[2.556s] -- Up-to-date: /home/samuelcruz/Laboratorio_Robotica/lab_1/ros2_ws/turtlebot3_ws/install/turtlebot3_msgs/local/lib/python3.10/dist-packages/turtlebot3_msgs/_turtlebot3_msgs_s.ep.rosidl_typesupport_fastrtps_c.c
[2.556s] -- Up-to-date: /home/samuelcruz/Laboratorio_Robotica/lab_1/ros2_ws/turtlebot3_ws/install/turtlebot3_msgs/local/lib/python3.10/dist-packages/turtlebot3_msgs/msg
[2.557s] -- Up-to-date: /home/samuelcruz/Laboratorio_Robotica/lab_1/ros2_ws/turtlebot3_ws/install/turtlebot3_msgs/local/lib/python3.10/dist-packages/turtlebot3_msgs/msg/_sensor_state.py
[2.557s] -- Up-to-date: /home/samuelcruz/Laboratorio_Robotica/lab_1/ros2_ws/turtlebot3_ws/install/turtlebot3_msgs/local/lib/python3.10/dist-packages/turtlebot3_msgs/msg/_sound_s.c
[2.557s] -- Up-to-date: /home/samuelcruz/Laboratorio_Robotica/lab_1/ros2_ws/turtlebot3_ws/install/turtlebot3_msgs/local/lib/python3.10/dist-packages/turtlebot3_msgs/msg/_version_info_s.c
[2.557s] -- Up-to-date: /home/samuelcruz/Laboratorio_Robotica/lab_1/ros2_ws/turtlebot3_ws/install/turtlebot3_msgs/local/lib/python3.10/dist-packages/turtlebot3_msgs/msg/_sensor_state_s.c
[2.557s] -- Up-to-date: /home/samuelcruz/Laboratorio_Robotica/lab_1/ros2_ws/turtlebot3_ws/install/turtlebot3_msgs/local/lib/python3.10/dist-packages/turtlebot3_msgs/msg/__init__.py
[2.557s] -- Up-to-date: /home/samuelcruz/Laboratorio_Robotica/lab_1/ros2_ws/turtlebot3_ws/install/turtlebot3_msgs/local/lib/python3.10/dist-packages/turtlebot3_msgs/msg/_version_info.py
[2.557s] -- Up-to-date: /home/samuelcruz/Laboratorio_Robotica/lab_1/ros2_ws/turtlebot3_ws/install/turtlebot3_msgs/local/lib/python3.10/dist-packages/turtlebot3_msgs/msg/_sound.py
[2.557s] -- Up-to-date: /home/samuelcruz/Laboratorio_Robotica/lab_1/ros2_ws/turtlebot3_ws/install/turtlebot3_msgs/local/lib/python3.10/dist-packages/turtlebot3_msgs/action
[2.557s] -- Up-to-date: /home/samuelcruz/Laboratorio_Robotica/lab_1/ros2_ws/turtlebot3_ws/install/turtlebot3_msgs/local/lib/python3.10/dist-packages/turtlebot3_msgs/action/_patrol_s.c
[2.557s] -- Up-to-date: /home/samuelcruz/Laboratorio_Robotica/lab_1/ros2_ws/turtlebot3_ws/install/turtlebot3_msgs/local/lib/python3.10/dist-packages/turtlebot3_msgs/action/__init__.py
[2.557s] -- Up-to-date: /home/samuelcruz/Laboratorio_Robotica/lab_1/ros2_ws/turtlebot3_ws/install/turtlebot3_msgs/local/lib/python3.10/dist-packages/turtlebot3_msgs/action/_patrol.py
[2.557s] -- Up-to-date: /home/samuelcruz/Laboratorio_Robotica/lab_1/ros2_ws/turtlebot3_ws/install/turtlebot3_msgs/local/lib/python3.10/dist-packages/turtlebot3_msgs/srv
[2.557s] -- Up-to-date: /home/samuelcruz/Laboratorio_Robotica/lab_1/ros2_ws/turtlebot3_ws/install/turtlebot3_msgs/local/lib/python3.10/dist-packages/turtlebot3_msgs/srv/_dqn_s.c
[2.557s] -- Up-to-date: /home/samuelcruz/Laboratorio_Robotica/lab_1/ros2_ws/turtlebot3_ws/install/turtlebot3_msgs/local/lib/python3.10/dist-packages/turtlebot3_msgs/srv/_sound_s.c
[2.557s] -- Up-to-date: /home/samuelcruz/Laboratorio_Robotica/lab_1/ros2_ws/turtlebot3_ws/install/turtlebot3_msgs/local/lib/python3.10/dist-packages/turtlebot3_msgs/srv/_dqn.py
[2.557s] -- Up-to-date: /home/samuelcruz/Laboratorio_Robotica/lab_1/ros2_ws/turtlebot3_ws/install/turtlebot3_msgs/local/lib/python3.10/dist-packages/turtlebot3_msgs/srv/__init__.py
[2.557s] -- Up-to-date: /home/samuelcruz/Laboratorio_Robotica/lab_1/ros2_ws/turtlebot3_ws/install/turtlebot3_msgs/local/lib/python3.10/dist-packages/turtlebot3_msgs/srv/_sound.py
[2.557s] -- Up-to-date: /home/samuelcruz/Laboratorio_Robotica/lab_1/ros2_ws/turtlebot3_ws/install/turtlebot3_msgs/local/lib/python3.10/dist-packages/turtlebot3_msgs/libturtlebot3_msgs__rosidl_generator_py.so
[2.557s] -- Up-to-date: /home/samuelcruz/Laboratorio_Robotica/lab_1/ros2_ws/turtlebot3_ws/install/turtlebot3_msgs/local/lib/python3.10/dist-packages/turtlebot3_msgs/__init__.py
[2.557s] -- Up-to-date: /home/samuelcruz/Laboratorio_Robotica/lab_1/ros2_ws/turtlebot3_ws/install/turtlebot3_msgs/local/lib/python3.10/dist-packages/turtlebot3_msgs/_turtlebot3_msgs_s.ep.rosidl_typesupport_introspection_c.c
[2.609s] Listing '/home/samuelcruz/Laboratorio_Robotica/lab_1/ros2_ws/turtlebot3_ws/install/turtlebot3_msgs/local/lib/python3.10/dist-packages/turtlebot3_msgs'...
[2.609s] Listing '/home/samuelcruz/Laboratorio_Robotica/lab_1/ros2_ws/turtlebot3_ws/install/turtlebot3_msgs/local/lib/python3.10/dist-packages/turtlebot3_msgs/action'...
[2.609s] Listing '/home/samuelcruz/Laboratorio_Robotica/lab_1/ros2_ws/turtlebot3_ws/install/turtlebot3_msgs/local/lib/python3.10/dist-packages/turtlebot3_msgs/msg'...
[2.609s] Listing '/home/samuelcruz/Laboratorio_Robotica/lab_1/ros2_ws/turtlebot3_ws/install/turtlebot3_msgs/local/lib/python3.10/dist-packages/turtlebot3_msgs/srv'...
[2.611s] -- Up-to-date: /home/samuelcruz/Laboratorio_Robotica/lab_1/ros2_ws/turtlebot3_ws/install/turtlebot3_msgs/local/lib/python3.10/dist-packages/turtlebot3_msgs/turtlebot3_msgs_s__rosidl_typesupport_fastrtps_c.cpython-310-x86_64-linux-gnu.so
[2.614s] -- Up-to-date: /home/samuelcruz/Laboratorio_Robotica/lab_1/ros2_ws/turtlebot3_ws/install/turtlebot3_msgs/local/lib/python3.10/dist-packages/turtlebot3_msgs/turtlebot3_msgs_s__rosidl_typesupport_introspection_c.cpython-310-x86_64-linux-gnu.so
[2.617s] -- Up-to-date: /home/samuelcruz/Laboratorio_Robotica/lab_1/ros2_ws/turtlebot3_ws/install/turtlebot3_msgs/local/lib/python3.10/dist-packages/turtlebot3_msgs/turtlebot3_msgs_s__rosidl_typesupport_c.cpython-310-x86_64-linux-gnu.so
[2.618s] -- Up-to-date: /home/samuelcruz/Laboratorio_Robotica/lab_1/ros2_ws/turtlebot3_ws/install/turtlebot3_msgs/lib/libturtlebot3_msgs__rosidl_generator_py.so
[2.619s] -- Up-to-date: /home/samuelcruz/Laboratorio_Robotica/lab_1/ros2_ws/turtlebot3_ws/install/turtlebot3_msgs/share/turtlebot3_msgs/msg/SensorState.idl
[2.619s] -- Up-to-date: /home/samuelcruz/Laboratorio_Robotica/lab_1/ros2_ws/turtlebot3_ws/install/turtlebot3_msgs/share/turtlebot3_msgs/msg/Sound.idl
[2.619s] -- Up-to-date: /home/samuelcruz/Laboratorio_Robotica/lab_1/ros2_ws/turtlebot3_ws/install/turtlebot3_msgs/share/turtlebot3_msgs/msg/VersionInfo.idl
[2.619s] -- Up-to-date: /home/samuelcruz/Laboratorio_Robotica/lab_1/ros2_ws/turtlebot3_ws/install/turtlebot3_msgs/share/turtlebot3_msgs/srv/Sound.idl
[2.619s] -- Up-to-date: /home/samuelcruz/Laboratorio_Robotica/lab_1/ros2_ws/turtlebot3_ws/install/turtlebot3_msgs/share/turtlebot3_msgs/srv/Dqn.idl
[2.620s] -- Up-to-date: /home/samuelcruz/Laboratorio_Robotica/lab_1/ros2_ws/turtlebot3_ws/install/turtlebot3_msgs/share/turtlebot3_msgs/action/Patrol.idl
[2.620s] -- Up-to-date: /home/samuelcruz/Laboratorio_Robotica/lab_1/ros2_ws/turtlebot3_ws/install/turtlebot3_msgs/share/turtlebot3_msgs/msg/SensorState.msg
[2.620s] -- Up-to-date: /home/samuelcruz/Laboratorio_Robotica/lab_1/ros2_ws/turtlebot3_ws/install/turtlebot3_msgs/share/turtlebot3_msgs/msg/Sound.msg
[2.620s] -- Up-to-date: /home/samuelcruz/Laboratorio_Robotica/lab_1/ros2_ws/turtlebot3_ws/install/turtlebot3_msgs/share/turtlebot3_msgs/msg/VersionInfo.msg
[2.620s] -- Up-to-date: /home/samuelcruz/Laboratorio_Robotica/lab_1/ros2_ws/turtlebot3_ws/install/turtlebot3_msgs/share/turtlebot3_msgs/srv/Sound.srv
[2.621s] -- Up-to-date: /home/samuelcruz/Laboratorio_Robotica/lab_1/ros2_ws/turtlebot3_ws/install/turtlebot3_msgs/share/turtlebot3_msgs/srv/Sound_Request.msg
[2.621s] -- Up-to-date: /home/samuelcruz/Laboratorio_Robotica/lab_1/ros2_ws/turtlebot3_ws/install/turtlebot3_msgs/share/turtlebot3_msgs/srv/Sound_Response.msg
[2.621s] -- Up-to-date: /home/samuelcruz/Laboratorio_Robotica/lab_1/ros2_ws/turtlebot3_ws/install/turtlebot3_msgs/share/turtlebot3_msgs/srv/Dqn.srv
[2.622s] -- Up-to-date: /home/samuelcruz/Laboratorio_Robotica/lab_1/ros2_ws/turtlebot3_ws/install/turtlebot3_msgs/share/turtlebot3_msgs/srv/Dqn_Request.msg
[2.624s] -- Up-to-date: /home/samuelcruz/Laboratorio_Robotica/lab_1/ros2_ws/turtlebot3_ws/install/turtlebot3_msgs/share/turtlebot3_msgs/srv/Dqn_Response.msg
[2.625s] -- Up-to-date: /home/samuelcruz/Laboratorio_Robotica/lab_1/ros2_ws/turtlebot3_ws/install/turtlebot3_msgs/share/turtlebot3_msgs/action/Patrol.action
[2.625s] -- Up-to-date: /home/samuelcruz/Laboratorio_Robotica/lab_1/ros2_ws/turtlebot3_ws/install/turtlebot3_msgs/share/ament_index/resource_index/package_run_dependencies/turtlebot3_msgs
[2.625s] -- Up-to-date: /home/samuelcruz/Laboratorio_Robotica/lab_1/ros2_ws/turtlebot3_ws/install/turtlebot3_msgs/share/ament_index/resource_index/parent_prefix_path/turtlebot3_msgs
[2.625s] -- Up-to-date: /home/samuelcruz/Laboratorio_Robotica/lab_1/ros2_ws/turtlebot3_ws/install/turtlebot3_msgs/share/turtlebot3_msgs/environment/ament_prefix_path.sh
[2.626s] -- Up-to-date: /home/samuelcruz/Laboratorio_Robotica/lab_1/ros2_ws/turtlebot3_ws/install/turtlebot3_msgs/share/turtlebot3_msgs/environment/ament_prefix_path.dsv
[2.626s] -- Up-to-date: /home/samuelcruz/Laboratorio_Robotica/lab_1/ros2_ws/turtlebot3_ws/install/turtlebot3_msgs/share/turtlebot3_msgs/environment/path.sh
[2.626s] -- Up-to-date: /home/samuelcruz/Laboratorio_Robotica/lab_1/ros2_ws/turtlebot3_ws/install/turtlebot3_msgs/share/turtlebot3_msgs/environment/path.dsv
[2.627s] -- Up-to-date: /home/samuelcruz/Laboratorio_Robotica/lab_1/ros2_ws/turtlebot3_ws/install/turtlebot3_msgs/share/turtlebot3_msgs/local_setup.bash
[2.627s] -- Up-to-date: /home/samuelcruz/Laboratorio_Robotica/lab_1/ros2_ws/turtlebot3_ws/install/turtlebot3_msgs/share/turtlebot3_msgs/local_setup.sh
[2.627s] -- Up-to-date: /home/samuelcruz/Laboratorio_Robotica/lab_1/ros2_ws/turtlebot3_ws/install/turtlebot3_msgs/share/turtlebot3_msgs/local_setup.zsh
[2.628s] -- Up-to-date: /home/samuelcruz/Laboratorio_Robotica/lab_1/ros2_ws/turtlebot3_ws/install/turtlebot3_msgs/share/turtlebot3_msgs/local_setup.dsv
[2.628s] -- Installing: /home/samuelcruz/Laboratorio_Robotica/lab_1/ros2_ws/turtlebot3_ws/install/turtlebot3_msgs/share/turtlebot3_msgs/package.dsv
[2.628s] -- Up-to-date: /home/samuelcruz/Laboratorio_Robotica/lab_1/ros2_ws/turtlebot3_ws/install/turtlebot3_msgs/share/ament_index/resource_index/packages/turtlebot3_msgs
[2.632s] -- Up-to-date: /home/samuelcruz/Laboratorio_Robotica/lab_1/ros2_ws/turtlebot3_ws/install/turtlebot3_msgs/share/turtlebot3_msgs/cmake/export_turtlebot3_msgs__rosidl_generator_cExport.cmake
[2.632s] -- Up-to-date: /home/samuelcruz/Laboratorio_Robotica/lab_1/ros2_ws/turtlebot3_ws/install/turtlebot3_msgs/share/turtlebot3_msgs/cmake/export_turtlebot3_msgs__rosidl_generator_cExport-noconfig.cmake
[2.634s] -- Up-to-date: /home/samuelcruz/Laboratorio_Robotica/lab_1/ros2_ws/turtlebot3_ws/install/turtlebot3_msgs/share/turtlebot3_msgs/cmake/export_turtlebot3_msgs__rosidl_typesupport_fastrtps_cExport.cmake
[2.635s] -- Up-to-date: /home/samuelcruz/Laboratorio_Robotica/lab_1/ros2_ws/turtlebot3_ws/install/turtlebot3_msgs/share/turtlebot3_msgs/cmake/export_turtlebot3_msgs__rosidl_typesupport_fastrtps_cExport-noconfig.cmake
[2.636s] -- Up-to-date: /home/samuelcruz/Laboratorio_Robotica/lab_1/ros2_ws/turtlebot3_ws/install/turtlebot3_msgs/share/turtlebot3_msgs/cmake/export_turtlebot3_msgs__rosidl_generator_cppExport.cmake
[2.639s] -- Up-to-date: /home/samuelcruz/Laboratorio_Robotica/lab_1/ros2_ws/turtlebot3_ws/install/turtlebot3_msgs/share/turtlebot3_msgs/cmake/export_turtlebot3_msgs__rosidl_typesupport_fastrtps_cppExport.cmake
[2.639s] -- Up-to-date: /home/samuelcruz/Laboratorio_Robotica/lab_1/ros2_ws/turtlebot3_ws/install/turtlebot3_msgs/share/turtlebot3_msgs/cmake/export_turtlebot3_msgs__rosidl_typesupport_fastrtps_cppExport-noconfig.cmake
[2.641s] -- Up-to-date: /home/samuelcruz/Laboratorio_Robotica/lab_1/ros2_ws/turtlebot3_ws/install/turtlebot3_msgs/share/turtlebot3_msgs/cmake/turtlebot3_msgs__rosidl_typesupport_introspection_cExport.cmake
[2.641s] -- Up-to-date: /home/samuelcruz/Laboratorio_Robotica/lab_1/ros2_ws/turtlebot3_ws/install/turtlebot3_msgs/share/turtlebot3_msgs/cmake/turtlebot3_msgs__rosidl_typesupport_introspection_cExport-noconfig.cmake
[2.643s] -- Up-to-date: /home/samuelcruz/Laboratorio_Robotica/lab_1/ros2_ws/turtlebot3_ws/install/turtlebot3_msgs/share/turtlebot3_msgs/cmake/turtlebot3_msgs__rosidl_typesupport_cExport.cmake
[2.643s] -- Up-to-date: /home/samuelcruz/Laboratorio_Robotica/lab_1/ros2_ws/turtlebot3_ws/install/turtlebot3_msgs/share/turtlebot3_msgs/cmake/turtlebot3_msgs__rosidl_typesupport_cExport-noconfig.cmake
[2.645s] -- Up-to-date: /home/samuelcruz/Laboratorio_Robotica/lab_1/ros2_ws/turtlebot3_ws/install/turtlebot3_msgs/share/turtlebot3_msgs/cmake/turtlebot3_msgs__rosidl_typesupport_introspection_cppExport.cmake
[2.645s] -- Up-to-date: /home/samuelcruz/Laboratorio_Robotica/lab_1/ros2_ws/turtlebot3_ws/install/turtlebot3_msgs/share/turtlebot3_msgs/cmake/turtlebot3_msgs__rosidl_typesupport_introspection_cppExport-noconfig.cmake
[2.647s] -- Up-to-date: /home/samuelcruz/Laboratorio_Robotica/lab_1/ros2_ws/turtlebot3_ws/install/turtlebot3_msgs/share/turtlebot3_msgs/cmake/turtlebot3_msgs__rosidl_typesupport_cppExport.cmake
[2.647s] -- Up-to-date: /home/samuelcruz/Laboratorio_Robotica/lab_1/ros2_ws/turtlebot3_ws/install/turtlebot3_msgs/share/turtlebot3_msgs/cmake/turtlebot3_msgs__rosidl_typesupport_cppExport-noconfig.cmake
[2.650s] -- Up-to-date: /home/samuelcruz/Laboratorio_Robotica/lab_1/ros2_ws/turtlebot3_ws/install/turtlebot3_msgs/share/turtlebot3_msgs/cmake/export_turtlebot3_msgs__rosidl_generator_pyExport.cmake
[2.650s] -- Up-to-date: /home/samuelcruz/Laboratorio_Robotica/lab_1/ros2_ws/turtlebot3_ws/install/turtlebot3_msgs/share/turtlebot3_msgs/cmake/export_turtlebot3_msgs__rosidl_generator_pyExport-noconfig.cmake
[2.650s] -- Up-to-date: /home/samuelcruz/Laboratorio_Robotica/lab_1/ros2_ws/turtlebot3_ws/install/turtlebot3_msgs/share/turtlebot3_msgs/cmake/rosidl_cmake-extras.cmake
[2.650s] -- Up-to-date: /home/samuelcruz/Laboratorio_Robotica/lab_1/ros2_ws/turtlebot3_ws/install/turtlebot3_msgs/share/turtlebot3_msgs/cmake/ament_cmake_export_dependencies-extras.cmake
[2.650s] -- Up-to-date: /home/samuelcruz/Laboratorio_Robotica/lab_1/ros2_ws/turtlebot3_ws/install/turtlebot3_msgs/share/turtlebot3_msgs/cmake/ament_cmake_export_include_directories-extras.cmake
[2.651s] -- Up-to-date: /home/samuelcruz/Laboratorio_Robotica/lab_1/ros2_ws/turtlebot3_ws/install/turtlebot3_msgs/share/turtlebot3_msgs/cmake/ament_cmake_export_libraries-extras.cmake
[2.651s] -- Up-to-date: /home/samuelcruz/Laboratorio_Robotica/lab_1/ros2_ws/turtlebot3_ws/install/turtlebot3_msgs/share/turtlebot3_msgs/cmake/ament_cmake_export_targets-extras.cmake
[2.651s] -- Up-to-date: /home/samuelcruz/Laboratorio_Robotica/lab_1/ros2_ws/turtlebot3_ws/install/turtlebot3_msgs/share/turtlebot3_msgs/cmake/rosidl_cmake_export_typesupport_targets-extras.cmake
[2.651s] -- Up-to-date: /home/samuelcruz/Laboratorio_Robotica/lab_1/ros2_ws/turtlebot3_ws/install/turtlebot3_msgs/share/turtlebot3_msgs/cmake/rosidl_cmake_export_typesupport_libraries-extras.cmake
[2.651s] -- Up-to-date: /home/samuelcruz/Laboratorio_Robotica/lab_1/ros2_ws/turtlebot3_ws/install/turtlebot3_msgs/share/turtlebot3_msgs/cmake/turtlebot3_msgsConfig.cmake
[2.652s] -- Up-to-date: /home/samuelcruz/Laboratorio_Robotica/lab_1/ros2_ws/turtlebot3_ws/install/turtlebot3_msgs/share/turtlebot3_msgs/cmake/turtlebot3_msgsConfig-version.cmake
[2.652s] -- Up-to-date: /home/samuelcruz/Laboratorio_Robotica/lab_1/ros2_ws/turtlebot3_ws/install/turtlebot3_msgs/share/turtlebot3_msgs/package.xml
[2.679s] Invoked command in '/home/samuelcruz/Laboratorio_Robotica/lab_1/ros2_ws/turtlebot3_ws/build/turtlebot3_msgs' returned '0': CMAKE_PREFIX_PATH=${CMAKE_PREFIX_PATH}:/home/samuelcruz/Laboratorio_Robotica/lab_1/ros2_ws/turtlebot3_ws/install/turtlebot3_teleop:/home/samuelcruz/Laboratorio_Robotica/lab_1/ros2_ws/turtlebot3_ws/install/turtlebot3_example:/opt/ros/humble /usr/bin/cmake --install /home/samuelcruz/Laboratorio_Robotica/lab_1/ros2_ws/turtlebot3_ws/build/turtlebot3_msgs
