[0.717s] Invoking command in '/home/samuelcruz/ros2_ws/src/my_turtle_controller': CONDA_PROMPT_MODIFIER=(base) PYTHONPATH=/home/samuelcruz/ros2_ws/build/my_turtle_controller/prefix_override:/usr/lib/python3/dist-packages/colcon_core/task/python/colcon_distutils_commands:/home/samuelcruz/ros2_ws/install/my_turtle_controller/lib/python3.10/site-packages:${PYTHONPATH} /usr/bin/python3 -W ignore:setup.py install is deprecated -W ignore:easy_install command is deprecated setup.py egg_info --egg-base ../../build/my_turtle_controller build --build-base /home/samuelcruz/ros2_ws/build/my_turtle_controller/build install --record /home/samuelcruz/ros2_ws/build/my_turtle_controller/install.log --single-version-externally-managed install_data
[0.965s] running egg_info
[0.966s] writing ../../build/my_turtle_controller/my_turtle_controller.egg-info/PKG-INFO
[0.978s] writing dependency_links to ../../build/my_turtle_controller/my_turtle_controller.egg-info/dependency_links.txt
[0.979s] writing entry points to ../../build/my_turtle_controller/my_turtle_controller.egg-info/entry_points.txt
[0.979s] writing requirements to ../../build/my_turtle_controller/my_turtle_controller.egg-info/requires.txt
[0.979s] writing top-level names to ../../build/my_turtle_controller/my_turtle_controller.egg-info/top_level.txt
[0.979s] reading manifest file '../../build/my_turtle_controller/my_turtle_controller.egg-info/SOURCES.txt'
[0.979s] writing manifest file '../../build/my_turtle_controller/my_turtle_controller.egg-info/SOURCES.txt'
[0.979s] running build
[0.979s] running build_py
[0.979s] running install
[0.979s] running install_lib
[0.984s] running install_data
[0.984s] running install_egg_info
[0.984s] removing '/home/samuelcruz/ros2_ws/install/my_turtle_controller/lib/python3.10/site-packages/my_turtle_controller-0.0.0-py3.10.egg-info' (and everything under it)
[1.397s] Copying ../../build/my_turtle_controller/my_turtle_controller.egg-info to /home/samuelcruz/ros2_ws/install/my_turtle_controller/lib/python3.10/site-packages/my_turtle_controller-0.0.0-py3.10.egg-info
[1.397s] running install_scripts
[1.419s] Installing move_turtle script to /home/samuelcruz/ros2_ws/install/my_turtle_controller/lib/my_turtle_controller
[1.422s] writing list of installed files to '/home/samuelcruz/ros2_ws/build/my_turtle_controller/install.log'
[1.452s] Invoked command in '/home/samuelcruz/ros2_ws/src/my_turtle_controller' returned '0': CONDA_PROMPT_MODIFIER=(base) PYTHONPATH=/home/samuelcruz/ros2_ws/build/my_turtle_controller/prefix_override:/usr/lib/python3/dist-packages/colcon_core/task/python/colcon_distutils_commands:/home/samuelcruz/ros2_ws/install/my_turtle_controller/lib/python3.10/site-packages:${PYTHONPATH} /usr/bin/python3 -W ignore:setup.py install is deprecated -W ignore:easy_install command is deprecated setup.py egg_info --egg-base ../../build/my_turtle_controller build --build-base /home/samuelcruz/ros2_ws/build/my_turtle_controller/build install --record /home/samuelcruz/ros2_ws/build/my_turtle_controller/install.log --single-version-externally-managed install_data
