[0.668s] Invoking command in '/home/samuelcruz/ros2_ws/src/my_turtle_controller': CONDA_PROMPT_MODIFIER=(base) PYTHONPATH=/home/samuelcruz/ros2_ws/build/my_turtle_controller/prefix_override:/usr/lib/python3/dist-packages/colcon_core/task/python/colcon_distutils_commands:/home/samuelcruz/ros2_ws/install/my_turtle_controller/lib/python3.10/site-packages:${PYTHONPATH} /usr/bin/python3 -W ignore:setup.py install is deprecated -W ignore:easy_install command is deprecated setup.py egg_info --egg-base ../../build/my_turtle_controller build --build-base /home/samuelcruz/ros2_ws/build/my_turtle_controller/build install --record /home/samuelcruz/ros2_ws/build/my_turtle_controller/install.log --single-version-externally-managed install_data
[0.922s] running egg_info
[0.923s] writing ../../build/my_turtle_controller/my_turtle_controller.egg-info/PKG-INFO
[0.924s] writing dependency_links to ../../build/my_turtle_controller/my_turtle_controller.egg-info/dependency_links.txt
[0.924s] writing entry points to ../../build/my_turtle_controller/my_turtle_controller.egg-info/entry_points.txt
[0.925s] writing requirements to ../../build/my_turtle_controller/my_turtle_controller.egg-info/requires.txt
[0.925s] writing top-level names to ../../build/my_turtle_controller/my_turtle_controller.egg-info/top_level.txt
[0.928s] reading manifest file '../../build/my_turtle_controller/my_turtle_controller.egg-info/SOURCES.txt'
[0.929s] writing manifest file '../../build/my_turtle_controller/my_turtle_controller.egg-info/SOURCES.txt'
[0.929s] running build
[0.929s] running build_py
[0.930s] running install
[0.930s] running install_lib
[0.931s] running install_data
[0.931s] running install_egg_info
[0.934s] removing '/home/samuelcruz/ros2_ws/install/my_turtle_controller/lib/python3.10/site-packages/my_turtle_controller-0.0.0-py3.10.egg-info' (and everything under it)
[0.934s] Copying ../../build/my_turtle_controller/my_turtle_controller.egg-info to /home/samuelcruz/ros2_ws/install/my_turtle_controller/lib/python3.10/site-packages/my_turtle_controller-0.0.0-py3.10.egg-info
[0.935s] running install_scripts
[0.955s] Installing move_turtle script to /home/samuelcruz/ros2_ws/install/my_turtle_controller/lib/my_turtle_controller
[0.956s] writing list of installed files to '/home/samuelcruz/ros2_ws/build/my_turtle_controller/install.log'
[0.988s] Invoked command in '/home/samuelcruz/ros2_ws/src/my_turtle_controller' returned '0': CONDA_PROMPT_MODIFIER=(base) PYTHONPATH=/home/samuelcruz/ros2_ws/build/my_turtle_controller/prefix_override:/usr/lib/python3/dist-packages/colcon_core/task/python/colcon_distutils_commands:/home/samuelcruz/ros2_ws/install/my_turtle_controller/lib/python3.10/site-packages:${PYTHONPATH} /usr/bin/python3 -W ignore:setup.py install is deprecated -W ignore:easy_install command is deprecated setup.py egg_info --egg-base ../../build/my_turtle_controller build --build-base /home/samuelcruz/ros2_ws/build/my_turtle_controller/build install --record /home/samuelcruz/ros2_ws/build/my_turtle_controller/install.log --single-version-externally-managed install_data
