[1.089s] Invoking command in '/home/samuelcruz/Laboratorio_Robotica/ros2_ws/turtlesim_ws/src/my_turtle_controller': PYTHONPATH=/home/samuelcruz/Laboratorio_Robotica/ros2_ws/turtlesim_ws/build/my_turtle_controller/prefix_override:/usr/lib/python3/dist-packages/colcon_core/task/python/colcon_distutils_commands:/home/samuelcruz/Laboratorio_Robotica/ros2_ws/turtlesim_ws/install/my_turtle_controller/lib/python3.10/site-packages:${PYTHONPATH} /usr/bin/python3 -W ignore:setup.py install is deprecated -W ignore:easy_install command is deprecated setup.py egg_info --egg-base ../../build/my_turtle_controller build --build-base /home/samuelcruz/Laboratorio_Robotica/ros2_ws/turtlesim_ws/build/my_turtle_controller/build install --record /home/samuelcruz/Laboratorio_Robotica/ros2_ws/turtlesim_ws/build/my_turtle_controller/install.log --single-version-externally-managed install_data
[1.550s] running egg_info
[1.552s] writing ../../build/my_turtle_controller/my_turtle_controller.egg-info/PKG-INFO
[1.552s] writing dependency_links to ../../build/my_turtle_controller/my_turtle_controller.egg-info/dependency_links.txt
[1.553s] writing entry points to ../../build/my_turtle_controller/my_turtle_controller.egg-info/entry_points.txt
[1.553s] writing requirements to ../../build/my_turtle_controller/my_turtle_controller.egg-info/requires.txt
[1.554s] writing top-level names to ../../build/my_turtle_controller/my_turtle_controller.egg-info/top_level.txt
[1.556s] reading manifest file '../../build/my_turtle_controller/my_turtle_controller.egg-info/SOURCES.txt'
[1.561s] writing manifest file '../../build/my_turtle_controller/my_turtle_controller.egg-info/SOURCES.txt'
[1.566s] running build
[1.566s] running build_py
[1.567s] copying my_turtle_controller/move_turtle.py -> /home/samuelcruz/Laboratorio_Robotica/ros2_ws/turtlesim_ws/build/my_turtle_controller/build/lib/my_turtle_controller
[1.568s] running install
[1.569s] running install_lib
[1.572s] copying /home/samuelcruz/Laboratorio_Robotica/ros2_ws/turtlesim_ws/build/my_turtle_controller/build/lib/my_turtle_controller/move_turtle.py -> /home/samuelcruz/Laboratorio_Robotica/ros2_ws/turtlesim_ws/install/my_turtle_controller/lib/python3.10/site-packages/my_turtle_controller
[1.574s] byte-compiling /home/samuelcruz/Laboratorio_Robotica/ros2_ws/turtlesim_ws/install/my_turtle_controller/lib/python3.10/site-packages/my_turtle_controller/move_turtle.py to move_turtle.cpython-310.pyc
[1.581s] running install_data
[1.582s] running install_egg_info
[1.585s] removing '/home/samuelcruz/Laboratorio_Robotica/ros2_ws/turtlesim_ws/install/my_turtle_controller/lib/python3.10/site-packages/my_turtle_controller-0.0.0-py3.10.egg-info' (and everything under it)
[1.604s] Copying ../../build/my_turtle_controller/my_turtle_controller.egg-info to /home/samuelcruz/Laboratorio_Robotica/ros2_ws/turtlesim_ws/install/my_turtle_controller/lib/python3.10/site-packages/my_turtle_controller-0.0.0-py3.10.egg-info
[1.604s] running install_scripts
[1.640s] Installing move_turtle script to /home/samuelcruz/Laboratorio_Robotica/ros2_ws/turtlesim_ws/install/my_turtle_controller/lib/my_turtle_controller
[1.640s] writing list of installed files to '/home/samuelcruz/Laboratorio_Robotica/ros2_ws/turtlesim_ws/build/my_turtle_controller/install.log'
[1.694s] Invoked command in '/home/samuelcruz/Laboratorio_Robotica/ros2_ws/turtlesim_ws/src/my_turtle_controller' returned '0': PYTHONPATH=/home/samuelcruz/Laboratorio_Robotica/ros2_ws/turtlesim_ws/build/my_turtle_controller/prefix_override:/usr/lib/python3/dist-packages/colcon_core/task/python/colcon_distutils_commands:/home/samuelcruz/Laboratorio_Robotica/ros2_ws/turtlesim_ws/install/my_turtle_controller/lib/python3.10/site-packages:${PYTHONPATH} /usr/bin/python3 -W ignore:setup.py install is deprecated -W ignore:easy_install command is deprecated setup.py egg_info --egg-base ../../build/my_turtle_controller build --build-base /home/samuelcruz/Laboratorio_Robotica/ros2_ws/turtlesim_ws/build/my_turtle_controller/build install --record /home/samuelcruz/Laboratorio_Robotica/ros2_ws/turtlesim_ws/build/my_turtle_controller/install.log --single-version-externally-managed install_data
