[0.828s] Invoking command in '/home/samuelcruz/ros2_ws/src/my_turtle_controller': CONDA_PROMPT_MODIFIER=(base) PYTHONPATH=/home/samuelcruz/ros2_ws/build/my_turtle_controller/prefix_override:/usr/lib/python3/dist-packages/colcon_core/task/python/colcon_distutils_commands:/home/samuelcruz/ros2_ws/install/my_turtle_controller/lib/python3.10/site-packages:${PYTHONPATH} /usr/bin/python3 -W ignore:setup.py install is deprecated -W ignore:easy_install command is deprecated setup.py egg_info --egg-base ../../build/my_turtle_controller build --build-base /home/samuelcruz/ros2_ws/build/my_turtle_controller/build install --record /home/samuelcruz/ros2_ws/build/my_turtle_controller/install.log --single-version-externally-managed install_data
[1.060s] running egg_info
[1.060s] creating ../../build/my_turtle_controller/my_turtle_controller.egg-info
[1.060s] writing ../../build/my_turtle_controller/my_turtle_controller.egg-info/PKG-INFO
[1.060s] writing dependency_links to ../../build/my_turtle_controller/my_turtle_controller.egg-info/dependency_links.txt
[1.060s] writing entry points to ../../build/my_turtle_controller/my_turtle_controller.egg-info/entry_points.txt
[1.060s] writing requirements to ../../build/my_turtle_controller/my_turtle_controller.egg-info/requires.txt
[1.061s] writing top-level names to ../../build/my_turtle_controller/my_turtle_controller.egg-info/top_level.txt
[1.061s] writing manifest file '../../build/my_turtle_controller/my_turtle_controller.egg-info/SOURCES.txt'
[1.072s] reading manifest file '../../build/my_turtle_controller/my_turtle_controller.egg-info/SOURCES.txt'
[1.079s] writing manifest file '../../build/my_turtle_controller/my_turtle_controller.egg-info/SOURCES.txt'
[1.084s] running build
[1.084s] running build_py
[1.084s] creating /home/samuelcruz/ros2_ws/build/my_turtle_controller/build
[1.084s] creating /home/samuelcruz/ros2_ws/build/my_turtle_controller/build/lib
[1.087s] creating /home/samuelcruz/ros2_ws/build/my_turtle_controller/build/lib/my_turtle_controller
[1.093s] copying my_turtle_controller/move_turtle.py -> /home/samuelcruz/ros2_ws/build/my_turtle_controller/build/lib/my_turtle_controller
[1.093s] copying my_turtle_controller/__init__.py -> /home/samuelcruz/ros2_ws/build/my_turtle_controller/build/lib/my_turtle_controller
[1.093s] running install
[1.093s] running install_lib
[1.093s] creating /home/samuelcruz/ros2_ws/install/my_turtle_controller/lib/python3.10/site-packages/my_turtle_controller
[1.093s] copying /home/samuelcruz/ros2_ws/build/my_turtle_controller/build/lib/my_turtle_controller/move_turtle.py -> /home/samuelcruz/ros2_ws/install/my_turtle_controller/lib/python3.10/site-packages/my_turtle_controller
[1.094s] copying /home/samuelcruz/ros2_ws/build/my_turtle_controller/build/lib/my_turtle_controller/__init__.py -> /home/samuelcruz/ros2_ws/install/my_turtle_controller/lib/python3.10/site-packages/my_turtle_controller
[1.094s] byte-compiling /home/samuelcruz/ros2_ws/install/my_turtle_controller/lib/python3.10/site-packages/my_turtle_controller/move_turtle.py to move_turtle.cpython-310.pyc
[1.094s] byte-compiling /home/samuelcruz/ros2_ws/install/my_turtle_controller/lib/python3.10/site-packages/my_turtle_controller/__init__.py to __init__.cpython-310.pyc
[1.094s] running install_data
[1.094s] creating /home/samuelcruz/ros2_ws/install/my_turtle_controller/share/ament_index
[1.094s] creating /home/samuelcruz/ros2_ws/install/my_turtle_controller/share/ament_index/resource_index
[1.094s] creating /home/samuelcruz/ros2_ws/install/my_turtle_controller/share/ament_index/resource_index/packages
[1.095s] copying resource/my_turtle_controller -> /home/samuelcruz/ros2_ws/install/my_turtle_controller/share/ament_index/resource_index/packages
[1.095s] copying package.xml -> /home/samuelcruz/ros2_ws/install/my_turtle_controller/share/my_turtle_controller
[1.095s] running install_egg_info
[1.095s] Copying ../../build/my_turtle_controller/my_turtle_controller.egg-info to /home/samuelcruz/ros2_ws/install/my_turtle_controller/lib/python3.10/site-packages/my_turtle_controller-0.0.0-py3.10.egg-info
[1.095s] running install_scripts
[1.147s] Installing move_turtle script to /home/samuelcruz/ros2_ws/install/my_turtle_controller/lib/my_turtle_controller
[1.148s] writing list of installed files to '/home/samuelcruz/ros2_ws/build/my_turtle_controller/install.log'
[1.226s] Invoked command in '/home/samuelcruz/ros2_ws/src/my_turtle_controller' returned '0': CONDA_PROMPT_MODIFIER=(base) PYTHONPATH=/home/samuelcruz/ros2_ws/build/my_turtle_controller/prefix_override:/usr/lib/python3/dist-packages/colcon_core/task/python/colcon_distutils_commands:/home/samuelcruz/ros2_ws/install/my_turtle_controller/lib/python3.10/site-packages:${PYTHONPATH} /usr/bin/python3 -W ignore:setup.py install is deprecated -W ignore:easy_install command is deprecated setup.py egg_info --egg-base ../../build/my_turtle_controller build --build-base /home/samuelcruz/ros2_ws/build/my_turtle_controller/build install --record /home/samuelcruz/ros2_ws/build/my_turtle_controller/install.log --single-version-externally-managed install_data
