[0.099s] Invoking command in '/home/samuelcruz/Laboratorio_Robotica/ros2_ws/turtlebot3_ws/build/dynamixel_sdk': CMAKE_PREFIX_PATH=${CMAKE_PREFIX_PATH}:/home/samuelcruz/Laboratorio_Robotica/ros2_ws/turtlebot3_ws/install/turtlebot3_teleop:/home/samuelcruz/Laboratorio_Robotica/ros2_ws/turtlebot3_ws/install/turtlebot3_example:/opt/ros/humble /usr/bin/cmake --build /home/samuelcruz/Laboratorio_Robotica/ros2_ws/turtlebot3_ws/build/dynamixel_sdk -- -j2 -l2
[0.364s] [35m[1mConsolidate compiler generated dependencies of target dynamixel_sdk[0m
[0.530s] [  0%] Built target ament_cmake_python_copy_dynamixel_sdk
[0.585s] [100%] Built target dynamixel_sdk
[1.446s] running egg_info
[1.446s] writing dynamixel_sdk.egg-info/PKG-INFO
[1.446s] writing dependency_links to dynamixel_sdk.egg-info/dependency_links.txt
[1.446s] writing top-level names to dynamixel_sdk.egg-info/top_level.txt
[1.458s] reading manifest file 'dynamixel_sdk.egg-info/SOURCES.txt'
[1.468s] writing manifest file 'dynamixel_sdk.egg-info/SOURCES.txt'
[1.680s] [100%] Built target ament_cmake_python_build_dynamixel_sdk_egg
[1.813s] Invoked command in '/home/samuelcruz/Laboratorio_Robotica/ros2_ws/turtlebot3_ws/build/dynamixel_sdk' returned '0': CMAKE_PREFIX_PATH=${CMAKE_PREFIX_PATH}:/home/samuelcruz/Laboratorio_Robotica/ros2_ws/turtlebot3_ws/install/turtlebot3_teleop:/home/samuelcruz/Laboratorio_Robotica/ros2_ws/turtlebot3_ws/install/turtlebot3_example:/opt/ros/humble /usr/bin/cmake --build /home/samuelcruz/Laboratorio_Robotica/ros2_ws/turtlebot3_ws/build/dynamixel_sdk -- -j2 -l2
[1.953s] Invoking command in '/home/samuelcruz/Laboratorio_Robotica/ros2_ws/turtlebot3_ws/build/dynamixel_sdk': CMAKE_PREFIX_PATH=${CMAKE_PREFIX_PATH}:/home/samuelcruz/Laboratorio_Robotica/ros2_ws/turtlebot3_ws/install/turtlebot3_teleop:/home/samuelcruz/Laboratorio_Robotica/ros2_ws/turtlebot3_ws/install/turtlebot3_example:/opt/ros/humble /usr/bin/cmake --install /home/samuelcruz/Laboratorio_Robotica/ros2_ws/turtlebot3_ws/build/dynamixel_sdk
[2.037s] -- Install configuration: ""
[2.044s] -- Up-to-date: /home/samuelcruz/Laboratorio_Robotica/ros2_ws/turtlebot3_ws/install/dynamixel_sdk/include/
[2.045s] -- Up-to-date: /home/samuelcruz/Laboratorio_Robotica/ros2_ws/turtlebot3_ws/install/dynamixel_sdk/include//dynamixel_sdk
[2.050s] -- Up-to-date: /home/samuelcruz/Laboratorio_Robotica/ros2_ws/turtlebot3_ws/install/dynamixel_sdk/include//dynamixel_sdk/group_handler.h
[2.051s] -- Up-to-date: /home/samuelcruz/Laboratorio_Robotica/ros2_ws/turtlebot3_ws/install/dynamixel_sdk/include//dynamixel_sdk/dynamixel_sdk.h
[2.051s] -- Up-to-date: /home/samuelcruz/Laboratorio_Robotica/ros2_ws/turtlebot3_ws/install/dynamixel_sdk/include//dynamixel_sdk/group_bulk_read.h
[2.051s] -- Up-to-date: /home/samuelcruz/Laboratorio_Robotica/ros2_ws/turtlebot3_ws/install/dynamixel_sdk/include//dynamixel_sdk/group_bulk_write.h
[2.051s] -- Up-to-date: /home/samuelcruz/Laboratorio_Robotica/ros2_ws/turtlebot3_ws/install/dynamixel_sdk/include//dynamixel_sdk/group_sync_read.h
[2.089s] -- Up-to-date: /home/samuelcruz/Laboratorio_Robotica/ros2_ws/turtlebot3_ws/install/dynamixel_sdk/include//dynamixel_sdk/port_handler.h
[2.091s] -- Up-to-date: /home/samuelcruz/Laboratorio_Robotica/ros2_ws/turtlebot3_ws/install/dynamixel_sdk/include//dynamixel_sdk/protocol2_packet_handler.h
[2.095s] -- Up-to-date: /home/samuelcruz/Laboratorio_Robotica/ros2_ws/turtlebot3_ws/install/dynamixel_sdk/include//dynamixel_sdk/protocol1_packet_handler.h
[2.098s] -- Up-to-date: /home/samuelcruz/Laboratorio_Robotica/ros2_ws/turtlebot3_ws/install/dynamixel_sdk/include//dynamixel_sdk/group_fast_bulk_read.h
[2.100s] -- Up-to-date: /home/samuelcruz/Laboratorio_Robotica/ros2_ws/turtlebot3_ws/install/dynamixel_sdk/include//dynamixel_sdk/port_handler_windows.h
[2.114s] -- Up-to-date: /home/samuelcruz/Laboratorio_Robotica/ros2_ws/turtlebot3_ws/install/dynamixel_sdk/include//dynamixel_sdk/group_sync_write.h
[2.115s] -- Up-to-date: /home/samuelcruz/Laboratorio_Robotica/ros2_ws/turtlebot3_ws/install/dynamixel_sdk/include//dynamixel_sdk/port_handler_linux.h
[2.115s] -- Up-to-date: /home/samuelcruz/Laboratorio_Robotica/ros2_ws/turtlebot3_ws/install/dynamixel_sdk/include//dynamixel_sdk/port_handler_arduino.h
[2.115s] -- Up-to-date: /home/samuelcruz/Laboratorio_Robotica/ros2_ws/turtlebot3_ws/install/dynamixel_sdk/include//dynamixel_sdk/packet_handler.h
[2.115s] -- Up-to-date: /home/samuelcruz/Laboratorio_Robotica/ros2_ws/turtlebot3_ws/install/dynamixel_sdk/include//dynamixel_sdk/port_handler_mac.h
[2.115s] -- Up-to-date: /home/samuelcruz/Laboratorio_Robotica/ros2_ws/turtlebot3_ws/install/dynamixel_sdk/include//dynamixel_sdk/group_fast_sync_read.h
[2.116s] -- Up-to-date: /home/samuelcruz/Laboratorio_Robotica/ros2_ws/turtlebot3_ws/install/dynamixel_sdk/lib/libdynamixel_sdk.so
[2.118s] -- Up-to-date: /home/samuelcruz/Laboratorio_Robotica/ros2_ws/turtlebot3_ws/install/dynamixel_sdk/share/dynamixel_sdk/environment/pythonpath.sh
[2.119s] -- Up-to-date: /home/samuelcruz/Laboratorio_Robotica/ros2_ws/turtlebot3_ws/install/dynamixel_sdk/share/dynamixel_sdk/environment/pythonpath.dsv
[2.119s] -- Up-to-date: /home/samuelcruz/Laboratorio_Robotica/ros2_ws/turtlebot3_ws/install/dynamixel_sdk/local/lib/python3.10/dist-packages/dynamixel_sdk-3.8.3-py3.10.egg-info
[2.119s] -- Installing: /home/samuelcruz/Laboratorio_Robotica/ros2_ws/turtlebot3_ws/install/dynamixel_sdk/local/lib/python3.10/dist-packages/dynamixel_sdk-3.8.3-py3.10.egg-info/top_level.txt
[2.129s] -- Installing: /home/samuelcruz/Laboratorio_Robotica/ros2_ws/turtlebot3_ws/install/dynamixel_sdk/local/lib/python3.10/dist-packages/dynamixel_sdk-3.8.3-py3.10.egg-info/dependency_links.txt
[2.130s] -- Installing: /home/samuelcruz/Laboratorio_Robotica/ros2_ws/turtlebot3_ws/install/dynamixel_sdk/local/lib/python3.10/dist-packages/dynamixel_sdk-3.8.3-py3.10.egg-info/PKG-INFO
[2.131s] -- Installing: /home/samuelcruz/Laboratorio_Robotica/ros2_ws/turtlebot3_ws/install/dynamixel_sdk/local/lib/python3.10/dist-packages/dynamixel_sdk-3.8.3-py3.10.egg-info/SOURCES.txt
[2.131s] -- Up-to-date: /home/samuelcruz/Laboratorio_Robotica/ros2_ws/turtlebot3_ws/install/dynamixel_sdk/local/lib/python3.10/dist-packages/dynamixel_sdk
[2.134s] -- Up-to-date: /home/samuelcruz/Laboratorio_Robotica/ros2_ws/turtlebot3_ws/install/dynamixel_sdk/local/lib/python3.10/dist-packages/dynamixel_sdk/port_handler.cpp
[2.146s] -- Up-to-date: /home/samuelcruz/Laboratorio_Robotica/ros2_ws/turtlebot3_ws/install/dynamixel_sdk/local/lib/python3.10/dist-packages/dynamixel_sdk/port_handler_mac.cpp
[2.166s] -- Up-to-date: /home/samuelcruz/Laboratorio_Robotica/ros2_ws/turtlebot3_ws/install/dynamixel_sdk/local/lib/python3.10/dist-packages/dynamixel_sdk/packet_handler.py
[2.166s] -- Up-to-date: /home/samuelcruz/Laboratorio_Robotica/ros2_ws/turtlebot3_ws/install/dynamixel_sdk/local/lib/python3.10/dist-packages/dynamixel_sdk/group_fast_sync_read.cpp
[2.167s] -- Up-to-date: /home/samuelcruz/Laboratorio_Robotica/ros2_ws/turtlebot3_ws/install/dynamixel_sdk/local/lib/python3.10/dist-packages/dynamixel_sdk/protocol1_packet_handler.py
[2.168s] -- Up-to-date: /home/samuelcruz/Laboratorio_Robotica/ros2_ws/turtlebot3_ws/install/dynamixel_sdk/local/lib/python3.10/dist-packages/dynamixel_sdk/port_handler_linux.cpp
[2.168s] -- Up-to-date: /home/samuelcruz/Laboratorio_Robotica/ros2_ws/turtlebot3_ws/install/dynamixel_sdk/local/lib/python3.10/dist-packages/dynamixel_sdk/group_sync_write.py
[2.168s] -- Up-to-date: /home/samuelcruz/Laboratorio_Robotica/ros2_ws/turtlebot3_ws/install/dynamixel_sdk/local/lib/python3.10/dist-packages/dynamixel_sdk/group_bulk_write.py
[2.168s] -- Up-to-date: /home/samuelcruz/Laboratorio_Robotica/ros2_ws/turtlebot3_ws/install/dynamixel_sdk/local/lib/python3.10/dist-packages/dynamixel_sdk/group_fast_bulk_read.cpp
[2.168s] -- Up-to-date: /home/samuelcruz/Laboratorio_Robotica/ros2_ws/turtlebot3_ws/install/dynamixel_sdk/local/lib/python3.10/dist-packages/dynamixel_sdk/group_bulk_read.cpp
[2.169s] -- Up-to-date: /home/samuelcruz/Laboratorio_Robotica/ros2_ws/turtlebot3_ws/install/dynamixel_sdk/local/lib/python3.10/dist-packages/dynamixel_sdk/group_bulk_write.cpp
[2.169s] -- Up-to-date: /home/samuelcruz/Laboratorio_Robotica/ros2_ws/turtlebot3_ws/install/dynamixel_sdk/local/lib/python3.10/dist-packages/dynamixel_sdk/protocol2_packet_handler.cpp
[2.169s] -- Up-to-date: /home/samuelcruz/Laboratorio_Robotica/ros2_ws/turtlebot3_ws/install/dynamixel_sdk/local/lib/python3.10/dist-packages/dynamixel_sdk/group_sync_write.cpp
[2.169s] -- Up-to-date: /home/samuelcruz/Laboratorio_Robotica/ros2_ws/turtlebot3_ws/install/dynamixel_sdk/local/lib/python3.10/dist-packages/dynamixel_sdk/group_bulk_read.py
[2.170s] -- Up-to-date: /home/samuelcruz/Laboratorio_Robotica/ros2_ws/turtlebot3_ws/install/dynamixel_sdk/local/lib/python3.10/dist-packages/dynamixel_sdk/port_handler_windows.cpp
[2.170s] -- Up-to-date: /home/samuelcruz/Laboratorio_Robotica/ros2_ws/turtlebot3_ws/install/dynamixel_sdk/local/lib/python3.10/dist-packages/dynamixel_sdk/protocol2_packet_handler.py
[2.170s] -- Up-to-date: /home/samuelcruz/Laboratorio_Robotica/ros2_ws/turtlebot3_ws/install/dynamixel_sdk/local/lib/python3.10/dist-packages/dynamixel_sdk/group_sync_read.py
[2.170s] -- Up-to-date: /home/samuelcruz/Laboratorio_Robotica/ros2_ws/turtlebot3_ws/install/dynamixel_sdk/local/lib/python3.10/dist-packages/dynamixel_sdk/group_handler.cpp
[2.171s] -- Up-to-date: /home/samuelcruz/Laboratorio_Robotica/ros2_ws/turtlebot3_ws/install/dynamixel_sdk/local/lib/python3.10/dist-packages/dynamixel_sdk/port_handler_arduino.cpp
[2.171s] -- Up-to-date: /home/samuelcruz/Laboratorio_Robotica/ros2_ws/turtlebot3_ws/install/dynamixel_sdk/local/lib/python3.10/dist-packages/dynamixel_sdk/__init__.py
[2.171s] -- Up-to-date: /home/samuelcruz/Laboratorio_Robotica/ros2_ws/turtlebot3_ws/install/dynamixel_sdk/local/lib/python3.10/dist-packages/dynamixel_sdk/port_handler.py
[2.171s] -- Up-to-date: /home/samuelcruz/Laboratorio_Robotica/ros2_ws/turtlebot3_ws/install/dynamixel_sdk/local/lib/python3.10/dist-packages/dynamixel_sdk/packet_handler.cpp
[2.171s] -- Up-to-date: /home/samuelcruz/Laboratorio_Robotica/ros2_ws/turtlebot3_ws/install/dynamixel_sdk/local/lib/python3.10/dist-packages/dynamixel_sdk/group_sync_read.cpp
[2.171s] -- Up-to-date: /home/samuelcruz/Laboratorio_Robotica/ros2_ws/turtlebot3_ws/install/dynamixel_sdk/local/lib/python3.10/dist-packages/dynamixel_sdk/protocol1_packet_handler.cpp
[2.172s] -- Up-to-date: /home/samuelcruz/Laboratorio_Robotica/ros2_ws/turtlebot3_ws/install/dynamixel_sdk/local/lib/python3.10/dist-packages/dynamixel_sdk/robotis_def.py
[2.557s] Listing '/home/samuelcruz/Laboratorio_Robotica/ros2_ws/turtlebot3_ws/install/dynamixel_sdk/local/lib/python3.10/dist-packages/dynamixel_sdk'...
[2.564s] -- Up-to-date: /home/samuelcruz/Laboratorio_Robotica/ros2_ws/turtlebot3_ws/install/dynamixel_sdk/share/dynamixel_sdk/environment/library_path.sh
[2.564s] -- Up-to-date: /home/samuelcruz/Laboratorio_Robotica/ros2_ws/turtlebot3_ws/install/dynamixel_sdk/share/dynamixel_sdk/environment/library_path.dsv
[2.564s] -- Up-to-date: /home/samuelcruz/Laboratorio_Robotica/ros2_ws/turtlebot3_ws/install/dynamixel_sdk/share/ament_index/resource_index/package_run_dependencies/dynamixel_sdk
[2.564s] -- Up-to-date: /home/samuelcruz/Laboratorio_Robotica/ros2_ws/turtlebot3_ws/install/dynamixel_sdk/share/ament_index/resource_index/parent_prefix_path/dynamixel_sdk
[2.564s] -- Up-to-date: /home/samuelcruz/Laboratorio_Robotica/ros2_ws/turtlebot3_ws/install/dynamixel_sdk/share/dynamixel_sdk/environment/ament_prefix_path.sh
[2.564s] -- Up-to-date: /home/samuelcruz/Laboratorio_Robotica/ros2_ws/turtlebot3_ws/install/dynamixel_sdk/share/dynamixel_sdk/environment/ament_prefix_path.dsv
[2.564s] -- Up-to-date: /home/samuelcruz/Laboratorio_Robotica/ros2_ws/turtlebot3_ws/install/dynamixel_sdk/share/dynamixel_sdk/environment/path.sh
[2.564s] -- Up-to-date: /home/samuelcruz/Laboratorio_Robotica/ros2_ws/turtlebot3_ws/install/dynamixel_sdk/share/dynamixel_sdk/environment/path.dsv
[2.564s] -- Up-to-date: /home/samuelcruz/Laboratorio_Robotica/ros2_ws/turtlebot3_ws/install/dynamixel_sdk/share/dynamixel_sdk/local_setup.bash
[2.564s] -- Up-to-date: /home/samuelcruz/Laboratorio_Robotica/ros2_ws/turtlebot3_ws/install/dynamixel_sdk/share/dynamixel_sdk/local_setup.sh
[2.564s] -- Up-to-date: /home/samuelcruz/Laboratorio_Robotica/ros2_ws/turtlebot3_ws/install/dynamixel_sdk/share/dynamixel_sdk/local_setup.zsh
[2.565s] -- Up-to-date: /home/samuelcruz/Laboratorio_Robotica/ros2_ws/turtlebot3_ws/install/dynamixel_sdk/share/dynamixel_sdk/local_setup.dsv
[2.565s] -- Installing: /home/samuelcruz/Laboratorio_Robotica/ros2_ws/turtlebot3_ws/install/dynamixel_sdk/share/dynamixel_sdk/package.dsv
[2.565s] -- Up-to-date: /home/samuelcruz/Laboratorio_Robotica/ros2_ws/turtlebot3_ws/install/dynamixel_sdk/share/ament_index/resource_index/packages/dynamixel_sdk
[2.601s] -- Up-to-date: /home/samuelcruz/Laboratorio_Robotica/ros2_ws/turtlebot3_ws/install/dynamixel_sdk/share/dynamixel_sdk/cmake/ament_cmake_export_include_directories-extras.cmake
[2.601s] -- Up-to-date: /home/samuelcruz/Laboratorio_Robotica/ros2_ws/turtlebot3_ws/install/dynamixel_sdk/share/dynamixel_sdk/cmake/ament_cmake_export_libraries-extras.cmake
[2.602s] -- Up-to-date: /home/samuelcruz/Laboratorio_Robotica/ros2_ws/turtlebot3_ws/install/dynamixel_sdk/share/dynamixel_sdk/cmake/dynamixel_sdkConfig.cmake
[2.602s] -- Up-to-date: /home/samuelcruz/Laboratorio_Robotica/ros2_ws/turtlebot3_ws/install/dynamixel_sdk/share/dynamixel_sdk/cmake/dynamixel_sdkConfig-version.cmake
[2.602s] -- Up-to-date: /home/samuelcruz/Laboratorio_Robotica/ros2_ws/turtlebot3_ws/install/dynamixel_sdk/share/dynamixel_sdk/package.xml
[2.603s] Invoked command in '/home/samuelcruz/Laboratorio_Robotica/ros2_ws/turtlebot3_ws/build/dynamixel_sdk' returned '0': CMAKE_PREFIX_PATH=${CMAKE_PREFIX_PATH}:/home/samuelcruz/Laboratorio_Robotica/ros2_ws/turtlebot3_ws/install/turtlebot3_teleop:/home/samuelcruz/Laboratorio_Robotica/ros2_ws/turtlebot3_ws/install/turtlebot3_example:/opt/ros/humble /usr/bin/cmake --install /home/samuelcruz/Laboratorio_Robotica/ros2_ws/turtlebot3_ws/build/dynamixel_sdk
