[1.406s] Invoking command in '/home/samuelcruz/Laboratorio_Robotica/ros2_ws/turtlesim_ws/src/my_turtle_controller': PYTHONPATH=/home/samuelcruz/Laboratorio_Robotica/ros2_ws/turtlesim_ws/build/my_turtle_controller/prefix_override:/usr/lib/python3/dist-packages/colcon_core/task/python/colcon_distutils_commands:/home/samuelcruz/Laboratorio_Robotica/ros2_ws/turtlesim_ws/install/my_turtle_controller/lib/python3.10/site-packages:${PYTHONPATH} /usr/bin/python3 -W ignore:setup.py install is deprecated -W ignore:easy_install command is deprecated setup.py egg_info --egg-base ../../build/my_turtle_controller build --build-base /home/samuelcruz/Laboratorio_Robotica/ros2_ws/turtlesim_ws/build/my_turtle_controller/build install --record /home/samuelcruz/Laboratorio_Robotica/ros2_ws/turtlesim_ws/build/my_turtle_controller/install.log --single-version-externally-managed install_data
[1.915s] running egg_info
[1.915s] creating ../../build/my_turtle_controller/my_turtle_controller.egg-info
[1.921s] writing ../../build/my_turtle_controller/my_turtle_controller.egg-info/PKG-INFO
[1.941s] writing dependency_links to ../../build/my_turtle_controller/my_turtle_controller.egg-info/dependency_links.txt
[1.942s] writing entry points to ../../build/my_turtle_controller/my_turtle_controller.egg-info/entry_points.txt
[1.942s] writing requirements to ../../build/my_turtle_controller/my_turtle_controller.egg-info/requires.txt
[1.942s] writing top-level names to ../../build/my_turtle_controller/my_turtle_controller.egg-info/top_level.txt
[1.942s] writing manifest file '../../build/my_turtle_controller/my_turtle_controller.egg-info/SOURCES.txt'
[1.945s] reading manifest file '../../build/my_turtle_controller/my_turtle_controller.egg-info/SOURCES.txt'
[1.948s] writing manifest file '../../build/my_turtle_controller/my_turtle_controller.egg-info/SOURCES.txt'
[1.948s] running build
[1.948s] running build_py
[1.951s] creating /home/samuelcruz/Laboratorio_Robotica/ros2_ws/turtlesim_ws/build/my_turtle_controller/build
[1.951s] creating /home/samuelcruz/Laboratorio_Robotica/ros2_ws/turtlesim_ws/build/my_turtle_controller/build/lib
[1.951s] creating /home/samuelcruz/Laboratorio_Robotica/ros2_ws/turtlesim_ws/build/my_turtle_controller/build/lib/my_turtle_controller
[1.951s] copying my_turtle_controller/move_turtle.py -> /home/samuelcruz/Laboratorio_Robotica/ros2_ws/turtlesim_ws/build/my_turtle_controller/build/lib/my_turtle_controller
[1.953s] copying my_turtle_controller/__init__.py -> /home/samuelcruz/Laboratorio_Robotica/ros2_ws/turtlesim_ws/build/my_turtle_controller/build/lib/my_turtle_controller
[1.953s] running install
[1.954s] running install_lib
[1.955s] copying /home/samuelcruz/Laboratorio_Robotica/ros2_ws/turtlesim_ws/build/my_turtle_controller/build/lib/my_turtle_controller/move_turtle.py -> /home/samuelcruz/Laboratorio_Robotica/ros2_ws/turtlesim_ws/install/my_turtle_controller/lib/python3.10/site-packages/my_turtle_controller
[1.955s] byte-compiling /home/samuelcruz/Laboratorio_Robotica/ros2_ws/turtlesim_ws/install/my_turtle_controller/lib/python3.10/site-packages/my_turtle_controller/move_turtle.py to move_turtle.cpython-310.pyc
[1.977s] running install_data
[1.977s] running install_egg_info
[1.977s] removing '/home/samuelcruz/Laboratorio_Robotica/ros2_ws/turtlesim_ws/install/my_turtle_controller/lib/python3.10/site-packages/my_turtle_controller-0.0.0-py3.10.egg-info' (and everything under it)
[1.977s] Copying ../../build/my_turtle_controller/my_turtle_controller.egg-info to /home/samuelcruz/Laboratorio_Robotica/ros2_ws/turtlesim_ws/install/my_turtle_controller/lib/python3.10/site-packages/my_turtle_controller-0.0.0-py3.10.egg-info
[1.977s] running install_scripts
[2.018s] Installing move_turtle script to /home/samuelcruz/Laboratorio_Robotica/ros2_ws/turtlesim_ws/install/my_turtle_controller/lib/my_turtle_controller
[2.019s] writing list of installed files to '/home/samuelcruz/Laboratorio_Robotica/ros2_ws/turtlesim_ws/build/my_turtle_controller/install.log'
[2.047s] Invoked command in '/home/samuelcruz/Laboratorio_Robotica/ros2_ws/turtlesim_ws/src/my_turtle_controller' returned '0': PYTHONPATH=/home/samuelcruz/Laboratorio_Robotica/ros2_ws/turtlesim_ws/build/my_turtle_controller/prefix_override:/usr/lib/python3/dist-packages/colcon_core/task/python/colcon_distutils_commands:/home/samuelcruz/Laboratorio_Robotica/ros2_ws/turtlesim_ws/install/my_turtle_controller/lib/python3.10/site-packages:${PYTHONPATH} /usr/bin/python3 -W ignore:setup.py install is deprecated -W ignore:easy_install command is deprecated setup.py egg_info --egg-base ../../build/my_turtle_controller build --build-base /home/samuelcruz/Laboratorio_Robotica/ros2_ws/turtlesim_ws/build/my_turtle_controller/build install --record /home/samuelcruz/Laboratorio_Robotica/ros2_ws/turtlesim_ws/build/my_turtle_controller/install.log --single-version-externally-managed install_data
