[0.163s] DEBUG:colcon:Command line arguments: ['/usr/bin/colcon', 'build', '--packages-select', 'my_turtle_controller']
[0.163s] DEBUG:colcon:Parsed command line arguments: Namespace(log_base=None, log_level=None, verb_name='build', build_base='build', install_base='install', merge_install=False, symlink_install=False, test_result_base=None, continue_on_error=False, executor='parallel', parallel_workers=2, event_handlers=None, ignore_user_meta=False, metas=['./colcon.meta'], base_paths=['.'], packages_ignore=None, packages_ignore_regex=None, paths=None, packages_up_to=None, packages_up_to_regex=None, packages_above=None, packages_above_and_dependencies=None, packages_above_depth=None, packages_select_by_dep=None, packages_skip_by_dep=None, packages_skip_up_to=None, packages_select_build_failed=False, packages_skip_build_finished=False, packages_select_test_failures=False, packages_skip_test_passed=False, packages_select=['my_turtle_controller'], packages_skip=None, packages_select_regex=None, packages_skip_regex=None, packages_start=None, packages_end=None, allow_overriding=[], cmake_args=None, cmake_target=None, cmake_target_skip_unavailable=False, cmake_clean_cache=False, cmake_clean_first=False, cmake_force_configure=False, ament_cmake_args=None, catkin_cmake_args=None, catkin_skip_building_tests=False, mixin_files=None, mixin=None, verb_parser=<colcon_mixin.mixin.mixin_argument.MixinArgumentDecorator object at 0x7f6dc9baa770>, verb_extension=<colcon_core.verb.build.BuildVerb object at 0x7f6dc9d47670>, main=<bound method BuildVerb.main of <colcon_core.verb.build.BuildVerb object at 0x7f6dc9d47670>>, mixin_verb=('build',))
[0.414s] Level 1:colcon.colcon_core.package_discovery:discover_packages(colcon_meta) check parameters
[0.415s] Level 1:colcon.colcon_core.package_discovery:discover_packages(recursive) check parameters
[0.415s] Level 1:colcon.colcon_core.package_discovery:discover_packages(ignore) check parameters
[0.415s] Level 1:colcon.colcon_core.package_discovery:discover_packages(path) check parameters
[0.415s] Level 1:colcon.colcon_core.package_discovery:discover_packages(colcon_meta) discover
[0.415s] Level 1:colcon.colcon_core.package_discovery:discover_packages(recursive) discover
[0.416s] INFO:colcon.colcon_core.package_discovery:Crawling recursively for packages in '/home/samuelcruz/Laboratorio_Robotica/ros2_ws/turtlesim_ws'
[0.416s] Level 1:colcon.colcon_core.package_identification:_identify(.) by extensions ['ignore', 'ignore_ament_install']
[0.416s] Level 1:colcon.colcon_core.package_identification:_identify(.) by extension 'ignore'
[0.416s] Level 1:colcon.colcon_core.package_identification:_identify(.) by extension 'ignore_ament_install'
[0.418s] Level 1:colcon.colcon_core.package_identification:_identify(.) by extensions ['colcon_pkg']
[0.418s] Level 1:colcon.colcon_core.package_identification:_identify(.) by extension 'colcon_pkg'
[0.418s] Level 1:colcon.colcon_core.package_identification:_identify(.) by extensions ['colcon_meta']
[0.418s] Level 1:colcon.colcon_core.package_identification:_identify(.) by extension 'colcon_meta'
[0.419s] Level 1:colcon.colcon_core.package_identification:_identify(.) by extensions ['ros']
[0.419s] Level 1:colcon.colcon_core.package_identification:_identify(.) by extension 'ros'
[0.435s] Level 1:colcon.colcon_core.package_identification:_identify(.) by extensions ['cmake', 'python']
[0.435s] Level 1:colcon.colcon_core.package_identification:_identify(.) by extension 'cmake'
[0.436s] Level 1:colcon.colcon_core.package_identification:_identify(.) by extension 'python'
[0.436s] Level 1:colcon.colcon_core.package_identification:_identify(.) by extensions ['python_setup_py']
[0.436s] Level 1:colcon.colcon_core.package_identification:_identify(.) by extension 'python_setup_py'
[0.436s] Level 1:colcon.colcon_core.package_identification:_identify(build) by extensions ['ignore', 'ignore_ament_install']
[0.437s] Level 1:colcon.colcon_core.package_identification:_identify(build) by extension 'ignore'
[0.438s] Level 1:colcon.colcon_core.package_identification:_identify(build) ignored
[0.438s] Level 1:colcon.colcon_core.package_identification:_identify(install) by extensions ['ignore', 'ignore_ament_install']
[0.439s] Level 1:colcon.colcon_core.package_identification:_identify(install) by extension 'ignore'
[0.439s] Level 1:colcon.colcon_core.package_identification:_identify(install) ignored
[0.440s] Level 1:colcon.colcon_core.package_identification:_identify(log) by extensions ['ignore', 'ignore_ament_install']
[0.440s] Level 1:colcon.colcon_core.package_identification:_identify(log) by extension 'ignore'
[0.440s] Level 1:colcon.colcon_core.package_identification:_identify(log) ignored
[0.441s] Level 1:colcon.colcon_core.package_identification:_identify(src) by extensions ['ignore', 'ignore_ament_install']
[0.442s] Level 1:colcon.colcon_core.package_identification:_identify(src) by extension 'ignore'
[0.442s] Level 1:colcon.colcon_core.package_identification:_identify(src) by extension 'ignore_ament_install'
[0.442s] Level 1:colcon.colcon_core.package_identification:_identify(src) by extensions ['colcon_pkg']
[0.443s] Level 1:colcon.colcon_core.package_identification:_identify(src) by extension 'colcon_pkg'
[0.443s] Level 1:colcon.colcon_core.package_identification:_identify(src) by extensions ['colcon_meta']
[0.443s] Level 1:colcon.colcon_core.package_identification:_identify(src) by extension 'colcon_meta'
[0.445s] Level 1:colcon.colcon_core.package_identification:_identify(src) by extensions ['ros']
[0.446s] Level 1:colcon.colcon_core.package_identification:_identify(src) by extension 'ros'
[0.446s] Level 1:colcon.colcon_core.package_identification:_identify(src) by extensions ['cmake', 'python']
[0.446s] Level 1:colcon.colcon_core.package_identification:_identify(src) by extension 'cmake'
[0.446s] Level 1:colcon.colcon_core.package_identification:_identify(src) by extension 'python'
[0.447s] Level 1:colcon.colcon_core.package_identification:_identify(src) by extensions ['python_setup_py']
[0.447s] Level 1:colcon.colcon_core.package_identification:_identify(src) by extension 'python_setup_py'
[0.447s] Level 1:colcon.colcon_core.package_identification:_identify(src/my_turtle_controller) by extensions ['ignore', 'ignore_ament_install']
[0.447s] Level 1:colcon.colcon_core.package_identification:_identify(src/my_turtle_controller) by extension 'ignore'
[0.447s] Level 1:colcon.colcon_core.package_identification:_identify(src/my_turtle_controller) by extension 'ignore_ament_install'
[0.448s] Level 1:colcon.colcon_core.package_identification:_identify(src/my_turtle_controller) by extensions ['colcon_pkg']
[0.448s] Level 1:colcon.colcon_core.package_identification:_identify(src/my_turtle_controller) by extension 'colcon_pkg'
[0.448s] Level 1:colcon.colcon_core.package_identification:_identify(src/my_turtle_controller) by extensions ['colcon_meta']
[0.448s] Level 1:colcon.colcon_core.package_identification:_identify(src/my_turtle_controller) by extension 'colcon_meta'
[0.448s] Level 1:colcon.colcon_core.package_identification:_identify(src/my_turtle_controller) by extensions ['ros']
[0.448s] Level 1:colcon.colcon_core.package_identification:_identify(src/my_turtle_controller) by extension 'ros'
[0.451s] DEBUG:colcon.colcon_core.package_identification:Package 'src/my_turtle_controller' with type 'ros.ament_python' and name 'my_turtle_controller'
[0.451s] Level 1:colcon.colcon_core.package_discovery:discover_packages(recursive) using defaults
[0.452s] Level 1:colcon.colcon_core.package_discovery:discover_packages(ignore) discover
[0.452s] Level 1:colcon.colcon_core.package_discovery:discover_packages(ignore) using defaults
[0.452s] Level 1:colcon.colcon_core.package_discovery:discover_packages(path) discover
[0.452s] Level 1:colcon.colcon_core.package_discovery:discover_packages(path) using defaults
[0.500s] Level 1:colcon.colcon_core.package_discovery:discover_packages(prefix_path) check parameters
[0.500s] Level 1:colcon.colcon_core.package_discovery:discover_packages(prefix_path) discover
[0.503s] DEBUG:colcon.colcon_installed_package_information.package_discovery:Found 1 installed packages in /home/samuelcruz/Laboratorio_Robotica/ros2_ws/turtlesim_ws/install
[0.505s] DEBUG:colcon.colcon_installed_package_information.package_discovery:Found 395 installed packages in /opt/ros/humble
[0.507s] Level 1:colcon.colcon_core.package_discovery:discover_packages(prefix_path) using defaults
[0.576s] Level 5:colcon.colcon_core.verb:set package 'my_turtle_controller' build argument 'cmake_args' from command line to 'None'
[0.577s] Level 5:colcon.colcon_core.verb:set package 'my_turtle_controller' build argument 'cmake_target' from command line to 'None'
[0.579s] Level 5:colcon.colcon_core.verb:set package 'my_turtle_controller' build argument 'cmake_target_skip_unavailable' from command line to 'False'
[0.579s] Level 5:colcon.colcon_core.verb:set package 'my_turtle_controller' build argument 'cmake_clean_cache' from command line to 'False'
[0.579s] Level 5:colcon.colcon_core.verb:set package 'my_turtle_controller' build argument 'cmake_clean_first' from command line to 'False'
[0.579s] Level 5:colcon.colcon_core.verb:set package 'my_turtle_controller' build argument 'cmake_force_configure' from command line to 'False'
[0.580s] Level 5:colcon.colcon_core.verb:set package 'my_turtle_controller' build argument 'ament_cmake_args' from command line to 'None'
[0.580s] Level 5:colcon.colcon_core.verb:set package 'my_turtle_controller' build argument 'catkin_cmake_args' from command line to 'None'
[0.580s] Level 5:colcon.colcon_core.verb:set package 'my_turtle_controller' build argument 'catkin_skip_building_tests' from command line to 'False'
[0.580s] DEBUG:colcon.colcon_core.verb:Building package 'my_turtle_controller' with the following arguments: {'ament_cmake_args': None, 'build_base': '/home/samuelcruz/Laboratorio_Robotica/ros2_ws/turtlesim_ws/build/my_turtle_controller', 'catkin_cmake_args': None, 'catkin_skip_building_tests': False, 'cmake_args': None, 'cmake_clean_cache': False, 'cmake_clean_first': False, 'cmake_force_configure': False, 'cmake_target': None, 'cmake_target_skip_unavailable': False, 'install_base': '/home/samuelcruz/Laboratorio_Robotica/ros2_ws/turtlesim_ws/install/my_turtle_controller', 'merge_install': False, 'path': '/home/samuelcruz/Laboratorio_Robotica/ros2_ws/turtlesim_ws/src/my_turtle_controller', 'symlink_install': False, 'test_result_base': None}
[0.581s] INFO:colcon.colcon_core.executor:Executing jobs using 'parallel' executor
[0.582s] DEBUG:colcon.colcon_parallel_executor.executor.parallel:run_until_complete
[0.583s] INFO:colcon.colcon_ros.task.ament_python.build:Building ROS package in '/home/samuelcruz/Laboratorio_Robotica/ros2_ws/turtlesim_ws/src/my_turtle_controller' with build type 'ament_python'
[0.583s] Level 1:colcon.colcon_core.shell:create_environment_hook('my_turtle_controller', 'ament_prefix_path')
[0.587s] INFO:colcon.colcon_core.plugin_system:Skipping extension 'colcon_core.shell.bat': Not used on non-Windows systems
[0.588s] INFO:colcon.colcon_core.shell:Creating environment hook '/home/samuelcruz/Laboratorio_Robotica/ros2_ws/turtlesim_ws/install/my_turtle_controller/share/my_turtle_controller/hook/ament_prefix_path.ps1'
[0.589s] INFO:colcon.colcon_core.shell:Creating environment descriptor '/home/samuelcruz/Laboratorio_Robotica/ros2_ws/turtlesim_ws/install/my_turtle_controller/share/my_turtle_controller/hook/ament_prefix_path.dsv'
[0.591s] INFO:colcon.colcon_core.shell:Creating environment hook '/home/samuelcruz/Laboratorio_Robotica/ros2_ws/turtlesim_ws/install/my_turtle_controller/share/my_turtle_controller/hook/ament_prefix_path.sh'
[0.593s] INFO:colcon.colcon_core.shell:Skip shell extension 'powershell' for command environment: Not usable outside of PowerShell
[0.593s] DEBUG:colcon.colcon_core.shell:Skip shell extension 'dsv' for command environment
[1.054s] INFO:colcon.colcon_core.task.python.build:Building Python package in '/home/samuelcruz/Laboratorio_Robotica/ros2_ws/turtlesim_ws/src/my_turtle_controller'
[1.055s] INFO:colcon.colcon_core.shell:Skip shell extension 'powershell' for command environment: Not usable outside of PowerShell
[1.055s] DEBUG:colcon.colcon_core.shell:Skip shell extension 'dsv' for command environment
[1.672s] DEBUG:colcon.colcon_core.event_handler.log_command:Invoking command in '/home/samuelcruz/Laboratorio_Robotica/ros2_ws/turtlesim_ws/src/my_turtle_controller': PYTHONPATH=/home/samuelcruz/Laboratorio_Robotica/ros2_ws/turtlesim_ws/build/my_turtle_controller/prefix_override:/usr/lib/python3/dist-packages/colcon_core/task/python/colcon_distutils_commands:/home/samuelcruz/Laboratorio_Robotica/ros2_ws/turtlesim_ws/install/my_turtle_controller/lib/python3.10/site-packages:${PYTHONPATH} /usr/bin/python3 -W ignore:setup.py install is deprecated -W ignore:easy_install command is deprecated setup.py egg_info --egg-base ../../build/my_turtle_controller build --build-base /home/samuelcruz/Laboratorio_Robotica/ros2_ws/turtlesim_ws/build/my_turtle_controller/build install --record /home/samuelcruz/Laboratorio_Robotica/ros2_ws/turtlesim_ws/build/my_turtle_controller/install.log --single-version-externally-managed install_data
[2.272s] Level 1:colcon.colcon_core.environment:checking '/home/samuelcruz/Laboratorio_Robotica/ros2_ws/turtlesim_ws/install/my_turtle_controller' for CMake module files
[2.272s] Level 1:colcon.colcon_core.environment:checking '/home/samuelcruz/Laboratorio_Robotica/ros2_ws/turtlesim_ws/install/my_turtle_controller' for CMake config files
[2.273s] Level 1:colcon.colcon_core.environment:checking '/home/samuelcruz/Laboratorio_Robotica/ros2_ws/turtlesim_ws/install/my_turtle_controller/lib'
[2.273s] Level 1:colcon.colcon_core.environment:checking '/home/samuelcruz/Laboratorio_Robotica/ros2_ws/turtlesim_ws/install/my_turtle_controller/bin'
[2.273s] Level 1:colcon.colcon_core.environment:checking '/home/samuelcruz/Laboratorio_Robotica/ros2_ws/turtlesim_ws/install/my_turtle_controller/lib/pkgconfig/my_turtle_controller.pc'
[2.273s] Level 1:colcon.colcon_core.environment:checking '/home/samuelcruz/Laboratorio_Robotica/ros2_ws/turtlesim_ws/install/my_turtle_controller/lib/python3.10/site-packages'
[2.274s] Level 1:colcon.colcon_core.shell:create_environment_hook('my_turtle_controller', 'pythonpath')
[2.274s] INFO:colcon.colcon_core.shell:Creating environment hook '/home/samuelcruz/Laboratorio_Robotica/ros2_ws/turtlesim_ws/install/my_turtle_controller/share/my_turtle_controller/hook/pythonpath.ps1'
[2.275s] INFO:colcon.colcon_core.shell:Creating environment descriptor '/home/samuelcruz/Laboratorio_Robotica/ros2_ws/turtlesim_ws/install/my_turtle_controller/share/my_turtle_controller/hook/pythonpath.dsv'
[2.277s] DEBUG:colcon.colcon_core.event_handler.log_command:Invoked command in '/home/samuelcruz/Laboratorio_Robotica/ros2_ws/turtlesim_ws/src/my_turtle_controller' returned '0': PYTHONPATH=/home/samuelcruz/Laboratorio_Robotica/ros2_ws/turtlesim_ws/build/my_turtle_controller/prefix_override:/usr/lib/python3/dist-packages/colcon_core/task/python/colcon_distutils_commands:/home/samuelcruz/Laboratorio_Robotica/ros2_ws/turtlesim_ws/install/my_turtle_controller/lib/python3.10/site-packages:${PYTHONPATH} /usr/bin/python3 -W ignore:setup.py install is deprecated -W ignore:easy_install command is deprecated setup.py egg_info --egg-base ../../build/my_turtle_controller build --build-base /home/samuelcruz/Laboratorio_Robotica/ros2_ws/turtlesim_ws/build/my_turtle_controller/build install --record /home/samuelcruz/Laboratorio_Robotica/ros2_ws/turtlesim_ws/build/my_turtle_controller/install.log --single-version-externally-managed install_data
[2.279s] INFO:colcon.colcon_core.shell:Creating environment hook '/home/samuelcruz/Laboratorio_Robotica/ros2_ws/turtlesim_ws/install/my_turtle_controller/share/my_turtle_controller/hook/pythonpath.sh'
[2.282s] Level 1:colcon.colcon_core.environment:checking '/home/samuelcruz/Laboratorio_Robotica/ros2_ws/turtlesim_ws/install/my_turtle_controller/bin'
[2.282s] Level 1:colcon.colcon_core.environment:create_environment_scripts_only(my_turtle_controller)
[2.283s] INFO:colcon.colcon_core.shell:Creating package script '/home/samuelcruz/Laboratorio_Robotica/ros2_ws/turtlesim_ws/install/my_turtle_controller/share/my_turtle_controller/package.ps1'
[2.284s] INFO:colcon.colcon_core.shell:Creating package descriptor '/home/samuelcruz/Laboratorio_Robotica/ros2_ws/turtlesim_ws/install/my_turtle_controller/share/my_turtle_controller/package.dsv'
[2.287s] INFO:colcon.colcon_core.shell:Creating package script '/home/samuelcruz/Laboratorio_Robotica/ros2_ws/turtlesim_ws/install/my_turtle_controller/share/my_turtle_controller/package.sh'
[2.290s] INFO:colcon.colcon_core.shell:Creating package script '/home/samuelcruz/Laboratorio_Robotica/ros2_ws/turtlesim_ws/install/my_turtle_controller/share/my_turtle_controller/package.bash'
[2.292s] INFO:colcon.colcon_core.shell:Creating package script '/home/samuelcruz/Laboratorio_Robotica/ros2_ws/turtlesim_ws/install/my_turtle_controller/share/my_turtle_controller/package.zsh'
[2.295s] Level 1:colcon.colcon_core.environment:create_file_with_runtime_dependencies(/home/samuelcruz/Laboratorio_Robotica/ros2_ws/turtlesim_ws/install/my_turtle_controller/share/colcon-core/packages/my_turtle_controller)
[2.296s] DEBUG:colcon.colcon_parallel_executor.executor.parallel:closing loop
[2.296s] DEBUG:colcon.colcon_parallel_executor.executor.parallel:loop closed
[2.296s] DEBUG:colcon.colcon_parallel_executor.executor.parallel:run_until_complete finished with '0'
[2.296s] DEBUG:colcon.colcon_core.event_reactor:joining thread
[2.303s] INFO:colcon.colcon_core.plugin_system:Skipping extension 'colcon_notification.desktop_notification.terminal_notifier': Not used on non-Darwin systems
[2.303s] INFO:colcon.colcon_core.plugin_system:Skipping extension 'colcon_notification.desktop_notification.win32': Not used on non-Windows systems
[2.303s] INFO:colcon.colcon_notification.desktop_notification:Sending desktop notification using 'notify2'
[2.565s] DEBUG:colcon.colcon_core.event_reactor:joined thread
[2.566s] INFO:colcon.colcon_core.shell:Creating prefix script '/home/samuelcruz/Laboratorio_Robotica/ros2_ws/turtlesim_ws/install/local_setup.ps1'
[2.567s] INFO:colcon.colcon_core.shell:Creating prefix util module '/home/samuelcruz/Laboratorio_Robotica/ros2_ws/turtlesim_ws/install/_local_setup_util_ps1.py'
[2.569s] INFO:colcon.colcon_core.shell:Creating prefix chain script '/home/samuelcruz/Laboratorio_Robotica/ros2_ws/turtlesim_ws/install/setup.ps1'
[2.576s] INFO:colcon.colcon_core.shell:Creating prefix script '/home/samuelcruz/Laboratorio_Robotica/ros2_ws/turtlesim_ws/install/local_setup.sh'
[2.578s] INFO:colcon.colcon_core.shell:Creating prefix util module '/home/samuelcruz/Laboratorio_Robotica/ros2_ws/turtlesim_ws/install/_local_setup_util_sh.py'
[2.579s] INFO:colcon.colcon_core.shell:Creating prefix chain script '/home/samuelcruz/Laboratorio_Robotica/ros2_ws/turtlesim_ws/install/setup.sh'
[2.581s] INFO:colcon.colcon_core.shell:Creating prefix script '/home/samuelcruz/Laboratorio_Robotica/ros2_ws/turtlesim_ws/install/local_setup.bash'
[2.586s] INFO:colcon.colcon_core.shell:Creating prefix chain script '/home/samuelcruz/Laboratorio_Robotica/ros2_ws/turtlesim_ws/install/setup.bash'
[2.589s] INFO:colcon.colcon_core.shell:Creating prefix script '/home/samuelcruz/Laboratorio_Robotica/ros2_ws/turtlesim_ws/install/local_setup.zsh'
[2.590s] INFO:colcon.colcon_core.shell:Creating prefix chain script '/home/samuelcruz/Laboratorio_Robotica/ros2_ws/turtlesim_ws/install/setup.zsh'
