[0.070s] Invoking command in '/home/samuelcruz/Laboratorio_Robotica/ros2_ws/turtlebot3_ws/build/turtlebot3_gazebo': CMAKE_PREFIX_PATH=${CMAKE_PREFIX_PATH}:/home/samuelcruz/Laboratorio_Robotica/ros2_ws/turtlebot3_ws/install/turtlebot3_teleop:/home/samuelcruz/Laboratorio_Robotica/ros2_ws/turtlebot3_ws/install/turtlebot3_example:/opt/ros/humble /usr/bin/cmake /home/samuelcruz/Laboratorio_Robotica/ros2_ws/turtlebot3_ws/src/turtlebot3_simulations/turtlebot3_gazebo -DCMAKE_INSTALL_PREFIX=/home/samuelcruz/Laboratorio_Robotica/ros2_ws/turtlebot3_ws/install/turtlebot3_gazebo
[0.935s] -- The C compiler identification is GNU 11.4.0
[1.184s] -- The CXX compiler identification is GNU 11.4.0
[1.225s] -- Detecting C compiler ABI info
[1.584s] -- Detecting C compiler ABI info - done
[1.594s] -- Check for working C compiler: /usr/bin/cc - skipped
[1.595s] -- Detecting C compile features
[1.595s] -- Detecting C compile features - done
[1.598s] -- Detecting CXX compiler ABI info
[2.101s] -- Detecting CXX compiler ABI info - done
[2.132s] -- Check for working CXX compiler: /usr/bin/c++ - skipped
[2.133s] -- Detecting CXX compile features
[2.141s] -- Detecting CXX compile features - done
[2.189s] -- Found ament_cmake: 1.3.11 (/opt/ros/humble/share/ament_cmake/cmake)
[2.698s] -- Found Python3: /usr/bin/python3 (found version "3.10.12") found components: Interpreter 
[2.930s] [33mCMake Warning (dev) at /usr/share/cmake-3.22/Modules/FindPackageHandleStandardArgs.cmake:438 (message):
[2.931s]   The package name passed to `find_package_handle_standard_args` (PkgConfig)
[2.945s]   does not match the name of the calling package (gazebo).  This can lead to
[2.946s]   problems in calling code that expects `find_package` result variables
[2.946s]   (e.g., `_FOUND`) to follow a certain pattern.
[2.946s] Call Stack (most recent call first):
[2.946s]   /usr/share/cmake-3.22/Modules/FindPkgConfig.cmake:99 (find_package_handle_standard_args)
[2.946s]   /usr/lib/x86_64-linux-gnu/cmake/gazebo/gazebo-config.cmake:72 (include)
[2.946s]   CMakeLists.txt:23 (find_package)
[2.946s] This warning is for project developers.  Use -Wno-dev to suppress it.
[2.947s] [0m
[2.947s] -- Found PkgConfig: /usr/bin/pkg-config (found version "0.29.2") 
[2.988s] -- Checking for module 'bullet>=2.82'
[3.034s] --   Found bullet, version 3.05
[3.328s] -- Found fcl: /usr/include (found suitable version "0.7.0", minimum required is "0.5.0") 
[3.640s] -- Found assimp: /usr/include (found version "5.2.0") 
[3.736s] -- Found DART: /usr/include (Required is at least version "6.6") found components: dart 
[4.251s] -- Found Boost: /usr/lib/x86_64-linux-gnu/cmake/Boost-1.74.0/BoostConfig.cmake (found suitable version "1.74.0", minimum required is "1.40.0") found components: thread system filesystem program_options regex iostreams date_time 
[4.394s] -- Found Protobuf: /usr/lib/x86_64-linux-gnu/libprotobuf.so (found version "3.12.4") 
[4.467s] -- Looking for ignition-math6 -- found version 6.15.1
[4.516s] -- Searching for dependencies of ignition-math6
[4.545s] -- Looking for OGRE...
[4.546s] -- OGRE_PREFIX_WATCH changed.
[4.566s] -- Checking for module 'OGRE'
[4.609s] --   Found OGRE, version 1.9.0
[4.721s] -- Found Ogre Ghadamon (1.9.0)
[4.765s] -- Found OGRE: optimized;/usr/lib/x86_64-linux-gnu/libOgreMain.so;debug;/usr/lib/x86_64-linux-gnu/libOgreMain.so
[4.766s] -- Looking for OGRE_Paging...
[4.773s] -- Found OGRE_Paging: optimized;/usr/lib/x86_64-linux-gnu/libOgrePaging.so;debug;/usr/lib/x86_64-linux-gnu/libOgrePaging.so
[4.774s] -- Looking for OGRE_Terrain...
[4.788s] -- Found OGRE_Terrain: optimized;/usr/lib/x86_64-linux-gnu/libOgreTerrain.so;debug;/usr/lib/x86_64-linux-gnu/libOgreTerrain.so
[4.788s] -- Looking for OGRE_Property...
[4.832s] -- Found OGRE_Property: optimized;/usr/lib/x86_64-linux-gnu/libOgreProperty.so;debug;/usr/lib/x86_64-linux-gnu/libOgreProperty.so
[4.832s] -- Looking for OGRE_RTShaderSystem...
[4.833s] -- Found OGRE_RTShaderSystem: optimized;/usr/lib/x86_64-linux-gnu/libOgreRTShaderSystem.so;debug;/usr/lib/x86_64-linux-gnu/libOgreRTShaderSystem.so
[4.833s] -- Looking for OGRE_Volume...
[4.840s] -- Found OGRE_Volume: optimized;/usr/lib/x86_64-linux-gnu/libOgreVolume.so;debug;/usr/lib/x86_64-linux-gnu/libOgreVolume.so
[4.840s] -- Looking for OGRE_Overlay...
[4.885s] -- Found OGRE_Overlay: optimized;/usr/lib/x86_64-linux-gnu/libOgreOverlay.so;debug;/usr/lib/x86_64-linux-gnu/libOgreOverlay.so
[5.177s] -- Looking for ignition-math6 -- found version 6.15.1
[5.193s] -- Looking for ignition-transport8 -- found version 8.2.1
[5.194s] -- Searching for dependencies of ignition-transport8
[5.228s] -- Found Protobuf: /usr/lib/x86_64-linux-gnu/libprotobuf.so (found suitable version "3.12.4", minimum required is "3") 
[5.247s] -- Config-file not installed for ZeroMQ -- checking for pkg-config
[5.258s] -- Checking for module 'libzmq >= 4'
[5.304s] --   Found libzmq , version 4.3.4
[5.438s] -- Found ZeroMQ: TRUE (Required is at least version "4") 
[5.450s] -- Checking for module 'uuid'
[5.514s] --   Found uuid, version 2.37.2
[5.594s] -- Found UUID: TRUE  
[5.601s] -- Looking for ignition-msgs5 -- found version 5.8.1
[5.612s] -- Searching for dependencies of ignition-msgs5
[5.733s] -- Looking for ignition-math6 -- found version 6.15.1
[5.898s] -- Checking for module 'tinyxml2'
[5.963s] --   Found tinyxml2, version 9.0.0
[6.109s] -- Looking for ignition-msgs5 -- found version 5.8.1
[6.133s] -- Looking for ignition-common3 -- found version 3.14.0
[6.134s] -- Searching for dependencies of ignition-common3
[6.136s] -- Looking for dlfcn.h - found
[6.137s] -- Looking for libdl - found
[6.139s] -- Found DL: TRUE  
[6.182s] -- Found tinyobjloader: /usr/lib/x86_64-linux-gnu/cmake/tinyobjloader/tinyobjloader-config.cmake (found version "2.0.0") 
[6.376s] -- Searching for <ignition-common3> component [graphics]
[6.395s] -- Looking for ignition-common3-graphics -- found version 3.14.0
[6.396s] -- Searching for dependencies of ignition-common3-graphics
[6.397s] -- Looking for ignition-math6 -- found version 6.15.1
[6.441s] -- Looking for ignition-fuel_tools4 -- found version 4.4.0
[6.442s] -- Searching for dependencies of ignition-fuel_tools4
[6.770s] -- Found CURL: /usr/lib/x86_64-linux-gnu/libcurl.so (found version "7.81.0")  
[6.814s] -- Checking for module 'jsoncpp'
[6.870s] --   Found jsoncpp, version 1.9.5
[6.989s] -- Found JSONCPP: TRUE  
[7.028s] -- Checking for module 'libzip'
[7.098s] --   Found libzip, version 1.7.3
[7.263s] -- Found ZIP: TRUE  
[7.265s] -- Looking for ignition-common3 -- found version 3.14.0
[7.266s] -- Looking for ignition-math6 -- found version 6.15.1
[7.266s] -- Looking for ignition-msgs5 -- found version 5.8.1
[7.308s] -- Found gazebo_ros_pkgs: 3.9.0 (/opt/ros/humble/share/gazebo_ros_pkgs/cmake)
[7.317s] -- Found geometry_msgs: 4.8.0 (/opt/ros/humble/share/geometry_msgs/cmake)
[7.478s] -- Found rosidl_generator_c: 3.1.6 (/opt/ros/humble/share/rosidl_generator_c/cmake)
[7.492s] -- Found rosidl_adapter: 3.1.6 (/opt/ros/humble/share/rosidl_adapter/cmake)
[7.549s] -- Found rosidl_generator_cpp: 3.1.6 (/opt/ros/humble/share/rosidl_generator_cpp/cmake)
[7.601s] -- Using all available rosidl_typesupport_c: rosidl_typesupport_fastrtps_c;rosidl_typesupport_introspection_c
[7.651s] -- Using all available rosidl_typesupport_cpp: rosidl_typesupport_fastrtps_cpp;rosidl_typesupport_introspection_cpp
[7.885s] -- Found nav_msgs: 4.8.0 (/opt/ros/humble/share/nav_msgs/cmake)
[7.979s] -- Found rclcpp: 16.0.12 (/opt/ros/humble/share/rclcpp/cmake)
[8.166s] -- Found rmw_implementation_cmake: 6.1.2 (/opt/ros/humble/share/rmw_implementation_cmake/cmake)
[8.177s] -- Found rmw_fastrtps_cpp: 6.2.7 (/opt/ros/humble/share/rmw_fastrtps_cpp/cmake)
[8.480s] -- Found OpenSSL: /usr/lib/x86_64-linux-gnu/libcrypto.so (found version "3.0.2")  
[8.540s] -- Found FastRTPS: /opt/ros/humble/include  
[8.627s] -- Using RMW implementation 'rmw_fastrtps_cpp' as default
[8.652s] -- Found Threads: TRUE  
[8.826s] -- Found sensor_msgs: 4.8.0 (/opt/ros/humble/share/sensor_msgs/cmake)
[8.913s] -- Found tf2: 0.25.12 (/opt/ros/humble/share/tf2/cmake)
[9.085s] -- Configuring done
[9.464s] -- Generating done
[9.474s] -- Build files have been written to: /home/samuelcruz/Laboratorio_Robotica/ros2_ws/turtlebot3_ws/build/turtlebot3_gazebo
[9.506s] Invoked command in '/home/samuelcruz/Laboratorio_Robotica/ros2_ws/turtlebot3_ws/build/turtlebot3_gazebo' returned '0': CMAKE_PREFIX_PATH=${CMAKE_PREFIX_PATH}:/home/samuelcruz/Laboratorio_Robotica/ros2_ws/turtlebot3_ws/install/turtlebot3_teleop:/home/samuelcruz/Laboratorio_Robotica/ros2_ws/turtlebot3_ws/install/turtlebot3_example:/opt/ros/humble /usr/bin/cmake /home/samuelcruz/Laboratorio_Robotica/ros2_ws/turtlebot3_ws/src/turtlebot3_simulations/turtlebot3_gazebo -DCMAKE_INSTALL_PREFIX=/home/samuelcruz/Laboratorio_Robotica/ros2_ws/turtlebot3_ws/install/turtlebot3_gazebo
[9.506s] Invoking command in '/home/samuelcruz/Laboratorio_Robotica/ros2_ws/turtlebot3_ws/build/turtlebot3_gazebo': CMAKE_PREFIX_PATH=${CMAKE_PREFIX_PATH}:/home/samuelcruz/Laboratorio_Robotica/ros2_ws/turtlebot3_ws/install/turtlebot3_teleop:/home/samuelcruz/Laboratorio_Robotica/ros2_ws/turtlebot3_ws/install/turtlebot3_example:/opt/ros/humble /usr/bin/cmake --build /home/samuelcruz/Laboratorio_Robotica/ros2_ws/turtlebot3_ws/build/turtlebot3_gazebo -- -j2 -l2
[9.635s] [  8%] [32mBuilding CXX object CMakeFiles/turtlebot3_drive.dir/src/turtlebot3_drive.cpp.o[0m
[31.502s] [ 16%] [32m[1mLinking CXX executable turtlebot3_drive[0m
[32.618s] [ 16%] Built target turtlebot3_drive
[32.711s] [ 25%] [32mBuilding CXX object CMakeFiles/traffic_light_plugin.dir/src/traffic_light_plugin.cpp.o[0m
[54.124s] [ 33%] [32m[1mLinking CXX shared library libtraffic_light_plugin.so[0m
[55.002s] [ 33%] Built target traffic_light_plugin
[55.052s] [ 41%] [32mBuilding CXX object CMakeFiles/traffic_bar_plugin.dir/src/traffic_bar_plugin.cpp.o[0m
[67.275s] [ 50%] [32m[1mLinking CXX shared library libtraffic_bar_plugin.so[0m
[67.577s] [ 50%] Built target traffic_bar_plugin
[67.679s] [ 58%] [32mBuilding CXX object CMakeFiles/obstacle1.dir/src/obstacle1.cpp.o[0m
[80.028s] [ 66%] [32m[1mLinking CXX shared library libobstacle1.so[0m
[80.380s] [ 66%] Built target obstacle1
[80.448s] [ 75%] [32mBuilding CXX object CMakeFiles/obstacle2.dir/src/obstacle2.cpp.o[0m
[92.651s] [ 83%] [32m[1mLinking CXX shared library libobstacle2.so[0m
[93.112s] [ 83%] Built target obstacle2
[93.173s] [ 91%] [32mBuilding CXX object CMakeFiles/obstacles.dir/src/obstacles.cpp.o[0m
[106.010s] [100%] [32m[1mLinking CXX shared library libobstacles.so[0m
[106.415s] [100%] Built target obstacles
[106.433s] Invoked command in '/home/samuelcruz/Laboratorio_Robotica/ros2_ws/turtlebot3_ws/build/turtlebot3_gazebo' returned '0': CMAKE_PREFIX_PATH=${CMAKE_PREFIX_PATH}:/home/samuelcruz/Laboratorio_Robotica/ros2_ws/turtlebot3_ws/install/turtlebot3_teleop:/home/samuelcruz/Laboratorio_Robotica/ros2_ws/turtlebot3_ws/install/turtlebot3_example:/opt/ros/humble /usr/bin/cmake --build /home/samuelcruz/Laboratorio_Robotica/ros2_ws/turtlebot3_ws/build/turtlebot3_gazebo -- -j2 -l2
[106.436s] Invoking command in '/home/samuelcruz/Laboratorio_Robotica/ros2_ws/turtlebot3_ws/build/turtlebot3_gazebo': CMAKE_PREFIX_PATH=${CMAKE_PREFIX_PATH}:/home/samuelcruz/Laboratorio_Robotica/ros2_ws/turtlebot3_ws/install/turtlebot3_teleop:/home/samuelcruz/Laboratorio_Robotica/ros2_ws/turtlebot3_ws/install/turtlebot3_example:/opt/ros/humble /usr/bin/cmake --install /home/samuelcruz/Laboratorio_Robotica/ros2_ws/turtlebot3_ws/build/turtlebot3_gazebo
[106.451s] -- Install configuration: ""
[106.452s] -- Installing: /home/samuelcruz/Laboratorio_Robotica/ros2_ws/turtlebot3_ws/install/turtlebot3_gazebo/lib/turtlebot3_gazebo/turtlebot3_drive
[106.458s] -- Set runtime path of "/home/samuelcruz/Laboratorio_Robotica/ros2_ws/turtlebot3_ws/install/turtlebot3_gazebo/lib/turtlebot3_gazebo/turtlebot3_drive" to ""
[106.458s] -- Installing: /home/samuelcruz/Laboratorio_Robotica/ros2_ws/turtlebot3_ws/install/turtlebot3_gazebo/share/turtlebot3_gazebo//launch
[106.459s] -- Installing: /home/samuelcruz/Laboratorio_Robotica/ros2_ws/turtlebot3_ws/install/turtlebot3_gazebo/share/turtlebot3_gazebo//launch/turtlebot3_dqn_stage4.launch.py
[106.460s] -- Installing: /home/samuelcruz/Laboratorio_Robotica/ros2_ws/turtlebot3_ws/install/turtlebot3_gazebo/share/turtlebot3_gazebo//launch/turtlebot3_dqn_stage1.launch.py
[106.462s] -- Installing: /home/samuelcruz/Laboratorio_Robotica/ros2_ws/turtlebot3_ws/install/turtlebot3_gazebo/share/turtlebot3_gazebo//launch/robot_state_publisher.launch.py
[106.463s] -- Installing: /home/samuelcruz/Laboratorio_Robotica/ros2_ws/turtlebot3_ws/install/turtlebot3_gazebo/share/turtlebot3_gazebo//launch/empty_world.launch.py
[106.463s] -- Installing: /home/samuelcruz/Laboratorio_Robotica/ros2_ws/turtlebot3_ws/install/turtlebot3_gazebo/share/turtlebot3_gazebo//launch/turtlebot3_world.launch.py
[106.468s] -- Installing: /home/samuelcruz/Laboratorio_Robotica/ros2_ws/turtlebot3_ws/install/turtlebot3_gazebo/share/turtlebot3_gazebo//launch/multi_spawn_turtlebot3.launch.py
[106.468s] -- Installing: /home/samuelcruz/Laboratorio_Robotica/ros2_ws/turtlebot3_ws/install/turtlebot3_gazebo/share/turtlebot3_gazebo//launch/turtlebot3_autorace_2020.launch.py
[106.468s] -- Installing: /home/samuelcruz/Laboratorio_Robotica/ros2_ws/turtlebot3_ws/install/turtlebot3_gazebo/share/turtlebot3_gazebo//launch/spawn_turtlebot3.launch.py
[106.470s] -- Installing: /home/samuelcruz/Laboratorio_Robotica/ros2_ws/turtlebot3_ws/install/turtlebot3_gazebo/share/turtlebot3_gazebo//launch/turtlebot3_dqn_stage3.launch.py
[106.471s] -- Installing: /home/samuelcruz/Laboratorio_Robotica/ros2_ws/turtlebot3_ws/install/turtlebot3_gazebo/share/turtlebot3_gazebo//launch/multi_robot.launch.py
[106.473s] -- Installing: /home/samuelcruz/Laboratorio_Robotica/ros2_ws/turtlebot3_ws/install/turtlebot3_gazebo/share/turtlebot3_gazebo//launch/turtlebot3_house.launch.py
[106.474s] -- Installing: /home/samuelcruz/Laboratorio_Robotica/ros2_ws/turtlebot3_ws/install/turtlebot3_gazebo/share/turtlebot3_gazebo//launch/turtlebot3_dqn_stage2.launch.py
[106.475s] -- Installing: /home/samuelcruz/Laboratorio_Robotica/ros2_ws/turtlebot3_ws/install/turtlebot3_gazebo/share/turtlebot3_gazebo//models
[106.475s] -- Installing: /home/samuelcruz/Laboratorio_Robotica/ros2_ws/turtlebot3_ws/install/turtlebot3_gazebo/share/turtlebot3_gazebo//models/turtlebot3_burger
[106.475s] -- Installing: /home/samuelcruz/Laboratorio_Robotica/ros2_ws/turtlebot3_ws/install/turtlebot3_gazebo/share/turtlebot3_gazebo//models/turtlebot3_burger/model.sdf
[106.477s] -- Installing: /home/samuelcruz/Laboratorio_Robotica/ros2_ws/turtlebot3_ws/install/turtlebot3_gazebo/share/turtlebot3_gazebo//models/turtlebot3_burger/model-1_4.sdf
[106.480s] -- Installing: /home/samuelcruz/Laboratorio_Robotica/ros2_ws/turtlebot3_ws/install/turtlebot3_gazebo/share/turtlebot3_gazebo//models/turtlebot3_burger/model.config
[106.481s] -- Installing: /home/samuelcruz/Laboratorio_Robotica/ros2_ws/turtlebot3_ws/install/turtlebot3_gazebo/share/turtlebot3_gazebo//models/turtlebot3_autorace_2020
[106.482s] -- Installing: /home/samuelcruz/Laboratorio_Robotica/ros2_ws/turtlebot3_ws/install/turtlebot3_gazebo/share/turtlebot3_gazebo//models/turtlebot3_autorace_2020/traffic_intersection
[106.483s] -- Installing: /home/samuelcruz/Laboratorio_Robotica/ros2_ws/turtlebot3_ws/install/turtlebot3_gazebo/share/turtlebot3_gazebo//models/turtlebot3_autorace_2020/traffic_intersection/model.sdf
[106.484s] -- Installing: /home/samuelcruz/Laboratorio_Robotica/ros2_ws/turtlebot3_ws/install/turtlebot3_gazebo/share/turtlebot3_gazebo//models/turtlebot3_autorace_2020/traffic_intersection/model.config
[106.484s] -- Installing: /home/samuelcruz/Laboratorio_Robotica/ros2_ws/turtlebot3_ws/install/turtlebot3_gazebo/share/turtlebot3_gazebo//models/turtlebot3_autorace_2020/traffic_intersection/materials
[106.484s] -- Installing: /home/samuelcruz/Laboratorio_Robotica/ros2_ws/turtlebot3_ws/install/turtlebot3_gazebo/share/turtlebot3_gazebo//models/turtlebot3_autorace_2020/traffic_intersection/materials/textures
[106.484s] -- Installing: /home/samuelcruz/Laboratorio_Robotica/ros2_ws/turtlebot3_ws/install/turtlebot3_gazebo/share/turtlebot3_gazebo//models/turtlebot3_autorace_2020/traffic_intersection/materials/textures/traffic_intersection.png
[106.488s] -- Installing: /home/samuelcruz/Laboratorio_Robotica/ros2_ws/turtlebot3_ws/install/turtlebot3_gazebo/share/turtlebot3_gazebo//models/turtlebot3_autorace_2020/traffic_intersection/materials/scripts
[106.488s] -- Installing: /home/samuelcruz/Laboratorio_Robotica/ros2_ws/turtlebot3_ws/install/turtlebot3_gazebo/share/turtlebot3_gazebo//models/turtlebot3_autorace_2020/traffic_intersection/materials/scripts/traffic_intersection.material
[106.490s] -- Installing: /home/samuelcruz/Laboratorio_Robotica/ros2_ws/turtlebot3_ws/install/turtlebot3_gazebo/share/turtlebot3_gazebo//models/turtlebot3_autorace_2020/traffic_parking
[106.490s] -- Installing: /home/samuelcruz/Laboratorio_Robotica/ros2_ws/turtlebot3_ws/install/turtlebot3_gazebo/share/turtlebot3_gazebo//models/turtlebot3_autorace_2020/traffic_parking/model.sdf
[106.491s] -- Installing: /home/samuelcruz/Laboratorio_Robotica/ros2_ws/turtlebot3_ws/install/turtlebot3_gazebo/share/turtlebot3_gazebo//models/turtlebot3_autorace_2020/traffic_parking/model.config
[106.493s] -- Installing: /home/samuelcruz/Laboratorio_Robotica/ros2_ws/turtlebot3_ws/install/turtlebot3_gazebo/share/turtlebot3_gazebo//models/turtlebot3_autorace_2020/traffic_parking/materials
[106.493s] -- Installing: /home/samuelcruz/Laboratorio_Robotica/ros2_ws/turtlebot3_ws/install/turtlebot3_gazebo/share/turtlebot3_gazebo//models/turtlebot3_autorace_2020/traffic_parking/materials/textures
[106.493s] -- Installing: /home/samuelcruz/Laboratorio_Robotica/ros2_ws/turtlebot3_ws/install/turtlebot3_gazebo/share/turtlebot3_gazebo//models/turtlebot3_autorace_2020/traffic_parking/materials/textures/traffic_parking.png
[106.496s] -- Installing: /home/samuelcruz/Laboratorio_Robotica/ros2_ws/turtlebot3_ws/install/turtlebot3_gazebo/share/turtlebot3_gazebo//models/turtlebot3_autorace_2020/traffic_parking/materials/scripts
[106.496s] -- Installing: /home/samuelcruz/Laboratorio_Robotica/ros2_ws/turtlebot3_ws/install/turtlebot3_gazebo/share/turtlebot3_gazebo//models/turtlebot3_autorace_2020/traffic_parking/materials/scripts/traffic_parking.material
[106.497s] -- Installing: /home/samuelcruz/Laboratorio_Robotica/ros2_ws/turtlebot3_ws/install/turtlebot3_gazebo/share/turtlebot3_gazebo//models/turtlebot3_autorace_2020/traffic_bar
[106.498s] -- Installing: /home/samuelcruz/Laboratorio_Robotica/ros2_ws/turtlebot3_ws/install/turtlebot3_gazebo/share/turtlebot3_gazebo//models/turtlebot3_autorace_2020/traffic_bar/model.sdf
[106.508s] -- Installing: /home/samuelcruz/Laboratorio_Robotica/ros2_ws/turtlebot3_ws/install/turtlebot3_gazebo/share/turtlebot3_gazebo//models/turtlebot3_autorace_2020/traffic_bar/model.config
[106.524s] -- Installing: /home/samuelcruz/Laboratorio_Robotica/ros2_ws/turtlebot3_ws/install/turtlebot3_gazebo/share/turtlebot3_gazebo//models/turtlebot3_autorace_2020/traffic_bar/materials
[106.524s] -- Installing: /home/samuelcruz/Laboratorio_Robotica/ros2_ws/turtlebot3_ws/install/turtlebot3_gazebo/share/turtlebot3_gazebo//models/turtlebot3_autorace_2020/traffic_bar/materials/textures
[106.525s] -- Installing: /home/samuelcruz/Laboratorio_Robotica/ros2_ws/turtlebot3_ws/install/turtlebot3_gazebo/share/turtlebot3_gazebo//models/turtlebot3_autorace_2020/traffic_bar/materials/textures/traffic_bar.png
[106.539s] -- Installing: /home/samuelcruz/Laboratorio_Robotica/ros2_ws/turtlebot3_ws/install/turtlebot3_gazebo/share/turtlebot3_gazebo//models/turtlebot3_autorace_2020/traffic_bar/materials/scripts
[106.540s] -- Installing: /home/samuelcruz/Laboratorio_Robotica/ros2_ws/turtlebot3_ws/install/turtlebot3_gazebo/share/turtlebot3_gazebo//models/turtlebot3_autorace_2020/traffic_bar/materials/scripts/traffic_bar.material
[106.541s] -- Installing: /home/samuelcruz/Laboratorio_Robotica/ros2_ws/turtlebot3_ws/install/turtlebot3_gazebo/share/turtlebot3_gazebo//models/turtlebot3_autorace_2020/traffic_construction
[106.541s] -- Installing: /home/samuelcruz/Laboratorio_Robotica/ros2_ws/turtlebot3_ws/install/turtlebot3_gazebo/share/turtlebot3_gazebo//models/turtlebot3_autorace_2020/traffic_construction/model.sdf
[106.547s] -- Installing: /home/samuelcruz/Laboratorio_Robotica/ros2_ws/turtlebot3_ws/install/turtlebot3_gazebo/share/turtlebot3_gazebo//models/turtlebot3_autorace_2020/traffic_construction/model.config
[106.548s] -- Installing: /home/samuelcruz/Laboratorio_Robotica/ros2_ws/turtlebot3_ws/install/turtlebot3_gazebo/share/turtlebot3_gazebo//models/turtlebot3_autorace_2020/traffic_construction/materials
[106.548s] -- Installing: /home/samuelcruz/Laboratorio_Robotica/ros2_ws/turtlebot3_ws/install/turtlebot3_gazebo/share/turtlebot3_gazebo//models/turtlebot3_autorace_2020/traffic_construction/materials/textures
[106.549s] -- Installing: /home/samuelcruz/Laboratorio_Robotica/ros2_ws/turtlebot3_ws/install/turtlebot3_gazebo/share/turtlebot3_gazebo//models/turtlebot3_autorace_2020/traffic_construction/materials/textures/traffic_construction.png
[106.555s] -- Installing: /home/samuelcruz/Laboratorio_Robotica/ros2_ws/turtlebot3_ws/install/turtlebot3_gazebo/share/turtlebot3_gazebo//models/turtlebot3_autorace_2020/traffic_construction/materials/scripts
[106.555s] -- Installing: /home/samuelcruz/Laboratorio_Robotica/ros2_ws/turtlebot3_ws/install/turtlebot3_gazebo/share/turtlebot3_gazebo//models/turtlebot3_autorace_2020/traffic_construction/materials/scripts/traffic_construction.material
[106.556s] -- Installing: /home/samuelcruz/Laboratorio_Robotica/ros2_ws/turtlebot3_ws/install/turtlebot3_gazebo/share/turtlebot3_gazebo//models/turtlebot3_autorace_2020/traffic_tunnel
[106.556s] -- Installing: /home/samuelcruz/Laboratorio_Robotica/ros2_ws/turtlebot3_ws/install/turtlebot3_gazebo/share/turtlebot3_gazebo//models/turtlebot3_autorace_2020/traffic_tunnel/model.sdf
[106.558s] -- Installing: /home/samuelcruz/Laboratorio_Robotica/ros2_ws/turtlebot3_ws/install/turtlebot3_gazebo/share/turtlebot3_gazebo//models/turtlebot3_autorace_2020/traffic_tunnel/model.config
[106.559s] -- Installing: /home/samuelcruz/Laboratorio_Robotica/ros2_ws/turtlebot3_ws/install/turtlebot3_gazebo/share/turtlebot3_gazebo//models/turtlebot3_autorace_2020/traffic_tunnel/materials
[106.562s] -- Installing: /home/samuelcruz/Laboratorio_Robotica/ros2_ws/turtlebot3_ws/install/turtlebot3_gazebo/share/turtlebot3_gazebo//models/turtlebot3_autorace_2020/traffic_tunnel/materials/textures
[106.562s] -- Installing: /home/samuelcruz/Laboratorio_Robotica/ros2_ws/turtlebot3_ws/install/turtlebot3_gazebo/share/turtlebot3_gazebo//models/turtlebot3_autorace_2020/traffic_tunnel/materials/textures/tunnel.png
[106.567s] -- Installing: /home/samuelcruz/Laboratorio_Robotica/ros2_ws/turtlebot3_ws/install/turtlebot3_gazebo/share/turtlebot3_gazebo//models/turtlebot3_autorace_2020/traffic_tunnel/materials/scripts
[106.567s] -- Installing: /home/samuelcruz/Laboratorio_Robotica/ros2_ws/turtlebot3_ws/install/turtlebot3_gazebo/share/turtlebot3_gazebo//models/turtlebot3_autorace_2020/traffic_tunnel/materials/scripts/tunnel.material
[106.601s] -- Installing: /home/samuelcruz/Laboratorio_Robotica/ros2_ws/turtlebot3_ws/install/turtlebot3_gazebo/share/turtlebot3_gazebo//models/turtlebot3_autorace_2020/traffic_stop
[106.601s] -- Installing: /home/samuelcruz/Laboratorio_Robotica/ros2_ws/turtlebot3_ws/install/turtlebot3_gazebo/share/turtlebot3_gazebo//models/turtlebot3_autorace_2020/traffic_stop/model.sdf
[106.613s] -- Installing: /home/samuelcruz/Laboratorio_Robotica/ros2_ws/turtlebot3_ws/install/turtlebot3_gazebo/share/turtlebot3_gazebo//models/turtlebot3_autorace_2020/traffic_stop/model.config
[106.617s] -- Installing: /home/samuelcruz/Laboratorio_Robotica/ros2_ws/turtlebot3_ws/install/turtlebot3_gazebo/share/turtlebot3_gazebo//models/turtlebot3_autorace_2020/traffic_stop/materials
[106.617s] -- Installing: /home/samuelcruz/Laboratorio_Robotica/ros2_ws/turtlebot3_ws/install/turtlebot3_gazebo/share/turtlebot3_gazebo//models/turtlebot3_autorace_2020/traffic_stop/materials/textures
[106.617s] -- Installing: /home/samuelcruz/Laboratorio_Robotica/ros2_ws/turtlebot3_ws/install/turtlebot3_gazebo/share/turtlebot3_gazebo//models/turtlebot3_autorace_2020/traffic_stop/materials/textures/traffic_stop.png
[106.620s] -- Installing: /home/samuelcruz/Laboratorio_Robotica/ros2_ws/turtlebot3_ws/install/turtlebot3_gazebo/share/turtlebot3_gazebo//models/turtlebot3_autorace_2020/traffic_stop/materials/scripts
[106.620s] -- Installing: /home/samuelcruz/Laboratorio_Robotica/ros2_ws/turtlebot3_ws/install/turtlebot3_gazebo/share/turtlebot3_gazebo//models/turtlebot3_autorace_2020/traffic_stop/materials/scripts/traffic_stop.material
[106.621s] -- Installing: /home/samuelcruz/Laboratorio_Robotica/ros2_ws/turtlebot3_ws/install/turtlebot3_gazebo/share/turtlebot3_gazebo//models/turtlebot3_autorace_2020/course
[106.621s] -- Installing: /home/samuelcruz/Laboratorio_Robotica/ros2_ws/turtlebot3_ws/install/turtlebot3_gazebo/share/turtlebot3_gazebo//models/turtlebot3_autorace_2020/course/model.sdf
[106.622s] -- Installing: /home/samuelcruz/Laboratorio_Robotica/ros2_ws/turtlebot3_ws/install/turtlebot3_gazebo/share/turtlebot3_gazebo//models/turtlebot3_autorace_2020/course/model.config
[106.624s] -- Installing: /home/samuelcruz/Laboratorio_Robotica/ros2_ws/turtlebot3_ws/install/turtlebot3_gazebo/share/turtlebot3_gazebo//models/turtlebot3_autorace_2020/course/materials
[106.624s] -- Installing: /home/samuelcruz/Laboratorio_Robotica/ros2_ws/turtlebot3_ws/install/turtlebot3_gazebo/share/turtlebot3_gazebo//models/turtlebot3_autorace_2020/course/materials/textures
[106.624s] -- Installing: /home/samuelcruz/Laboratorio_Robotica/ros2_ws/turtlebot3_ws/install/turtlebot3_gazebo/share/turtlebot3_gazebo//models/turtlebot3_autorace_2020/course/materials/textures/course.png
[106.630s] -- Installing: /home/samuelcruz/Laboratorio_Robotica/ros2_ws/turtlebot3_ws/install/turtlebot3_gazebo/share/turtlebot3_gazebo//models/turtlebot3_autorace_2020/course/materials/scripts
[106.630s] -- Installing: /home/samuelcruz/Laboratorio_Robotica/ros2_ws/turtlebot3_ws/install/turtlebot3_gazebo/share/turtlebot3_gazebo//models/turtlebot3_autorace_2020/course/materials/scripts/course.material
[106.648s] -- Installing: /home/samuelcruz/Laboratorio_Robotica/ros2_ws/turtlebot3_ws/install/turtlebot3_gazebo/share/turtlebot3_gazebo//models/turtlebot3_autorace_2020/traffic_pl_left
[106.648s] -- Installing: /home/samuelcruz/Laboratorio_Robotica/ros2_ws/turtlebot3_ws/install/turtlebot3_gazebo/share/turtlebot3_gazebo//models/turtlebot3_autorace_2020/traffic_pl_left/model.sdf
[106.650s] -- Installing: /home/samuelcruz/Laboratorio_Robotica/ros2_ws/turtlebot3_ws/install/turtlebot3_gazebo/share/turtlebot3_gazebo//models/turtlebot3_autorace_2020/traffic_pl_left/model.config
[106.651s] -- Installing: /home/samuelcruz/Laboratorio_Robotica/ros2_ws/turtlebot3_ws/install/turtlebot3_gazebo/share/turtlebot3_gazebo//models/turtlebot3_autorace_2020/traffic_pl_left/materials
[106.651s] -- Installing: /home/samuelcruz/Laboratorio_Robotica/ros2_ws/turtlebot3_ws/install/turtlebot3_gazebo/share/turtlebot3_gazebo//models/turtlebot3_autorace_2020/traffic_pl_left/materials/textures
[106.651s] -- Installing: /home/samuelcruz/Laboratorio_Robotica/ros2_ws/turtlebot3_ws/install/turtlebot3_gazebo/share/turtlebot3_gazebo//models/turtlebot3_autorace_2020/traffic_pl_left/materials/textures/traffic_pl_left.png
[106.653s] -- Installing: /home/samuelcruz/Laboratorio_Robotica/ros2_ws/turtlebot3_ws/install/turtlebot3_gazebo/share/turtlebot3_gazebo//models/turtlebot3_autorace_2020/traffic_pl_left/materials/scripts
[106.653s] -- Installing: /home/samuelcruz/Laboratorio_Robotica/ros2_ws/turtlebot3_ws/install/turtlebot3_gazebo/share/turtlebot3_gazebo//models/turtlebot3_autorace_2020/traffic_pl_left/materials/scripts/traffic_pl_left.material
[106.654s] -- Installing: /home/samuelcruz/Laboratorio_Robotica/ros2_ws/turtlebot3_ws/install/turtlebot3_gazebo/share/turtlebot3_gazebo//models/turtlebot3_autorace_2020/traffic_noentry
[106.654s] -- Installing: /home/samuelcruz/Laboratorio_Robotica/ros2_ws/turtlebot3_ws/install/turtlebot3_gazebo/share/turtlebot3_gazebo//models/turtlebot3_autorace_2020/traffic_noentry/model.sdf
[106.655s] -- Installing: /home/samuelcruz/Laboratorio_Robotica/ros2_ws/turtlebot3_ws/install/turtlebot3_gazebo/share/turtlebot3_gazebo//models/turtlebot3_autorace_2020/traffic_noentry/model.config
[106.656s] -- Installing: /home/samuelcruz/Laboratorio_Robotica/ros2_ws/turtlebot3_ws/install/turtlebot3_gazebo/share/turtlebot3_gazebo//models/turtlebot3_autorace_2020/traffic_noentry/materials
[106.656s] -- Installing: /home/samuelcruz/Laboratorio_Robotica/ros2_ws/turtlebot3_ws/install/turtlebot3_gazebo/share/turtlebot3_gazebo//models/turtlebot3_autorace_2020/traffic_noentry/materials/textures
[106.656s] -- Installing: /home/samuelcruz/Laboratorio_Robotica/ros2_ws/turtlebot3_ws/install/turtlebot3_gazebo/share/turtlebot3_gazebo//models/turtlebot3_autorace_2020/traffic_noentry/materials/textures/traffic_noentry.png
[106.659s] -- Installing: /home/samuelcruz/Laboratorio_Robotica/ros2_ws/turtlebot3_ws/install/turtlebot3_gazebo/share/turtlebot3_gazebo//models/turtlebot3_autorace_2020/traffic_noentry/materials/scripts
[106.659s] -- Installing: /home/samuelcruz/Laboratorio_Robotica/ros2_ws/turtlebot3_ws/install/turtlebot3_gazebo/share/turtlebot3_gazebo//models/turtlebot3_autorace_2020/traffic_noentry/materials/scripts/traffic_noentry.material
[106.661s] -- Installing: /home/samuelcruz/Laboratorio_Robotica/ros2_ws/turtlebot3_ws/install/turtlebot3_gazebo/share/turtlebot3_gazebo//models/turtlebot3_autorace_2020/traffic_right
[106.662s] -- Installing: /home/samuelcruz/Laboratorio_Robotica/ros2_ws/turtlebot3_ws/install/turtlebot3_gazebo/share/turtlebot3_gazebo//models/turtlebot3_autorace_2020/traffic_right/model.sdf
[106.663s] -- Installing: /home/samuelcruz/Laboratorio_Robotica/ros2_ws/turtlebot3_ws/install/turtlebot3_gazebo/share/turtlebot3_gazebo//models/turtlebot3_autorace_2020/traffic_right/model.config
[106.664s] -- Installing: /home/samuelcruz/Laboratorio_Robotica/ros2_ws/turtlebot3_ws/install/turtlebot3_gazebo/share/turtlebot3_gazebo//models/turtlebot3_autorace_2020/traffic_right/materials
[106.664s] -- Installing: /home/samuelcruz/Laboratorio_Robotica/ros2_ws/turtlebot3_ws/install/turtlebot3_gazebo/share/turtlebot3_gazebo//models/turtlebot3_autorace_2020/traffic_right/materials/textures
[106.664s] -- Installing: /home/samuelcruz/Laboratorio_Robotica/ros2_ws/turtlebot3_ws/install/turtlebot3_gazebo/share/turtlebot3_gazebo//models/turtlebot3_autorace_2020/traffic_right/materials/textures/traffic_right.png
[106.668s] -- Installing: /home/samuelcruz/Laboratorio_Robotica/ros2_ws/turtlebot3_ws/install/turtlebot3_gazebo/share/turtlebot3_gazebo//models/turtlebot3_autorace_2020/traffic_right/materials/scripts
[106.668s] -- Installing: /home/samuelcruz/Laboratorio_Robotica/ros2_ws/turtlebot3_ws/install/turtlebot3_gazebo/share/turtlebot3_gazebo//models/turtlebot3_autorace_2020/traffic_right/materials/scripts/traffic_right.material
[106.670s] -- Installing: /home/samuelcruz/Laboratorio_Robotica/ros2_ws/turtlebot3_ws/install/turtlebot3_gazebo/share/turtlebot3_gazebo//models/turtlebot3_autorace_2020/checker
[106.670s] -- Installing: /home/samuelcruz/Laboratorio_Robotica/ros2_ws/turtlebot3_ws/install/turtlebot3_gazebo/share/turtlebot3_gazebo//models/turtlebot3_autorace_2020/checker/model.sdf
[106.671s] -- Installing: /home/samuelcruz/Laboratorio_Robotica/ros2_ws/turtlebot3_ws/install/turtlebot3_gazebo/share/turtlebot3_gazebo//models/turtlebot3_autorace_2020/checker/model.config
[106.673s] -- Installing: /home/samuelcruz/Laboratorio_Robotica/ros2_ws/turtlebot3_ws/install/turtlebot3_gazebo/share/turtlebot3_gazebo//models/turtlebot3_autorace_2020/checker/materials
[106.673s] -- Installing: /home/samuelcruz/Laboratorio_Robotica/ros2_ws/turtlebot3_ws/install/turtlebot3_gazebo/share/turtlebot3_gazebo//models/turtlebot3_autorace_2020/checker/materials/textures
[106.673s] -- Installing: /home/samuelcruz/Laboratorio_Robotica/ros2_ws/turtlebot3_ws/install/turtlebot3_gazebo/share/turtlebot3_gazebo//models/turtlebot3_autorace_2020/checker/materials/textures/checker.png
[106.674s] -- Installing: /home/samuelcruz/Laboratorio_Robotica/ros2_ws/turtlebot3_ws/install/turtlebot3_gazebo/share/turtlebot3_gazebo//models/turtlebot3_autorace_2020/checker/materials/checker.png
[106.675s] -- Installing: /home/samuelcruz/Laboratorio_Robotica/ros2_ws/turtlebot3_ws/install/turtlebot3_gazebo/share/turtlebot3_gazebo//models/turtlebot3_autorace_2020/checker/materials/scripts
[106.676s] -- Installing: /home/samuelcruz/Laboratorio_Robotica/ros2_ws/turtlebot3_ws/install/turtlebot3_gazebo/share/turtlebot3_gazebo//models/turtlebot3_autorace_2020/checker/materials/scripts/checker.material
[106.677s] -- Installing: /home/samuelcruz/Laboratorio_Robotica/ros2_ws/turtlebot3_ws/install/turtlebot3_gazebo/share/turtlebot3_gazebo//models/turtlebot3_autorace_2020/traffic_light
[106.678s] -- Installing: /home/samuelcruz/Laboratorio_Robotica/ros2_ws/turtlebot3_ws/install/turtlebot3_gazebo/share/turtlebot3_gazebo//models/turtlebot3_autorace_2020/traffic_light/model.sdf
[106.680s] -- Installing: /home/samuelcruz/Laboratorio_Robotica/ros2_ws/turtlebot3_ws/install/turtlebot3_gazebo/share/turtlebot3_gazebo//models/turtlebot3_autorace_2020/traffic_light/model.config
[106.681s] -- Installing: /home/samuelcruz/Laboratorio_Robotica/ros2_ws/turtlebot3_ws/install/turtlebot3_gazebo/share/turtlebot3_gazebo//models/turtlebot3_autorace_2020/traffic_light/materials
[106.682s] -- Installing: /home/samuelcruz/Laboratorio_Robotica/ros2_ws/turtlebot3_ws/install/turtlebot3_gazebo/share/turtlebot3_gazebo//models/turtlebot3_autorace_2020/traffic_light/materials/textures
[106.682s] -- Installing: /home/samuelcruz/Laboratorio_Robotica/ros2_ws/turtlebot3_ws/install/turtlebot3_gazebo/share/turtlebot3_gazebo//models/turtlebot3_autorace_2020/traffic_light/materials/textures/traffic_light_red.png
[106.683s] -- Installing: /home/samuelcruz/Laboratorio_Robotica/ros2_ws/turtlebot3_ws/install/turtlebot3_gazebo/share/turtlebot3_gazebo//models/turtlebot3_autorace_2020/traffic_light/materials/textures/traffic_light_yellow.png
[106.685s] -- Installing: /home/samuelcruz/Laboratorio_Robotica/ros2_ws/turtlebot3_ws/install/turtlebot3_gazebo/share/turtlebot3_gazebo//models/turtlebot3_autorace_2020/traffic_light/materials/textures/traffic_light.png
[106.686s] -- Installing: /home/samuelcruz/Laboratorio_Robotica/ros2_ws/turtlebot3_ws/install/turtlebot3_gazebo/share/turtlebot3_gazebo//models/turtlebot3_autorace_2020/traffic_light/materials/textures/traffic_light_green.png
[106.687s] -- Installing: /home/samuelcruz/Laboratorio_Robotica/ros2_ws/turtlebot3_ws/install/turtlebot3_gazebo/share/turtlebot3_gazebo//models/turtlebot3_autorace_2020/traffic_light/materials/scripts
[106.687s] -- Installing: /home/samuelcruz/Laboratorio_Robotica/ros2_ws/turtlebot3_ws/install/turtlebot3_gazebo/share/turtlebot3_gazebo//models/turtlebot3_autorace_2020/traffic_light/materials/scripts/traffic_light.material
[106.688s] -- Installing: /home/samuelcruz/Laboratorio_Robotica/ros2_ws/turtlebot3_ws/install/turtlebot3_gazebo/share/turtlebot3_gazebo//models/turtlebot3_autorace_2020/traffic_left
[106.688s] -- Installing: /home/samuelcruz/Laboratorio_Robotica/ros2_ws/turtlebot3_ws/install/turtlebot3_gazebo/share/turtlebot3_gazebo//models/turtlebot3_autorace_2020/traffic_left/model.sdf
[106.689s] -- Installing: /home/samuelcruz/Laboratorio_Robotica/ros2_ws/turtlebot3_ws/install/turtlebot3_gazebo/share/turtlebot3_gazebo//models/turtlebot3_autorace_2020/traffic_left/model.config
[106.690s] -- Installing: /home/samuelcruz/Laboratorio_Robotica/ros2_ws/turtlebot3_ws/install/turtlebot3_gazebo/share/turtlebot3_gazebo//models/turtlebot3_autorace_2020/traffic_left/materials
[106.690s] -- Installing: /home/samuelcruz/Laboratorio_Robotica/ros2_ws/turtlebot3_ws/install/turtlebot3_gazebo/share/turtlebot3_gazebo//models/turtlebot3_autorace_2020/traffic_left/materials/textures
[106.691s] -- Installing: /home/samuelcruz/Laboratorio_Robotica/ros2_ws/turtlebot3_ws/install/turtlebot3_gazebo/share/turtlebot3_gazebo//models/turtlebot3_autorace_2020/traffic_left/materials/textures/traffic_left.png
[106.693s] -- Installing: /home/samuelcruz/Laboratorio_Robotica/ros2_ws/turtlebot3_ws/install/turtlebot3_gazebo/share/turtlebot3_gazebo//models/turtlebot3_autorace_2020/traffic_left/materials/scripts
[106.694s] -- Installing: /home/samuelcruz/Laboratorio_Robotica/ros2_ws/turtlebot3_ws/install/turtlebot3_gazebo/share/turtlebot3_gazebo//models/turtlebot3_autorace_2020/traffic_left/materials/scripts/traffic_is_left.material
[106.695s] -- Installing: /home/samuelcruz/Laboratorio_Robotica/ros2_ws/turtlebot3_ws/install/turtlebot3_gazebo/share/turtlebot3_gazebo//models/turtlebot3_burger_cam
[106.695s] -- Installing: /home/samuelcruz/Laboratorio_Robotica/ros2_ws/turtlebot3_ws/install/turtlebot3_gazebo/share/turtlebot3_gazebo//models/turtlebot3_burger_cam/model.sdf
[106.696s] -- Installing: /home/samuelcruz/Laboratorio_Robotica/ros2_ws/turtlebot3_ws/install/turtlebot3_gazebo/share/turtlebot3_gazebo//models/turtlebot3_burger_cam/model-1_4.sdf
[106.698s] -- Installing: /home/samuelcruz/Laboratorio_Robotica/ros2_ws/turtlebot3_ws/install/turtlebot3_gazebo/share/turtlebot3_gazebo//models/turtlebot3_burger_cam/model.config
[106.699s] -- Installing: /home/samuelcruz/Laboratorio_Robotica/ros2_ws/turtlebot3_ws/install/turtlebot3_gazebo/share/turtlebot3_gazebo//models/turtlebot3_world
[106.699s] -- Installing: /home/samuelcruz/Laboratorio_Robotica/ros2_ws/turtlebot3_ws/install/turtlebot3_gazebo/share/turtlebot3_gazebo//models/turtlebot3_world/model.sdf
[106.710s] -- Installing: /home/samuelcruz/Laboratorio_Robotica/ros2_ws/turtlebot3_ws/install/turtlebot3_gazebo/share/turtlebot3_gazebo//models/turtlebot3_world/model-1_4.sdf
[106.724s] -- Installing: /home/samuelcruz/Laboratorio_Robotica/ros2_ws/turtlebot3_ws/install/turtlebot3_gazebo/share/turtlebot3_gazebo//models/turtlebot3_world/meshes
[106.724s] -- Installing: /home/samuelcruz/Laboratorio_Robotica/ros2_ws/turtlebot3_ws/install/turtlebot3_gazebo/share/turtlebot3_gazebo//models/turtlebot3_world/meshes/wall.dae
[106.726s] -- Installing: /home/samuelcruz/Laboratorio_Robotica/ros2_ws/turtlebot3_ws/install/turtlebot3_gazebo/share/turtlebot3_gazebo//models/turtlebot3_world/meshes/hexagon.dae
[106.728s] -- Installing: /home/samuelcruz/Laboratorio_Robotica/ros2_ws/turtlebot3_ws/install/turtlebot3_gazebo/share/turtlebot3_gazebo//models/turtlebot3_world/model.config
[106.729s] -- Installing: /home/samuelcruz/Laboratorio_Robotica/ros2_ws/turtlebot3_ws/install/turtlebot3_gazebo/share/turtlebot3_gazebo//models/turtlebot3_waffle
[106.730s] -- Installing: /home/samuelcruz/Laboratorio_Robotica/ros2_ws/turtlebot3_ws/install/turtlebot3_gazebo/share/turtlebot3_gazebo//models/turtlebot3_waffle/model.sdf
[106.731s] -- Installing: /home/samuelcruz/Laboratorio_Robotica/ros2_ws/turtlebot3_ws/install/turtlebot3_gazebo/share/turtlebot3_gazebo//models/turtlebot3_waffle/model-1_4.sdf
[106.733s] -- Installing: /home/samuelcruz/Laboratorio_Robotica/ros2_ws/turtlebot3_ws/install/turtlebot3_gazebo/share/turtlebot3_gazebo//models/turtlebot3_waffle/model.config
[106.735s] -- Installing: /home/samuelcruz/Laboratorio_Robotica/ros2_ws/turtlebot3_ws/install/turtlebot3_gazebo/share/turtlebot3_gazebo//models/turtlebot3_common
[106.735s] -- Installing: /home/samuelcruz/Laboratorio_Robotica/ros2_ws/turtlebot3_ws/install/turtlebot3_gazebo/share/turtlebot3_gazebo//models/turtlebot3_common/meshes
[106.735s] -- Installing: /home/samuelcruz/Laboratorio_Robotica/ros2_ws/turtlebot3_ws/install/turtlebot3_gazebo/share/turtlebot3_gazebo//models/turtlebot3_common/meshes/burger_base.dae
[106.736s] -- Installing: /home/samuelcruz/Laboratorio_Robotica/ros2_ws/turtlebot3_ws/install/turtlebot3_gazebo/share/turtlebot3_gazebo//models/turtlebot3_common/meshes/lds.dae
[106.738s] -- Installing: /home/samuelcruz/Laboratorio_Robotica/ros2_ws/turtlebot3_ws/install/turtlebot3_gazebo/share/turtlebot3_gazebo//models/turtlebot3_common/meshes/r200.dae
[106.742s] -- Installing: /home/samuelcruz/Laboratorio_Robotica/ros2_ws/turtlebot3_ws/install/turtlebot3_gazebo/share/turtlebot3_gazebo//models/turtlebot3_common/meshes/tire.dae
[106.745s] -- Installing: /home/samuelcruz/Laboratorio_Robotica/ros2_ws/turtlebot3_ws/install/turtlebot3_gazebo/share/turtlebot3_gazebo//models/turtlebot3_common/meshes/sensors
[106.746s] -- Installing: /home/samuelcruz/Laboratorio_Robotica/ros2_ws/turtlebot3_ws/install/turtlebot3_gazebo/share/turtlebot3_gazebo//models/turtlebot3_common/meshes/sensors/r200.dae
[106.773s] -- Installing: /home/samuelcruz/Laboratorio_Robotica/ros2_ws/turtlebot3_ws/install/turtlebot3_gazebo/share/turtlebot3_gazebo//models/turtlebot3_common/meshes/sensors/lds.stl
[106.781s] -- Installing: /home/samuelcruz/Laboratorio_Robotica/ros2_ws/turtlebot3_ws/install/turtlebot3_gazebo/share/turtlebot3_gazebo//models/turtlebot3_common/meshes/sensors/r200.jpg
[106.783s] -- Installing: /home/samuelcruz/Laboratorio_Robotica/ros2_ws/turtlebot3_ws/install/turtlebot3_gazebo/share/turtlebot3_gazebo//models/turtlebot3_common/meshes/sensors/astra.dae
[106.842s] -- Installing: /home/samuelcruz/Laboratorio_Robotica/ros2_ws/turtlebot3_ws/install/turtlebot3_gazebo/share/turtlebot3_gazebo//models/turtlebot3_common/meshes/sensors/astra.jpg
[106.844s] -- Installing: /home/samuelcruz/Laboratorio_Robotica/ros2_ws/turtlebot3_ws/install/turtlebot3_gazebo/share/turtlebot3_gazebo//models/turtlebot3_common/meshes/bases
[106.844s] -- Installing: /home/samuelcruz/Laboratorio_Robotica/ros2_ws/turtlebot3_ws/install/turtlebot3_gazebo/share/turtlebot3_gazebo//models/turtlebot3_common/meshes/bases/waffle_pi_base.stl
[106.901s] -- Installing: /home/samuelcruz/Laboratorio_Robotica/ros2_ws/turtlebot3_ws/install/turtlebot3_gazebo/share/turtlebot3_gazebo//models/turtlebot3_common/meshes/bases/waffle_base.stl
[107.065s] -- Installing: /home/samuelcruz/Laboratorio_Robotica/ros2_ws/turtlebot3_ws/install/turtlebot3_gazebo/share/turtlebot3_gazebo//models/turtlebot3_common/meshes/bases/burger_base.stl
[107.108s] -- Installing: /home/samuelcruz/Laboratorio_Robotica/ros2_ws/turtlebot3_ws/install/turtlebot3_gazebo/share/turtlebot3_gazebo//models/turtlebot3_common/meshes/waffle_base.dae
[107.108s] -- Installing: /home/samuelcruz/Laboratorio_Robotica/ros2_ws/turtlebot3_ws/install/turtlebot3_gazebo/share/turtlebot3_gazebo//models/turtlebot3_common/meshes/waffle_pi_base.dae
[107.110s] -- Installing: /home/samuelcruz/Laboratorio_Robotica/ros2_ws/turtlebot3_ws/install/turtlebot3_gazebo/share/turtlebot3_gazebo//models/turtlebot3_common/meshes/wheels
[107.111s] -- Installing: /home/samuelcruz/Laboratorio_Robotica/ros2_ws/turtlebot3_ws/install/turtlebot3_gazebo/share/turtlebot3_gazebo//models/turtlebot3_common/meshes/wheels/left_tire.stl
[107.140s] -- Installing: /home/samuelcruz/Laboratorio_Robotica/ros2_ws/turtlebot3_ws/install/turtlebot3_gazebo/share/turtlebot3_gazebo//models/turtlebot3_common/meshes/wheels/right_tire.stl
[107.151s] -- Installing: /home/samuelcruz/Laboratorio_Robotica/ros2_ws/turtlebot3_ws/install/turtlebot3_gazebo/share/turtlebot3_gazebo//models/turtlebot3_common/model.config
[107.152s] -- Installing: /home/samuelcruz/Laboratorio_Robotica/ros2_ws/turtlebot3_ws/install/turtlebot3_gazebo/share/turtlebot3_gazebo//models/turtlebot3_dqn_world
[107.153s] -- Installing: /home/samuelcruz/Laboratorio_Robotica/ros2_ws/turtlebot3_ws/install/turtlebot3_gazebo/share/turtlebot3_gazebo//models/turtlebot3_dqn_world/obstacle2
[107.153s] -- Installing: /home/samuelcruz/Laboratorio_Robotica/ros2_ws/turtlebot3_ws/install/turtlebot3_gazebo/share/turtlebot3_gazebo//models/turtlebot3_dqn_world/obstacle2/model.sdf
[107.154s] -- Installing: /home/samuelcruz/Laboratorio_Robotica/ros2_ws/turtlebot3_ws/install/turtlebot3_gazebo/share/turtlebot3_gazebo//models/turtlebot3_dqn_world/obstacle2/model.config
[107.156s] -- Installing: /home/samuelcruz/Laboratorio_Robotica/ros2_ws/turtlebot3_ws/install/turtlebot3_gazebo/share/turtlebot3_gazebo//models/turtlebot3_dqn_world/obstacles
[107.156s] -- Installing: /home/samuelcruz/Laboratorio_Robotica/ros2_ws/turtlebot3_ws/install/turtlebot3_gazebo/share/turtlebot3_gazebo//models/turtlebot3_dqn_world/obstacles/model.sdf
[107.157s] -- Installing: /home/samuelcruz/Laboratorio_Robotica/ros2_ws/turtlebot3_ws/install/turtlebot3_gazebo/share/turtlebot3_gazebo//models/turtlebot3_dqn_world/obstacles/model.config
[107.158s] -- Installing: /home/samuelcruz/Laboratorio_Robotica/ros2_ws/turtlebot3_ws/install/turtlebot3_gazebo/share/turtlebot3_gazebo//models/turtlebot3_dqn_world/model.sdf
[107.158s] -- Installing: /home/samuelcruz/Laboratorio_Robotica/ros2_ws/turtlebot3_ws/install/turtlebot3_gazebo/share/turtlebot3_gazebo//models/turtlebot3_dqn_world/goal_box
[107.158s] -- Installing: /home/samuelcruz/Laboratorio_Robotica/ros2_ws/turtlebot3_ws/install/turtlebot3_gazebo/share/turtlebot3_gazebo//models/turtlebot3_dqn_world/goal_box/model.sdf
[107.159s] -- Installing: /home/samuelcruz/Laboratorio_Robotica/ros2_ws/turtlebot3_ws/install/turtlebot3_gazebo/share/turtlebot3_gazebo//models/turtlebot3_dqn_world/goal_box/model.config
[107.161s] -- Installing: /home/samuelcruz/Laboratorio_Robotica/ros2_ws/turtlebot3_ws/install/turtlebot3_gazebo/share/turtlebot3_gazebo//models/turtlebot3_dqn_world/inner_walls
[107.161s] -- Installing: /home/samuelcruz/Laboratorio_Robotica/ros2_ws/turtlebot3_ws/install/turtlebot3_gazebo/share/turtlebot3_gazebo//models/turtlebot3_dqn_world/inner_walls/model.sdf
[107.162s] -- Installing: /home/samuelcruz/Laboratorio_Robotica/ros2_ws/turtlebot3_ws/install/turtlebot3_gazebo/share/turtlebot3_gazebo//models/turtlebot3_dqn_world/inner_walls/model.config
[107.166s] -- Installing: /home/samuelcruz/Laboratorio_Robotica/ros2_ws/turtlebot3_ws/install/turtlebot3_gazebo/share/turtlebot3_gazebo//models/turtlebot3_dqn_world/model.config
[107.166s] -- Installing: /home/samuelcruz/Laboratorio_Robotica/ros2_ws/turtlebot3_ws/install/turtlebot3_gazebo/share/turtlebot3_gazebo//models/turtlebot3_dqn_world/obstacle1
[107.167s] -- Installing: /home/samuelcruz/Laboratorio_Robotica/ros2_ws/turtlebot3_ws/install/turtlebot3_gazebo/share/turtlebot3_gazebo//models/turtlebot3_dqn_world/obstacle1/model.sdf
[107.167s] -- Installing: /home/samuelcruz/Laboratorio_Robotica/ros2_ws/turtlebot3_ws/install/turtlebot3_gazebo/share/turtlebot3_gazebo//models/turtlebot3_dqn_world/obstacle1/model.config
[107.167s] -- Installing: /home/samuelcruz/Laboratorio_Robotica/ros2_ws/turtlebot3_ws/install/turtlebot3_gazebo/share/turtlebot3_gazebo//models/turtlebot3_house
[107.168s] -- Installing: /home/samuelcruz/Laboratorio_Robotica/ros2_ws/turtlebot3_ws/install/turtlebot3_gazebo/share/turtlebot3_gazebo//models/turtlebot3_house/model.sdf
[107.198s] -- Installing: /home/samuelcruz/Laboratorio_Robotica/ros2_ws/turtlebot3_ws/install/turtlebot3_gazebo/share/turtlebot3_gazebo//models/turtlebot3_house/model.config
[107.199s] -- Installing: /home/samuelcruz/Laboratorio_Robotica/ros2_ws/turtlebot3_ws/install/turtlebot3_gazebo/share/turtlebot3_gazebo//models/turtlebot3_waffle_pi
[107.199s] -- Installing: /home/samuelcruz/Laboratorio_Robotica/ros2_ws/turtlebot3_ws/install/turtlebot3_gazebo/share/turtlebot3_gazebo//models/turtlebot3_waffle_pi/model-1_4_.sdf
[107.200s] -- Installing: /home/samuelcruz/Laboratorio_Robotica/ros2_ws/turtlebot3_ws/install/turtlebot3_gazebo/share/turtlebot3_gazebo//models/turtlebot3_waffle_pi/model.sdf
[107.201s] -- Installing: /home/samuelcruz/Laboratorio_Robotica/ros2_ws/turtlebot3_ws/install/turtlebot3_gazebo/share/turtlebot3_gazebo//models/turtlebot3_waffle_pi/model.config
[107.202s] -- Installing: /home/samuelcruz/Laboratorio_Robotica/ros2_ws/turtlebot3_ws/install/turtlebot3_gazebo/share/turtlebot3_gazebo//rviz
[107.202s] -- Installing: /home/samuelcruz/Laboratorio_Robotica/ros2_ws/turtlebot3_ws/install/turtlebot3_gazebo/share/turtlebot3_gazebo//rviz/tb3_gazebo.rviz
[107.203s] -- Installing: /home/samuelcruz/Laboratorio_Robotica/ros2_ws/turtlebot3_ws/install/turtlebot3_gazebo/share/turtlebot3_gazebo//urdf
[107.203s] -- Installing: /home/samuelcruz/Laboratorio_Robotica/ros2_ws/turtlebot3_ws/install/turtlebot3_gazebo/share/turtlebot3_gazebo//urdf/turtlebot3_burger.urdf
[107.204s] -- Installing: /home/samuelcruz/Laboratorio_Robotica/ros2_ws/turtlebot3_ws/install/turtlebot3_gazebo/share/turtlebot3_gazebo//urdf/common_properties.urdf
[107.205s] -- Installing: /home/samuelcruz/Laboratorio_Robotica/ros2_ws/turtlebot3_ws/install/turtlebot3_gazebo/share/turtlebot3_gazebo//urdf/turtlebot3_burger_cam.urdf
[107.206s] -- Installing: /home/samuelcruz/Laboratorio_Robotica/ros2_ws/turtlebot3_ws/install/turtlebot3_gazebo/share/turtlebot3_gazebo//urdf/turtlebot3_waffle.urdf
[107.207s] -- Installing: /home/samuelcruz/Laboratorio_Robotica/ros2_ws/turtlebot3_ws/install/turtlebot3_gazebo/share/turtlebot3_gazebo//urdf/turtlebot3_waffle_pi.urdf
[107.207s] -- Installing: /home/samuelcruz/Laboratorio_Robotica/ros2_ws/turtlebot3_ws/install/turtlebot3_gazebo/share/turtlebot3_gazebo//worlds
[107.208s] -- Installing: /home/samuelcruz/Laboratorio_Robotica/ros2_ws/turtlebot3_ws/install/turtlebot3_gazebo/share/turtlebot3_gazebo//worlds/turtlebot3_dqn_stage1.world
[107.208s] -- Installing: /home/samuelcruz/Laboratorio_Robotica/ros2_ws/turtlebot3_ws/install/turtlebot3_gazebo/share/turtlebot3_gazebo//worlds/turtlebot3_autorace_2020.world
[107.212s] -- Installing: /home/samuelcruz/Laboratorio_Robotica/ros2_ws/turtlebot3_ws/install/turtlebot3_gazebo/share/turtlebot3_gazebo//worlds/turtlebot3_house.world
[107.213s] -- Installing: /home/samuelcruz/Laboratorio_Robotica/ros2_ws/turtlebot3_ws/install/turtlebot3_gazebo/share/turtlebot3_gazebo//worlds/turtlebot3_world.world
[107.214s] -- Installing: /home/samuelcruz/Laboratorio_Robotica/ros2_ws/turtlebot3_ws/install/turtlebot3_gazebo/share/turtlebot3_gazebo//worlds/turtlebot3_dqn_stage2.world
[107.215s] -- Installing: /home/samuelcruz/Laboratorio_Robotica/ros2_ws/turtlebot3_ws/install/turtlebot3_gazebo/share/turtlebot3_gazebo//worlds/turtlebot3_dqn_stage3.world
[107.216s] -- Installing: /home/samuelcruz/Laboratorio_Robotica/ros2_ws/turtlebot3_ws/install/turtlebot3_gazebo/share/turtlebot3_gazebo//worlds/turtlebot3_dqn_stage4.world
[107.217s] -- Installing: /home/samuelcruz/Laboratorio_Robotica/ros2_ws/turtlebot3_ws/install/turtlebot3_gazebo/share/turtlebot3_gazebo//worlds/empty_world.world
[107.218s] -- Installing: /home/samuelcruz/Laboratorio_Robotica/ros2_ws/turtlebot3_ws/install/turtlebot3_gazebo/include/
[107.218s] -- Installing: /home/samuelcruz/Laboratorio_Robotica/ros2_ws/turtlebot3_ws/install/turtlebot3_gazebo/include//turtlebot3_gazebo
[107.218s] -- Installing: /home/samuelcruz/Laboratorio_Robotica/ros2_ws/turtlebot3_ws/install/turtlebot3_gazebo/include//turtlebot3_gazebo/traffic_bar_plugin.hpp
[107.219s] -- Installing: /home/samuelcruz/Laboratorio_Robotica/ros2_ws/turtlebot3_ws/install/turtlebot3_gazebo/include//turtlebot3_gazebo/traffic_light_plugin.hpp
[107.219s] -- Installing: /home/samuelcruz/Laboratorio_Robotica/ros2_ws/turtlebot3_ws/install/turtlebot3_gazebo/include//turtlebot3_gazebo/obstacle1.hpp
[107.219s] -- Installing: /home/samuelcruz/Laboratorio_Robotica/ros2_ws/turtlebot3_ws/install/turtlebot3_gazebo/include//turtlebot3_gazebo/obstacle2.hpp
[107.219s] -- Installing: /home/samuelcruz/Laboratorio_Robotica/ros2_ws/turtlebot3_ws/install/turtlebot3_gazebo/include//turtlebot3_gazebo/turtlebot3_drive.hpp
[107.219s] -- Installing: /home/samuelcruz/Laboratorio_Robotica/ros2_ws/turtlebot3_ws/install/turtlebot3_gazebo/include//turtlebot3_gazebo/obstacles.hpp
[107.220s] -- Installing: /home/samuelcruz/Laboratorio_Robotica/ros2_ws/turtlebot3_ws/install/turtlebot3_gazebo/share/ament_index/resource_index/package_run_dependencies/turtlebot3_gazebo
[107.221s] -- Installing: /home/samuelcruz/Laboratorio_Robotica/ros2_ws/turtlebot3_ws/install/turtlebot3_gazebo/share/ament_index/resource_index/parent_prefix_path/turtlebot3_gazebo
[107.222s] -- Installing: /home/samuelcruz/Laboratorio_Robotica/ros2_ws/turtlebot3_ws/install/turtlebot3_gazebo/share/turtlebot3_gazebo/environment/ament_prefix_path.sh
[107.222s] -- Installing: /home/samuelcruz/Laboratorio_Robotica/ros2_ws/turtlebot3_ws/install/turtlebot3_gazebo/share/turtlebot3_gazebo/environment/ament_prefix_path.dsv
[107.223s] -- Installing: /home/samuelcruz/Laboratorio_Robotica/ros2_ws/turtlebot3_ws/install/turtlebot3_gazebo/share/turtlebot3_gazebo/environment/path.sh
[107.223s] -- Installing: /home/samuelcruz/Laboratorio_Robotica/ros2_ws/turtlebot3_ws/install/turtlebot3_gazebo/share/turtlebot3_gazebo/environment/path.dsv
[107.224s] -- Installing: /home/samuelcruz/Laboratorio_Robotica/ros2_ws/turtlebot3_ws/install/turtlebot3_gazebo/share/turtlebot3_gazebo/local_setup.bash
[107.225s] -- Installing: /home/samuelcruz/Laboratorio_Robotica/ros2_ws/turtlebot3_ws/install/turtlebot3_gazebo/share/turtlebot3_gazebo/local_setup.sh
[107.226s] -- Installing: /home/samuelcruz/Laboratorio_Robotica/ros2_ws/turtlebot3_ws/install/turtlebot3_gazebo/share/turtlebot3_gazebo/local_setup.zsh
[107.227s] -- Installing: /home/samuelcruz/Laboratorio_Robotica/ros2_ws/turtlebot3_ws/install/turtlebot3_gazebo/share/turtlebot3_gazebo/local_setup.dsv
[107.230s] -- Installing: /home/samuelcruz/Laboratorio_Robotica/ros2_ws/turtlebot3_ws/install/turtlebot3_gazebo/share/turtlebot3_gazebo/package.dsv
[107.232s] -- Installing: /home/samuelcruz/Laboratorio_Robotica/ros2_ws/turtlebot3_ws/install/turtlebot3_gazebo/share/ament_index/resource_index/packages/turtlebot3_gazebo
[107.232s] -- Installing: /home/samuelcruz/Laboratorio_Robotica/ros2_ws/turtlebot3_ws/install/turtlebot3_gazebo/share/turtlebot3_gazebo/cmake/ament_cmake_export_include_directories-extras.cmake
[107.233s] -- Installing: /home/samuelcruz/Laboratorio_Robotica/ros2_ws/turtlebot3_ws/install/turtlebot3_gazebo/share/turtlebot3_gazebo/cmake/ament_cmake_export_dependencies-extras.cmake
[107.234s] -- Installing: /home/samuelcruz/Laboratorio_Robotica/ros2_ws/turtlebot3_ws/install/turtlebot3_gazebo/share/turtlebot3_gazebo/cmake/turtlebot3_gazeboConfig.cmake
[107.235s] -- Installing: /home/samuelcruz/Laboratorio_Robotica/ros2_ws/turtlebot3_ws/install/turtlebot3_gazebo/share/turtlebot3_gazebo/cmake/turtlebot3_gazeboConfig-version.cmake
[107.236s] -- Installing: /home/samuelcruz/Laboratorio_Robotica/ros2_ws/turtlebot3_ws/install/turtlebot3_gazebo/share/turtlebot3_gazebo/package.xml
[107.243s] Invoked command in '/home/samuelcruz/Laboratorio_Robotica/ros2_ws/turtlebot3_ws/build/turtlebot3_gazebo' returned '0': CMAKE_PREFIX_PATH=${CMAKE_PREFIX_PATH}:/home/samuelcruz/Laboratorio_Robotica/ros2_ws/turtlebot3_ws/install/turtlebot3_teleop:/home/samuelcruz/Laboratorio_Robotica/ros2_ws/turtlebot3_ws/install/turtlebot3_example:/opt/ros/humble /usr/bin/cmake --install /home/samuelcruz/Laboratorio_Robotica/ros2_ws/turtlebot3_ws/build/turtlebot3_gazebo
