[0.834s] Invoking command in '/home/samuelcruz/ros2_ws/src/my_turtle_controller': CONDA_PROMPT_MODIFIER=(base) PYTHONPATH=/home/samuelcruz/ros2_ws/build/my_turtle_controller/prefix_override:/usr/lib/python3/dist-packages/colcon_core/task/python/colcon_distutils_commands:/home/samuelcruz/ros2_ws/install/my_turtle_controller/lib/python3.10/site-packages:${PYTHONPATH} /usr/bin/python3 -W ignore:setup.py install is deprecated -W ignore:easy_install command is deprecated setup.py egg_info --egg-base ../../build/my_turtle_controller build --build-base /home/samuelcruz/ros2_ws/build/my_turtle_controller/build install --record /home/samuelcruz/ros2_ws/build/my_turtle_controller/install.log --single-version-externally-managed install_data
[1.073s] running egg_info
[1.082s] writing ../../build/my_turtle_controller/my_turtle_controller.egg-info/PKG-INFO
[1.082s] writing dependency_links to ../../build/my_turtle_controller/my_turtle_controller.egg-info/dependency_links.txt
[1.086s] writing entry points to ../../build/my_turtle_controller/my_turtle_controller.egg-info/entry_points.txt
[1.086s] writing requirements to ../../build/my_turtle_controller/my_turtle_controller.egg-info/requires.txt
[1.087s] writing top-level names to ../../build/my_turtle_controller/my_turtle_controller.egg-info/top_level.txt
[1.095s] reading manifest file '../../build/my_turtle_controller/my_turtle_controller.egg-info/SOURCES.txt'
[1.096s] writing manifest file '../../build/my_turtle_controller/my_turtle_controller.egg-info/SOURCES.txt'
[1.097s] running build
[1.097s] running build_py
[1.097s] copying my_turtle_controller/move_turtle.py -> /home/samuelcruz/ros2_ws/build/my_turtle_controller/build/lib/my_turtle_controller
[1.097s] running install
[1.097s] running install_lib
[1.102s] copying /home/samuelcruz/ros2_ws/build/my_turtle_controller/build/lib/my_turtle_controller/move_turtle.py -> /home/samuelcruz/ros2_ws/install/my_turtle_controller/lib/python3.10/site-packages/my_turtle_controller
[1.102s] byte-compiling /home/samuelcruz/ros2_ws/install/my_turtle_controller/lib/python3.10/site-packages/my_turtle_controller/move_turtle.py to move_turtle.cpython-310.pyc
[1.104s] running install_data
[1.104s] running install_egg_info
[1.107s] removing '/home/samuelcruz/ros2_ws/install/my_turtle_controller/lib/python3.10/site-packages/my_turtle_controller-0.0.0-py3.10.egg-info' (and everything under it)
[1.107s] Copying ../../build/my_turtle_controller/my_turtle_controller.egg-info to /home/samuelcruz/ros2_ws/install/my_turtle_controller/lib/python3.10/site-packages/my_turtle_controller-0.0.0-py3.10.egg-info
[1.108s] running install_scripts
[1.128s] Installing move_turtle script to /home/samuelcruz/ros2_ws/install/my_turtle_controller/lib/my_turtle_controller
[1.129s] writing list of installed files to '/home/samuelcruz/ros2_ws/build/my_turtle_controller/install.log'
[1.163s] Invoked command in '/home/samuelcruz/ros2_ws/src/my_turtle_controller' returned '0': CONDA_PROMPT_MODIFIER=(base) PYTHONPATH=/home/samuelcruz/ros2_ws/build/my_turtle_controller/prefix_override:/usr/lib/python3/dist-packages/colcon_core/task/python/colcon_distutils_commands:/home/samuelcruz/ros2_ws/install/my_turtle_controller/lib/python3.10/site-packages:${PYTHONPATH} /usr/bin/python3 -W ignore:setup.py install is deprecated -W ignore:easy_install command is deprecated setup.py egg_info --egg-base ../../build/my_turtle_controller build --build-base /home/samuelcruz/ros2_ws/build/my_turtle_controller/build install --record /home/samuelcruz/ros2_ws/build/my_turtle_controller/install.log --single-version-externally-managed install_data
