[0.016s] Invoking command in '/home/samuelcruz/Laboratorio_Robotica/ros2_ws/turtlebot3_ws/build/dynamixel_sdk_examples': AMENT_PREFIX_PATH=/home/samuelcruz/Laboratorio_Robotica/ros2_ws/turtlebot3_ws/install/dynamixel_sdk_custom_interfaces:/home/samuelcruz/Laboratorio_Robotica/ros2_ws/turtlebot3_ws/install/dynamixel_sdk:${AMENT_PREFIX_PATH} CMAKE_PREFIX_PATH=/home/samuelcruz/Laboratorio_Robotica/ros2_ws/turtlebot3_ws/install/dynamixel_sdk_custom_interfaces:/home/samuelcruz/Laboratorio_Robotica/ros2_ws/turtlebot3_ws/install/dynamixel_sdk:/opt/ros/humble LD_LIBRARY_PATH=/home/samuelcruz/Laboratorio_Robotica/ros2_ws/turtlebot3_ws/install/dynamixel_sdk_custom_interfaces/lib:/home/samuelcruz/Laboratorio_Robotica/ros2_ws/turtlebot3_ws/install/dynamixel_sdk/lib:${LD_LIBRARY_PATH} PYTHONPATH=/home/samuelcruz/Laboratorio_Robotica/ros2_ws/turtlebot3_ws/install/dynamixel_sdk_custom_interfaces/local/lib/python3.10/dist-packages:/home/samuelcruz/Laboratorio_Robotica/ros2_ws/turtlebot3_ws/install/dynamixel_sdk/local/lib/python3.10/dist-packages:${PYTHONPATH} /usr/bin/cmake /home/samuelcruz/Laboratorio_Robotica/ros2_ws/turtlebot3_ws/src/DynamixelSDK/ros/dynamixel_sdk_examples -DCMAKE_INSTALL_PREFIX=/home/samuelcruz/Laboratorio_Robotica/ros2_ws/turtlebot3_ws/install/dynamixel_sdk_examples
[0.096s] -- The C compiler identification is GNU 11.4.0
[0.814s] -- The CXX compiler identification is GNU 11.4.0
[0.841s] -- Detecting C compiler ABI info
[0.948s] -- Detecting C compiler ABI info - done
[0.960s] -- Check for working C compiler: /usr/bin/cc - skipped
[0.961s] -- Detecting C compile features
[0.961s] -- Detecting C compile features - done
[0.965s] -- Detecting CXX compiler ABI info
[1.099s] -- Detecting CXX compiler ABI info - done
[1.111s] -- Check for working CXX compiler: /usr/bin/c++ - skipped
[1.112s] -- Detecting CXX compile features
[1.113s] -- Detecting CXX compile features - done
[1.117s] -- Found ament_cmake: 1.3.11 (/opt/ros/humble/share/ament_cmake/cmake)
[1.347s] -- Found Python3: /usr/bin/python3 (found version "3.10.12") found components: Interpreter 
[1.475s] -- Found dynamixel_sdk: 3.8.3 (/home/samuelcruz/Laboratorio_Robotica/ros2_ws/turtlebot3_ws/install/dynamixel_sdk/share/dynamixel_sdk/cmake)
[1.477s] -- Found dynamixel_sdk_custom_interfaces: 3.8.3 (/home/samuelcruz/Laboratorio_Robotica/ros2_ws/turtlebot3_ws/install/dynamixel_sdk_custom_interfaces/share/dynamixel_sdk_custom_interfaces/cmake)
[1.513s] -- Found rosidl_generator_c: 3.1.6 (/opt/ros/humble/share/rosidl_generator_c/cmake)
[1.518s] -- Found rosidl_adapter: 3.1.6 (/opt/ros/humble/share/rosidl_adapter/cmake)
[1.526s] -- Found rosidl_generator_cpp: 3.1.6 (/opt/ros/humble/share/rosidl_generator_cpp/cmake)
[1.539s] -- Using all available rosidl_typesupport_c: rosidl_typesupport_fastrtps_c;rosidl_typesupport_introspection_c
[1.555s] -- Using all available rosidl_typesupport_cpp: rosidl_typesupport_fastrtps_cpp;rosidl_typesupport_introspection_cpp
[1.625s] -- Found rclcpp: 16.0.12 (/opt/ros/humble/share/rclcpp/cmake)
[1.759s] -- Found rmw_implementation_cmake: 6.1.2 (/opt/ros/humble/share/rmw_implementation_cmake/cmake)
[1.791s] -- Found rmw_fastrtps_cpp: 6.2.7 (/opt/ros/humble/share/rmw_fastrtps_cpp/cmake)
[2.188s] -- Found OpenSSL: /usr/lib/x86_64-linux-gnu/libcrypto.so (found version "3.0.2")  
[2.253s] -- Found FastRTPS: /opt/ros/humble/include  
[2.336s] -- Using RMW implementation 'rmw_fastrtps_cpp' as default
[2.378s] -- Looking for pthread.h
[2.523s] -- Looking for pthread.h - found
[2.526s] -- Performing Test CMAKE_HAVE_LIBC_PTHREAD
[2.667s] -- Performing Test CMAKE_HAVE_LIBC_PTHREAD - Success
[2.679s] -- Found Threads: TRUE  
[2.966s] -- Found rclpy: 3.3.16 (/opt/ros/humble/share/rclpy/cmake)
[2.969s] -- Found ament_lint_auto: 0.12.12 (/opt/ros/humble/share/ament_lint_auto/cmake)
[3.163s] -- Added test 'copyright' to check source files copyright and LICENSE
[3.177s] -- Added test 'cppcheck' to perform static code analysis on C / C++ code
[3.178s] -- Configured cppcheck include dirs: /home/samuelcruz/Laboratorio_Robotica/ros2_ws/turtlebot3_ws/src/DynamixelSDK/ros/dynamixel_sdk_examples/include
[3.178s] -- Configured cppcheck exclude dirs and/or files: 
[3.181s] -- Added test 'cpplint' to check C / C++ code against the Google style
[3.181s] -- Configured cpplint exclude dirs and/or files: 
[3.182s] -- Added test 'flake8' to check Python code syntax and style conventions
[3.184s] -- Added test 'lint_cmake' to check CMake code style
[3.185s] -- Added test 'pep257' to check Python code against some of the docstring style conventions in PEP 257
[3.189s] -- Added test 'uncrustify' to check C / C++ code style
[3.189s] -- Configured uncrustify additional arguments: 
[3.193s] -- Added test 'xmllint' to check XML markup files
[3.195s] -- Configuring done
[3.208s] -- Generating done
[3.233s] -- Build files have been written to: /home/samuelcruz/Laboratorio_Robotica/ros2_ws/turtlebot3_ws/build/dynamixel_sdk_examples
[3.243s] Invoked command in '/home/samuelcruz/Laboratorio_Robotica/ros2_ws/turtlebot3_ws/build/dynamixel_sdk_examples' returned '0': AMENT_PREFIX_PATH=/home/samuelcruz/Laboratorio_Robotica/ros2_ws/turtlebot3_ws/install/dynamixel_sdk_custom_interfaces:/home/samuelcruz/Laboratorio_Robotica/ros2_ws/turtlebot3_ws/install/dynamixel_sdk:${AMENT_PREFIX_PATH} CMAKE_PREFIX_PATH=/home/samuelcruz/Laboratorio_Robotica/ros2_ws/turtlebot3_ws/install/dynamixel_sdk_custom_interfaces:/home/samuelcruz/Laboratorio_Robotica/ros2_ws/turtlebot3_ws/install/dynamixel_sdk:/opt/ros/humble LD_LIBRARY_PATH=/home/samuelcruz/Laboratorio_Robotica/ros2_ws/turtlebot3_ws/install/dynamixel_sdk_custom_interfaces/lib:/home/samuelcruz/Laboratorio_Robotica/ros2_ws/turtlebot3_ws/install/dynamixel_sdk/lib:${LD_LIBRARY_PATH} PYTHONPATH=/home/samuelcruz/Laboratorio_Robotica/ros2_ws/turtlebot3_ws/install/dynamixel_sdk_custom_interfaces/local/lib/python3.10/dist-packages:/home/samuelcruz/Laboratorio_Robotica/ros2_ws/turtlebot3_ws/install/dynamixel_sdk/local/lib/python3.10/dist-packages:${PYTHONPATH} /usr/bin/cmake /home/samuelcruz/Laboratorio_Robotica/ros2_ws/turtlebot3_ws/src/DynamixelSDK/ros/dynamixel_sdk_examples -DCMAKE_INSTALL_PREFIX=/home/samuelcruz/Laboratorio_Robotica/ros2_ws/turtlebot3_ws/install/dynamixel_sdk_examples
[3.243s] Invoking command in '/home/samuelcruz/Laboratorio_Robotica/ros2_ws/turtlebot3_ws/build/dynamixel_sdk_examples': AMENT_PREFIX_PATH=/home/samuelcruz/Laboratorio_Robotica/ros2_ws/turtlebot3_ws/install/dynamixel_sdk_custom_interfaces:/home/samuelcruz/Laboratorio_Robotica/ros2_ws/turtlebot3_ws/install/dynamixel_sdk:${AMENT_PREFIX_PATH} CMAKE_PREFIX_PATH=/home/samuelcruz/Laboratorio_Robotica/ros2_ws/turtlebot3_ws/install/dynamixel_sdk_custom_interfaces:/home/samuelcruz/Laboratorio_Robotica/ros2_ws/turtlebot3_ws/install/dynamixel_sdk:/opt/ros/humble LD_LIBRARY_PATH=/home/samuelcruz/Laboratorio_Robotica/ros2_ws/turtlebot3_ws/install/dynamixel_sdk_custom_interfaces/lib:/home/samuelcruz/Laboratorio_Robotica/ros2_ws/turtlebot3_ws/install/dynamixel_sdk/lib:${LD_LIBRARY_PATH} PYTHONPATH=/home/samuelcruz/Laboratorio_Robotica/ros2_ws/turtlebot3_ws/install/dynamixel_sdk_custom_interfaces/local/lib/python3.10/dist-packages:/home/samuelcruz/Laboratorio_Robotica/ros2_ws/turtlebot3_ws/install/dynamixel_sdk/local/lib/python3.10/dist-packages:${PYTHONPATH} /usr/bin/cmake --build /home/samuelcruz/Laboratorio_Robotica/ros2_ws/turtlebot3_ws/build/dynamixel_sdk_examples -- -j2 -l2
[3.380s] [ 50%] [32mBuilding CXX object CMakeFiles/read_write_node.dir/src/read_write_node.cpp.o[0m
[21.172s] [100%] [32m[1mLinking CXX executable read_write_node[0m
[23.005s] [100%] Built target read_write_node
[23.072s] Invoked command in '/home/samuelcruz/Laboratorio_Robotica/ros2_ws/turtlebot3_ws/build/dynamixel_sdk_examples' returned '0': AMENT_PREFIX_PATH=/home/samuelcruz/Laboratorio_Robotica/ros2_ws/turtlebot3_ws/install/dynamixel_sdk_custom_interfaces:/home/samuelcruz/Laboratorio_Robotica/ros2_ws/turtlebot3_ws/install/dynamixel_sdk:${AMENT_PREFIX_PATH} CMAKE_PREFIX_PATH=/home/samuelcruz/Laboratorio_Robotica/ros2_ws/turtlebot3_ws/install/dynamixel_sdk_custom_interfaces:/home/samuelcruz/Laboratorio_Robotica/ros2_ws/turtlebot3_ws/install/dynamixel_sdk:/opt/ros/humble LD_LIBRARY_PATH=/home/samuelcruz/Laboratorio_Robotica/ros2_ws/turtlebot3_ws/install/dynamixel_sdk_custom_interfaces/lib:/home/samuelcruz/Laboratorio_Robotica/ros2_ws/turtlebot3_ws/install/dynamixel_sdk/lib:${LD_LIBRARY_PATH} PYTHONPATH=/home/samuelcruz/Laboratorio_Robotica/ros2_ws/turtlebot3_ws/install/dynamixel_sdk_custom_interfaces/local/lib/python3.10/dist-packages:/home/samuelcruz/Laboratorio_Robotica/ros2_ws/turtlebot3_ws/install/dynamixel_sdk/local/lib/python3.10/dist-packages:${PYTHONPATH} /usr/bin/cmake --build /home/samuelcruz/Laboratorio_Robotica/ros2_ws/turtlebot3_ws/build/dynamixel_sdk_examples -- -j2 -l2
[23.075s] Invoking command in '/home/samuelcruz/Laboratorio_Robotica/ros2_ws/turtlebot3_ws/build/dynamixel_sdk_examples': AMENT_PREFIX_PATH=/home/samuelcruz/Laboratorio_Robotica/ros2_ws/turtlebot3_ws/install/dynamixel_sdk_custom_interfaces:/home/samuelcruz/Laboratorio_Robotica/ros2_ws/turtlebot3_ws/install/dynamixel_sdk:${AMENT_PREFIX_PATH} CMAKE_PREFIX_PATH=/home/samuelcruz/Laboratorio_Robotica/ros2_ws/turtlebot3_ws/install/dynamixel_sdk_custom_interfaces:/home/samuelcruz/Laboratorio_Robotica/ros2_ws/turtlebot3_ws/install/dynamixel_sdk:/opt/ros/humble LD_LIBRARY_PATH=/home/samuelcruz/Laboratorio_Robotica/ros2_ws/turtlebot3_ws/install/dynamixel_sdk_custom_interfaces/lib:/home/samuelcruz/Laboratorio_Robotica/ros2_ws/turtlebot3_ws/install/dynamixel_sdk/lib:${LD_LIBRARY_PATH} PYTHONPATH=/home/samuelcruz/Laboratorio_Robotica/ros2_ws/turtlebot3_ws/install/dynamixel_sdk_custom_interfaces/local/lib/python3.10/dist-packages:/home/samuelcruz/Laboratorio_Robotica/ros2_ws/turtlebot3_ws/install/dynamixel_sdk/local/lib/python3.10/dist-packages:${PYTHONPATH} /usr/bin/cmake --install /home/samuelcruz/Laboratorio_Robotica/ros2_ws/turtlebot3_ws/build/dynamixel_sdk_examples
[23.087s] -- Install configuration: ""
[23.088s] -- Installing: /home/samuelcruz/Laboratorio_Robotica/ros2_ws/turtlebot3_ws/install/dynamixel_sdk_examples/lib/dynamixel_sdk_examples/read_write_node
[23.106s] -- Set runtime path of "/home/samuelcruz/Laboratorio_Robotica/ros2_ws/turtlebot3_ws/install/dynamixel_sdk_examples/lib/dynamixel_sdk_examples/read_write_node" to ""
[23.119s] -- Installing: /home/samuelcruz/Laboratorio_Robotica/ros2_ws/turtlebot3_ws/install/dynamixel_sdk_examples/lib/dynamixel_sdk_examples/read_write_node.py
[23.120s] -- Installing: /home/samuelcruz/Laboratorio_Robotica/ros2_ws/turtlebot3_ws/install/dynamixel_sdk_examples/share/ament_index/resource_index/package_run_dependencies/dynamixel_sdk_examples
[23.121s] -- Installing: /home/samuelcruz/Laboratorio_Robotica/ros2_ws/turtlebot3_ws/install/dynamixel_sdk_examples/share/ament_index/resource_index/parent_prefix_path/dynamixel_sdk_examples
[23.122s] -- Installing: /home/samuelcruz/Laboratorio_Robotica/ros2_ws/turtlebot3_ws/install/dynamixel_sdk_examples/share/dynamixel_sdk_examples/environment/ament_prefix_path.sh
[23.122s] -- Installing: /home/samuelcruz/Laboratorio_Robotica/ros2_ws/turtlebot3_ws/install/dynamixel_sdk_examples/share/dynamixel_sdk_examples/environment/ament_prefix_path.dsv
[23.123s] -- Installing: /home/samuelcruz/Laboratorio_Robotica/ros2_ws/turtlebot3_ws/install/dynamixel_sdk_examples/share/dynamixel_sdk_examples/environment/path.sh
[23.123s] -- Installing: /home/samuelcruz/Laboratorio_Robotica/ros2_ws/turtlebot3_ws/install/dynamixel_sdk_examples/share/dynamixel_sdk_examples/environment/path.dsv
[23.135s] -- Installing: /home/samuelcruz/Laboratorio_Robotica/ros2_ws/turtlebot3_ws/install/dynamixel_sdk_examples/share/dynamixel_sdk_examples/local_setup.bash
[23.138s] -- Installing: /home/samuelcruz/Laboratorio_Robotica/ros2_ws/turtlebot3_ws/install/dynamixel_sdk_examples/share/dynamixel_sdk_examples/local_setup.sh
[23.138s] -- Installing: /home/samuelcruz/Laboratorio_Robotica/ros2_ws/turtlebot3_ws/install/dynamixel_sdk_examples/share/dynamixel_sdk_examples/local_setup.zsh
[23.138s] -- Installing: /home/samuelcruz/Laboratorio_Robotica/ros2_ws/turtlebot3_ws/install/dynamixel_sdk_examples/share/dynamixel_sdk_examples/local_setup.dsv
[23.139s] -- Installing: /home/samuelcruz/Laboratorio_Robotica/ros2_ws/turtlebot3_ws/install/dynamixel_sdk_examples/share/dynamixel_sdk_examples/package.dsv
[23.140s] -- Installing: /home/samuelcruz/Laboratorio_Robotica/ros2_ws/turtlebot3_ws/install/dynamixel_sdk_examples/share/ament_index/resource_index/packages/dynamixel_sdk_examples
[23.142s] -- Installing: /home/samuelcruz/Laboratorio_Robotica/ros2_ws/turtlebot3_ws/install/dynamixel_sdk_examples/share/dynamixel_sdk_examples/cmake/dynamixel_sdk_examplesConfig.cmake
[23.146s] -- Installing: /home/samuelcruz/Laboratorio_Robotica/ros2_ws/turtlebot3_ws/install/dynamixel_sdk_examples/share/dynamixel_sdk_examples/cmake/dynamixel_sdk_examplesConfig-version.cmake
[23.146s] -- Installing: /home/samuelcruz/Laboratorio_Robotica/ros2_ws/turtlebot3_ws/install/dynamixel_sdk_examples/share/dynamixel_sdk_examples/package.xml
[23.150s] Invoked command in '/home/samuelcruz/Laboratorio_Robotica/ros2_ws/turtlebot3_ws/build/dynamixel_sdk_examples' returned '0': AMENT_PREFIX_PATH=/home/samuelcruz/Laboratorio_Robotica/ros2_ws/turtlebot3_ws/install/dynamixel_sdk_custom_interfaces:/home/samuelcruz/Laboratorio_Robotica/ros2_ws/turtlebot3_ws/install/dynamixel_sdk:${AMENT_PREFIX_PATH} CMAKE_PREFIX_PATH=/home/samuelcruz/Laboratorio_Robotica/ros2_ws/turtlebot3_ws/install/dynamixel_sdk_custom_interfaces:/home/samuelcruz/Laboratorio_Robotica/ros2_ws/turtlebot3_ws/install/dynamixel_sdk:/opt/ros/humble LD_LIBRARY_PATH=/home/samuelcruz/Laboratorio_Robotica/ros2_ws/turtlebot3_ws/install/dynamixel_sdk_custom_interfaces/lib:/home/samuelcruz/Laboratorio_Robotica/ros2_ws/turtlebot3_ws/install/dynamixel_sdk/lib:${LD_LIBRARY_PATH} PYTHONPATH=/home/samuelcruz/Laboratorio_Robotica/ros2_ws/turtlebot3_ws/install/dynamixel_sdk_custom_interfaces/local/lib/python3.10/dist-packages:/home/samuelcruz/Laboratorio_Robotica/ros2_ws/turtlebot3_ws/install/dynamixel_sdk/local/lib/python3.10/dist-packages:${PYTHONPATH} /usr/bin/cmake --install /home/samuelcruz/Laboratorio_Robotica/ros2_ws/turtlebot3_ws/build/dynamixel_sdk_examples
